[ 2016-08-22T09:41:09+08:00 ] ::1 /oaReport/
INFO: [ app_init ] --START--
INFO: Run Behavior\BuildLiteBehavior [ RunTime:0.000022s ]
INFO: [ app_init ] --END-- [ RunTime:0.000692s ]
INFO: [ app_begin ] --START--
INFO: Run Behavior\ReadHtmlCacheBehavior [ RunTime:0.001026s ]
INFO: [ app_begin ] --END-- [ RunTime:0.001130s ]

[ 2016-08-22T09:41:44+08:00 ] ::1 /oaReport/
INFO: [ app_init ] --START--
INFO: Run Behavior\BuildLiteBehavior [ RunTime:0.000020s ]
INFO: [ app_init ] --END-- [ RunTime:0.000427s ]
INFO: [ app_begin ] --START--
INFO: Run Behavior\ReadHtmlCacheBehavior [ RunTime:0.000877s ]
INFO: [ app_begin ] --END-- [ RunTime:0.000970s ]
INFO: [ view_parse ] --START--
NOTIC: [8] Undefined offset: 1 C:\wamp\www\oaReport\ThinkPHP\Library\Think\Template\TagLib\Cx.class.php 第 495 行.
NOTIC: [8] Undefined offset: 1 C:\wamp\www\oaReport\ThinkPHP\Library\Think\Template\TagLib\Cx.class.php 第 495 行.
INFO: [ template_filter ] --START--
INFO: Run Behavior\ContentReplaceBehavior [ RunTime:0.000053s ]
INFO: [ template_filter ] --END-- [ RunTime:0.000151s ]
INFO: Run Behavior\ParseTemplateBehavior [ RunTime:0.012143s ]
INFO: [ view_parse ] --END-- [ RunTime:0.012241s ]
INFO: [ view_filter ] --START--
INFO: Run Behavior\WriteHtmlCacheBehavior [ RunTime:0.000766s ]
INFO: [ view_filter ] --END-- [ RunTime:0.000853s ]
INFO: [ app_end ] --START--
INFO: Run Behavior\ShowPageTraceBehavior [ RunTime:0.000887s ]
INFO: [ app_end ] --END-- [ RunTime:0.000975s ]

[ 2016-08-22T09:42:19+08:00 ] ::1 /oaReport/index.php?s=/Home/Index/comeOut
INFO: [ app_init ] --START--
INFO: Run Behavior\BuildLiteBehavior [ RunTime:0.000022s ]
INFO: [ app_init ] --END-- [ RunTime:0.000498s ]
INFO: [ app_begin ] --START--
INFO: Run Behavior\ReadHtmlCacheBehavior [ RunTime:0.000953s ]
INFO: [ app_begin ] --END-- [ RunTime:0.001054s ]
NOTIC: [8192] mysql_connect(): The mysql extension is deprecated and will be removed in the future: use mysqli or PDO instead C:\wamp\www\oaReport\ThinkPHP\Library\Think\Db\Driver\Mysql.class.php 第 52 行.
SQL: SHOW COLUMNS FROM `ComeOutHead` [ RunTime:0.001891s ]
SQL: SELECT ComeOutHead.Comeout_Date,ComeOutHead.Tape_No,ComeOutHead.Comeout_Memo,ComeOutHead.Contract_Id,Material.Material_Name,ComeOutBody.Qty,Material.Material_Unit,ComeOutBody.Price,ComeOutBody.Amount FROM `ComeOutHead` INNER JOIN ComeOutBody on ComeOutHead.Tape_No = ComeOutBody.Tape_No INNER JOIN Material on ComeOutBody.Material_Id = Material.Material_Id  WHERE ( (ComeOutHead.Comeout_Date >= '2016-06-06') AND (ComeOutHead.Comeout_Date <= '2016-07-22')  ) ORDER BY Comeout_Date asc  [ RunTime:0.021815s ]

[ 2016-08-22T09:55:52+08:00 ] ::1 /oaReport/
INFO: [ app_init ] --START--
INFO: Run Behavior\BuildLiteBehavior [ RunTime:0.000021s ]
INFO: [ app_init ] --END-- [ RunTime:0.000443s ]
INFO: [ app_begin ] --START--
INFO: Run Behavior\ReadHtmlCacheBehavior [ RunTime:0.001016s ]
INFO: [ app_begin ] --END-- [ RunTime:0.001118s ]
INFO: [ view_parse ] --START--
NOTIC: [8] Undefined offset: 1 C:\wamp\www\oaReport\ThinkPHP\Library\Think\Template\TagLib\Cx.class.php 第 495 行.
NOTIC: [8] Undefined offset: 1 C:\wamp\www\oaReport\ThinkPHP\Library\Think\Template\TagLib\Cx.class.php 第 495 行.
INFO: [ template_filter ] --START--
INFO: Run Behavior\ContentReplaceBehavior [ RunTime:0.000053s ]
INFO: [ template_filter ] --END-- [ RunTime:0.000143s ]
INFO: Run Behavior\ParseTemplateBehavior [ RunTime:0.007525s ]
INFO: [ view_parse ] --END-- [ RunTime:0.007675s ]
INFO: [ view_filter ] --START--
INFO: Run Behavior\WriteHtmlCacheBehavior [ RunTime:0.000847s ]
INFO: [ view_filter ] --END-- [ RunTime:0.000935s ]
INFO: [ app_end ] --START--
INFO: Run Behavior\ShowPageTraceBehavior [ RunTime:0.001104s ]
INFO: [ app_end ] --END-- [ RunTime:0.001196s ]

[ 2016-08-22T10:23:50+08:00 ] ::1 /oaReport/
INFO: [ app_init ] --START--
INFO: Run Behavior\BuildLiteBehavior [ RunTime:0.000023s ]
INFO: [ app_init ] --END-- [ RunTime:0.000492s ]
INFO: [ app_begin ] --START--
INFO: Run Behavior\ReadHtmlCacheBehavior [ RunTime:0.001198s ]
INFO: [ app_begin ] --END-- [ RunTime:0.001314s ]
INFO: [ view_parse ] --START--
NOTIC: [8] Undefined offset: 1 C:\wamp\www\oaReport\ThinkPHP\Library\Think\Template\TagLib\Cx.class.php 第 495 行.
NOTIC: [8] Undefined offset: 1 C:\wamp\www\oaReport\ThinkPHP\Library\Think\Template\TagLib\Cx.class.php 第 495 行.
INFO: [ template_filter ] --START--
INFO: Run Behavior\ContentReplaceBehavior [ RunTime:0.000052s ]
INFO: [ template_filter ] --END-- [ RunTime:0.000139s ]
INFO: Run Behavior\ParseTemplateBehavior [ RunTime:0.006732s ]
INFO: [ view_parse ] --END-- [ RunTime:0.006877s ]
INFO: [ view_filter ] --START--
INFO: Run Behavior\WriteHtmlCacheBehavior [ RunTime:0.001272s ]
INFO: [ view_filter ] --END-- [ RunTime:0.001364s ]
INFO: [ app_end ] --START--
INFO: Run Behavior\ShowPageTraceBehavior [ RunTime:0.000987s ]
INFO: [ app_end ] --END-- [ RunTime:0.001077s ]

[ 2016-08-22T10:24:17+08:00 ] ::1 /oaReport/index.php?s=/Home/Index/Inum
INFO: [ app_init ] --START--
INFO: Run Behavior\BuildLiteBehavior [ RunTime:0.000021s ]
INFO: [ app_init ] --END-- [ RunTime:0.000447s ]
INFO: [ app_begin ] --START--
INFO: Run Behavior\ReadHtmlCacheBehavior [ RunTime:0.001007s ]
INFO: [ app_begin ] --END-- [ RunTime:0.001116s ]
NOTIC: [8192] mysql_connect(): The mysql extension is deprecated and will be removed in the future: use mysqli or PDO instead C:\wamp\www\oaReport\ThinkPHP\Library\Think\Db\Driver\Mysql.class.php 第 52 行.
SQL: SHOW COLUMNS FROM `ComeInHead` [ RunTime:0.003547s ]
SQL: SELECT ComeInHead.Tape_No,SSupplier.SSupplier_Name,ComeInHead.Comein_Date,ComeInBody.ShenTape_No,Material.Material_Name,Material.Material_Unit,ComeInBody.Price,ComeInBody.Qty,ComeInBody.Amount FROM `ComeInHead` INNER JOIN SSupplier on ComeInHead.SSupplier_Id = SSupplier.SSupplier_Id INNER JOIN ComeInBody on ComeInHead.Tape_No = ComeInBody.Tape_No INNER JOIN Material on ComeInBody.Material_Id = Material.Material_Id  WHERE ( ComeInHead.Tape_No = 'IN-0158' ) ORDER BY ComeInHead.Tape_No asc  [ RunTime:0.003550s ]

[ 2016-08-22T10:25:22+08:00 ] ::1 /oaReport/index.php?s=/Home/Index/Onum
INFO: [ app_init ] --START--
INFO: Run Behavior\BuildLiteBehavior [ RunTime:0.000023s ]
INFO: [ app_init ] --END-- [ RunTime:0.000553s ]
INFO: [ app_begin ] --START--
INFO: Run Behavior\ReadHtmlCacheBehavior [ RunTime:0.001042s ]
INFO: [ app_begin ] --END-- [ RunTime:0.001154s ]
NOTIC: [8192] mysql_connect(): The mysql extension is deprecated and will be removed in the future: use mysqli or PDO instead C:\wamp\www\oaReport\ThinkPHP\Library\Think\Db\Driver\Mysql.class.php 第 52 行.
SQL: SHOW COLUMNS FROM `ComeOutHead` [ RunTime:0.001700s ]
SQL: SELECT ComeOutHead.Tape_No,ComeOutHead.Comeout_Date,ComeOutHead.Comeout_Memo,ComeOutHead.Contract_Id,Material.Material_Name,ComeOutBody.Qty,Material.Material_Unit,ComeOutBody.Price,ComeOutBody.Amount FROM `ComeOutHead` INNER JOIN ComeOutBody on ComeOutHead.Tape_No = ComeOutBody.Tape_No INNER JOIN Material on ComeOutBody.Material_Id = Material.Material_Id  WHERE ( ComeOutHead.Tape_No = 'OUT-0015' ) ORDER BY ComeInHead.Tape_No asc  [ RunTime:0.001210s ]
ERR: 1054:Unknown column 'ComeInHead.Tape_No' in 'order clause'
 [ SQL语句 ] : SELECT ComeOutHead.Tape_No,ComeOutHead.Comeout_Date,ComeOutHead.Comeout_Memo,ComeOutHead.Contract_Id,Material.Material_Name,ComeOutBody.Qty,Material.Material_Unit,ComeOutBody.Price,ComeOutBody.Amount FROM `ComeOutHead` INNER JOIN ComeOutBody on ComeOutHead.Tape_No = ComeOutBody.Tape_No INNER JOIN Material on ComeOutBody.Material_Id = Material.Material_Id  WHERE ( ComeOutHead.Tape_No = 'OUT-0015' ) ORDER BY ComeInHead.Tape_No asc 

[ 2016-08-22T10:26:30+08:00 ] ::1 /oaReport/index.php?s=/Home/Index/Onum
INFO: [ app_init ] --START--
INFO: Run Behavior\BuildLiteBehavior [ RunTime:0.000023s ]
INFO: [ app_init ] --END-- [ RunTime:0.000465s ]
INFO: [ app_begin ] --START--
INFO: Run Behavior\ReadHtmlCacheBehavior [ RunTime:0.001114s ]
INFO: [ app_begin ] --END-- [ RunTime:0.001228s ]
NOTIC: [8192] mysql_connect(): The mysql extension is deprecated and will be removed in the future: use mysqli or PDO instead C:\wamp\www\oaReport\ThinkPHP\Library\Think\Db\Driver\Mysql.class.php 第 52 行.
SQL: SHOW COLUMNS FROM `ComeOutHead` [ RunTime:0.001722s ]
SQL: SELECT ComeOutHead.Tape_No,ComeOutHead.Comeout_Date,ComeOutHead.Comeout_Memo,ComeOutHead.Contract_Id,Material.Material_Name,ComeOutBody.Qty,Material.Material_Unit,ComeOutBody.Price,ComeOutBody.Amount FROM `ComeOutHead` INNER JOIN ComeOutBody on ComeOutHead.Tape_No = ComeOutBody.Tape_No INNER JOIN Material on ComeOutBody.Material_Id = Material.Material_Id  WHERE ( ComeOutHead.Tape_No = 'OUT-0015' ) ORDER BY ComeInHead.Tape_No asc  [ RunTime:0.001142s ]
ERR: 1054:Unknown column 'ComeInHead.Tape_No' in 'order clause'
 [ SQL语句 ] : SELECT ComeOutHead.Tape_No,ComeOutHead.Comeout_Date,ComeOutHead.Comeout_Memo,ComeOutHead.Contract_Id,Material.Material_Name,ComeOutBody.Qty,Material.Material_Unit,ComeOutBody.Price,ComeOutBody.Amount FROM `ComeOutHead` INNER JOIN ComeOutBody on ComeOutHead.Tape_No = ComeOutBody.Tape_No INNER JOIN Material on ComeOutBody.Material_Id = Material.Material_Id  WHERE ( ComeOutHead.Tape_No = 'OUT-0015' ) ORDER BY ComeInHead.Tape_No asc 

[ 2016-08-22T10:26:41+08:00 ] ::1 /oaReport/index.php?s=/Home/Index/Onum
INFO: [ app_init ] --START--
INFO: Run Behavior\BuildLiteBehavior [ RunTime:0.000021s ]
INFO: [ app_init ] --END-- [ RunTime:0.000439s ]
INFO: [ app_begin ] --START--
INFO: Run Behavior\ReadHtmlCacheBehavior [ RunTime:0.001198s ]
INFO: [ app_begin ] --END-- [ RunTime:0.001326s ]
NOTIC: [8192] mysql_connect(): The mysql extension is deprecated and will be removed in the future: use mysqli or PDO instead C:\wamp\www\oaReport\ThinkPHP\Library\Think\Db\Driver\Mysql.class.php 第 52 行.
SQL: SHOW COLUMNS FROM `ComeOutHead` [ RunTime:0.010440s ]
SQL: SELECT ComeOutHead.Tape_No,ComeOutHead.Comeout_Date,ComeOutHead.Comeout_Memo,ComeOutHead.Contract_Id,Material.Material_Name,ComeOutBody.Qty,Material.Material_Unit,ComeOutBody.Price,ComeOutBody.Amount FROM `ComeOutHead` INNER JOIN ComeOutBody on ComeOutHead.Tape_No = ComeOutBody.Tape_No INNER JOIN Material on ComeOutBody.Material_Id = Material.Material_Id  WHERE ( ComeOutHead.Tape_No = 'OUT-0015' ) ORDER BY ComeInHead.Tape_No asc  [ RunTime:0.005425s ]
ERR: 1054:Unknown column 'ComeInHead.Tape_No' in 'order clause'
 [ SQL语句 ] : SELECT ComeOutHead.Tape_No,ComeOutHead.Comeout_Date,ComeOutHead.Comeout_Memo,ComeOutHead.Contract_Id,Material.Material_Name,ComeOutBody.Qty,Material.Material_Unit,ComeOutBody.Price,ComeOutBody.Amount FROM `ComeOutHead` INNER JOIN ComeOutBody on ComeOutHead.Tape_No = ComeOutBody.Tape_No INNER JOIN Material on ComeOutBody.Material_Id = Material.Material_Id  WHERE ( ComeOutHead.Tape_No = 'OUT-0015' ) ORDER BY ComeInHead.Tape_No asc 

[ 2016-08-22T10:27:24+08:00 ] ::1 /oaReport/
INFO: [ app_init ] --START--
INFO: Run Behavior\BuildLiteBehavior [ RunTime:0.000022s ]
INFO: [ app_init ] --END-- [ RunTime:0.000459s ]
INFO: [ app_begin ] --START--
INFO: Run Behavior\ReadHtmlCacheBehavior [ RunTime:0.000999s ]
INFO: [ app_begin ] --END-- [ RunTime:0.001103s ]
INFO: [ view_parse ] --START--
NOTIC: [8] Undefined offset: 1 C:\wamp\www\oaReport\ThinkPHP\Library\Think\Template\TagLib\Cx.class.php 第 495 行.
NOTIC: [8] Undefined offset: 1 C:\wamp\www\oaReport\ThinkPHP\Library\Think\Template\TagLib\Cx.class.php 第 495 行.
INFO: [ template_filter ] --START--
INFO: Run Behavior\ContentReplaceBehavior [ RunTime:0.000077s ]
INFO: [ template_filter ] --END-- [ RunTime:0.000187s ]
INFO: Run Behavior\ParseTemplateBehavior [ RunTime:0.007611s ]
INFO: [ view_parse ] --END-- [ RunTime:0.007718s ]
INFO: [ view_filter ] --START--
INFO: Run Behavior\WriteHtmlCacheBehavior [ RunTime:0.000856s ]
INFO: [ view_filter ] --END-- [ RunTime:0.000961s ]
INFO: [ app_end ] --START--
INFO: Run Behavior\ShowPageTraceBehavior [ RunTime:0.001015s ]
INFO: [ app_end ] --END-- [ RunTime:0.001113s ]

[ 2016-08-22T10:27:26+08:00 ] ::1 /oaReport/index.php?s=/Home/Index/Onum
INFO: [ app_init ] --START--
INFO: Run Behavior\BuildLiteBehavior [ RunTime:0.000022s ]
INFO: [ app_init ] --END-- [ RunTime:0.000412s ]
INFO: [ app_begin ] --START--
INFO: Run Behavior\ReadHtmlCacheBehavior [ RunTime:0.000919s ]
INFO: [ app_begin ] --END-- [ RunTime:0.001020s ]
NOTIC: [8192] mysql_connect(): The mysql extension is deprecated and will be removed in the future: use mysqli or PDO instead C:\wamp\www\oaReport\ThinkPHP\Library\Think\Db\Driver\Mysql.class.php 第 52 行.
SQL: SHOW COLUMNS FROM `ComeOutHead` [ RunTime:0.001701s ]
SQL: SELECT ComeOutHead.Tape_No,ComeOutHead.Comeout_Date,ComeOutHead.Comeout_Memo,ComeOutHead.Contract_Id,Material.Material_Name,ComeOutBody.Qty,Material.Material_Unit,ComeOutBody.Price,ComeOutBody.Amount FROM `ComeOutHead` INNER JOIN ComeOutBody on ComeOutHead.Tape_No = ComeOutBody.Tape_No INNER JOIN Material on ComeOutBody.Material_Id = Material.Material_Id  WHERE ( ComeOutHead.Tape_No = 'OUT-0015' ) ORDER BY ComeInHead.Tape_No asc  [ RunTime:0.001281s ]
ERR: 1054:Unknown column 'ComeInHead.Tape_No' in 'order clause'
 [ SQL语句 ] : SELECT ComeOutHead.Tape_No,ComeOutHead.Comeout_Date,ComeOutHead.Comeout_Memo,ComeOutHead.Contract_Id,Material.Material_Name,ComeOutBody.Qty,Material.Material_Unit,ComeOutBody.Price,ComeOutBody.Amount FROM `ComeOutHead` INNER JOIN ComeOutBody on ComeOutHead.Tape_No = ComeOutBody.Tape_No INNER JOIN Material on ComeOutBody.Material_Id = Material.Material_Id  WHERE ( ComeOutHead.Tape_No = 'OUT-0015' ) ORDER BY ComeInHead.Tape_No asc 

[ 2016-08-22T10:28:32+08:00 ] ::1 /oaReport/index.php?s=/Home/Index/Onum
INFO: [ app_init ] --START--
INFO: Run Behavior\BuildLiteBehavior [ RunTime:0.000021s ]
INFO: [ app_init ] --END-- [ RunTime:0.000433s ]
INFO: [ app_begin ] --START--
INFO: Run Behavior\ReadHtmlCacheBehavior [ RunTime:0.000953s ]
INFO: [ app_begin ] --END-- [ RunTime:0.001052s ]
NOTIC: [8192] mysql_connect(): The mysql extension is deprecated and will be removed in the future: use mysqli or PDO instead C:\wamp\www\oaReport\ThinkPHP\Library\Think\Db\Driver\Mysql.class.php 第 52 行.
SQL: SHOW COLUMNS FROM `ComeOutHead` [ RunTime:0.001801s ]
SQL: SELECT ComeOutHead.Tape_No,ComeOutHead.Comeout_Date,ComeOutHead.Comeout_Memo,ComeOutHead.Contract_Id,Material.Material_Name,ComeOutBody.Qty,Material.Material_Unit,ComeOutBody.Price,ComeOutBody.Amount FROM `ComeOutHead` INNER JOIN ComeOutBody on ComeOutHead.Tape_No = ComeOutBody.Tape_No INNER JOIN Material on ComeOutBody.Material_Id = Material.Material_Id  WHERE ( ComeOutHead.Tape_No = 'OUT-0015' ) ORDER BY ComeOutHead.Tape_No asc  [ RunTime:0.003396s ]

[ 2016-08-22T10:43:25+08:00 ] ::1 /oaReport/
INFO: [ app_init ] --START--
INFO: Run Behavior\BuildLiteBehavior [ RunTime:0.000024s ]
INFO: [ app_init ] --END-- [ RunTime:0.000548s ]
INFO: [ app_begin ] --START--
INFO: Run Behavior\ReadHtmlCacheBehavior [ RunTime:0.001096s ]
INFO: [ app_begin ] --END-- [ RunTime:0.001213s ]
INFO: [ view_parse ] --START--
NOTIC: [8] Undefined offset: 1 C:\wamp\www\oaReport\ThinkPHP\Library\Think\Template\TagLib\Cx.class.php 第 495 行.
NOTIC: [8] Undefined offset: 1 C:\wamp\www\oaReport\ThinkPHP\Library\Think\Template\TagLib\Cx.class.php 第 495 行.
INFO: [ template_filter ] --START--
INFO: Run Behavior\ContentReplaceBehavior [ RunTime:0.000055s ]
INFO: [ template_filter ] --END-- [ RunTime:0.000146s ]
INFO: Run Behavior\ParseTemplateBehavior [ RunTime:0.007327s ]
INFO: [ view_parse ] --END-- [ RunTime:0.007447s ]
INFO: [ view_filter ] --START--
INFO: Run Behavior\WriteHtmlCacheBehavior [ RunTime:0.000786s ]
INFO: [ view_filter ] --END-- [ RunTime:0.000874s ]
INFO: [ app_end ] --START--
INFO: Run Behavior\ShowPageTraceBehavior [ RunTime:0.001142s ]
INFO: [ app_end ] --END-- [ RunTime:0.001243s ]

[ 2016-08-22T10:43:46+08:00 ] ::1 /oaReport/index.php?s=/Home/Index/GNum
INFO: [ app_init ] --START--
INFO: Run Behavior\BuildLiteBehavior [ RunTime:0.000022s ]
INFO: [ app_init ] --END-- [ RunTime:0.000459s ]
INFO: [ app_begin ] --START--
INFO: Run Behavior\ReadHtmlCacheBehavior [ RunTime:0.000997s ]
INFO: [ app_begin ] --END-- [ RunTime:0.001104s ]
NOTIC: [8192] mysql_connect(): The mysql extension is deprecated and will be removed in the future: use mysqli or PDO instead C:\wamp\www\oaReport\ThinkPHP\Library\Think\Db\Driver\Mysql.class.php 第 52 行.
SQL: SHOW COLUMNS FROM `ClaimPay` [ RunTime:0.002753s ]
SQL: SELECT GongCheng.GC_ID,ClaimPay.Claim_ID,Contract.Contract_ID,Suptract.Suptract_ID,ClaimPay.Claim_Shoukuan,ClaimPay.Claim_ShuoMing,ClaimPay.Claim_Amount,GongCheng.GC_Name,GongCheng.GC_Memo,GongCheng.GC_JuesuanGC,Material.Material_Name,ComeOutBody.Qty,ComeOutBody.Price,GongCheng.Creator,GongCheng.GC_StartDate,GongCheng.GC_EndDate,ClaimPay.Createtime,ComeOutHead.Tape_No FROM `ClaimPay` LEFT JOIN Claim_Gongcheng ON ClaimPay.Claim_ID = Claim_Gongcheng.Claim_ID LEFT JOIN GongCheng ON Claim_Gongcheng.GC_ID = GongCheng.GC_ID LEFT JOIN ComeOutHead ON GongCheng.GC_ID = ComeOutHead.GC_Id LEFT JOIN ComeOutBody ON ComeOutHead.Tape_No =ComeOutBody.Tape_No LEFT JOIN Material ON ComeOutBody.Material_Id =Material.Material_Id LEFT JOIN Claim_Contract ON ClaimPay.Claim_ID = Claim_Contract.Claim_ID LEFT JOIN Contract ON Claim_Contract.Contract_ID = Contract.Contract_ID LEFT JOIN ComeAPOutHead ON Contract.Contract_ID = ComeAPOutHead.Contract_Id LEFT JOIN Claim_ComeIn ON ClaimPay.Claim_ID = Claim_ComeIn.Claim_ID LEFT JOIN ComeInHead ON Claim_ComeIn.Tape_No = ComeInHead.Tape_No LEFT JOIN ComeInBody ON ComeInHead.Tape_No = ComeInBody.Tape_No LEFT JOIN Claim_Suptract ON ClaimPay.Claim_ID = Claim_Suptract.Claim_ID LEFT JOIN Suptract ON Claim_Suptract.Suptract_ID = Suptract.Supplier_Id  WHERE ( GongCheng.GC_ID = 'GC-0008' ) GROUP BY GongCheng.GC_ID,Contract.Contract_ID,ComeInHead.Tape_No,Suptract.Suptract_ID ORDER BY GongCheng.GC_ID ASC  [ RunTime:0.020543s ]

[ 2016-08-22T10:44:32+08:00 ] ::1 /oaReport/index.php?s=/Home/Index/conNum
INFO: [ app_init ] --START--
INFO: Run Behavior\BuildLiteBehavior [ RunTime:0.000022s ]
INFO: [ app_init ] --END-- [ RunTime:0.000456s ]
INFO: [ app_begin ] --START--
INFO: Run Behavior\ReadHtmlCacheBehavior [ RunTime:0.000972s ]
INFO: [ app_begin ] --END-- [ RunTime:0.001083s ]
NOTIC: [8192] mysql_connect(): The mysql extension is deprecated and will be removed in the future: use mysqli or PDO instead C:\wamp\www\oaReport\ThinkPHP\Library\Think\Db\Driver\Mysql.class.php 第 52 行.
SQL: SHOW COLUMNS FROM `ClaimPay` [ RunTime:0.005769s ]
SQL: SELECT Contract.Contract_ID,GongCheng.GC_ID,ClaimPay.Claim_ID,Suptract.Suptract_ID,ClaimPay.Claim_Shoukuan,ClaimPay.Claim_ShuoMing,ClaimPay.Claim_Amount,GongCheng.GC_Name,GongCheng.GC_Memo,GongCheng.GC_JuesuanGC,Material.Material_Name,ComeOutBody.Qty,ComeOutBody.Price,GongCheng.Creator,GongCheng.GC_StartDate,GongCheng.GC_EndDate,ClaimPay.Createtime,ComeOutHead.Tape_No FROM `ClaimPay` LEFT JOIN Claim_Gongcheng ON ClaimPay.Claim_ID = Claim_Gongcheng.Claim_ID LEFT JOIN GongCheng ON Claim_Gongcheng.GC_ID = GongCheng.GC_ID LEFT JOIN ComeOutHead ON GongCheng.GC_ID = ComeOutHead.GC_Id LEFT JOIN ComeOutBody ON ComeOutHead.Tape_No =ComeOutBody.Tape_No LEFT JOIN Material ON ComeOutBody.Material_Id =Material.Material_Id LEFT JOIN Claim_Contract ON ClaimPay.Claim_ID = Claim_Contract.Claim_ID LEFT JOIN Contract ON Claim_Contract.Contract_ID = Contract.Contract_ID LEFT JOIN ComeAPOutHead ON Contract.Contract_ID = ComeAPOutHead.Contract_Id LEFT JOIN Claim_ComeIn ON ClaimPay.Claim_ID = Claim_ComeIn.Claim_ID LEFT JOIN ComeInHead ON Claim_ComeIn.Tape_No = ComeInHead.Tape_No LEFT JOIN ComeInBody ON ComeInHead.Tape_No = ComeInBody.Tape_No LEFT JOIN Claim_Suptract ON ClaimPay.Claim_ID = Claim_Suptract.Claim_ID LEFT JOIN Suptract ON Claim_Suptract.Suptract_ID = Suptract.Supplier_Id  WHERE ( Contract.Contract_ID = 'NET-1002-1405' ) GROUP BY GongCheng.GC_ID,Contract.Contract_ID,ComeInHead.Tape_No,Suptract.Suptract_ID ORDER BY Contract.Contract_ID  [ RunTime:0.016546s ]

[ 2016-08-22T10:46:11+08:00 ] ::1 /oaReport/index.php?s=/Home/Index/conNum
INFO: [ app_init ] --START--
INFO: Run Behavior\BuildLiteBehavior [ RunTime:0.000021s ]
INFO: [ app_init ] --END-- [ RunTime:0.000413s ]
INFO: [ app_begin ] --START--
INFO: Run Behavior\ReadHtmlCacheBehavior [ RunTime:0.000930s ]
INFO: [ app_begin ] --END-- [ RunTime:0.001024s ]
NOTIC: [8192] mysql_connect(): The mysql extension is deprecated and will be removed in the future: use mysqli or PDO instead C:\wamp\www\oaReport\ThinkPHP\Library\Think\Db\Driver\Mysql.class.php 第 52 行.
SQL: SHOW COLUMNS FROM `ClaimPay` [ RunTime:0.001867s ]
SQL: SELECT Contract.Contract_ID,GongCheng.GC_ID,ClaimPay.Claim_ID,Suptract.Suptract_ID,ClaimPay.Claim_Shoukuan,ClaimPay.Claim_ShuoMing,ClaimPay.Claim_Amount,GongCheng.GC_Name,GongCheng.GC_Memo,GongCheng.GC_JuesuanGC,Material.Material_Name,ComeOutBody.Qty,ComeOutBody.Price,GongCheng.Creator,GongCheng.GC_StartDate,GongCheng.GC_EndDate,ClaimPay.Createtime,ComeOutHead.Tape_No FROM `ClaimPay` LEFT JOIN Claim_Gongcheng ON ClaimPay.Claim_ID = Claim_Gongcheng.Claim_ID LEFT JOIN GongCheng ON Claim_Gongcheng.GC_ID = GongCheng.GC_ID LEFT JOIN ComeOutHead ON GongCheng.GC_ID = ComeOutHead.GC_Id LEFT JOIN ComeOutBody ON ComeOutHead.Tape_No =ComeOutBody.Tape_No LEFT JOIN Material ON ComeOutBody.Material_Id =Material.Material_Id LEFT JOIN Claim_Contract ON ClaimPay.Claim_ID = Claim_Contract.Claim_ID LEFT JOIN Contract ON Claim_Contract.Contract_ID = Contract.Contract_ID LEFT JOIN ComeAPOutHead ON Contract.Contract_ID = ComeAPOutHead.Contract_Id LEFT JOIN Claim_ComeIn ON ClaimPay.Claim_ID = Claim_ComeIn.Claim_ID LEFT JOIN ComeInHead ON Claim_ComeIn.Tape_No = ComeInHead.Tape_No LEFT JOIN ComeInBody ON ComeInHead.Tape_No = ComeInBody.Tape_No LEFT JOIN Claim_Suptract ON ClaimPay.Claim_ID = Claim_Suptract.Claim_ID LEFT JOIN Suptract ON Claim_Suptract.Suptract_ID = Suptract.Supplier_Id  WHERE ( Contract.Contract_ID = 'NET-201205-483' ) GROUP BY GongCheng.GC_ID,Contract.Contract_ID,ComeInHead.Tape_No,Suptract.Suptract_ID ORDER BY Contract.Contract_ID  [ RunTime:0.033265s ]

[ 2016-08-22T15:03:17+08:00 ] ::1 /oaReport/
INFO: [ app_init ] --START--
INFO: Run Behavior\BuildLiteBehavior [ RunTime:0.000021s ]
INFO: [ app_init ] --END-- [ RunTime:0.000468s ]
INFO: [ app_begin ] --START--
INFO: Run Behavior\ReadHtmlCacheBehavior [ RunTime:0.001147s ]
INFO: [ app_begin ] --END-- [ RunTime:0.001279s ]
INFO: [ view_parse ] --START--
NOTIC: [8] Undefined offset: 1 C:\wamp\www\oaReport\ThinkPHP\Library\Think\Template\TagLib\Cx.class.php 第 495 行.
NOTIC: [8] Undefined offset: 1 C:\wamp\www\oaReport\ThinkPHP\Library\Think\Template\TagLib\Cx.class.php 第 495 行.
INFO: [ template_filter ] --START--
INFO: Run Behavior\ContentReplaceBehavior [ RunTime:0.000065s ]
INFO: [ template_filter ] --END-- [ RunTime:0.000174s ]
INFO: Run Behavior\ParseTemplateBehavior [ RunTime:0.008008s ]
INFO: [ view_parse ] --END-- [ RunTime:0.008116s ]
INFO: [ view_filter ] --START--
INFO: Run Behavior\WriteHtmlCacheBehavior [ RunTime:0.000850s ]
INFO: [ view_filter ] --END-- [ RunTime:0.000954s ]
INFO: [ app_end ] --START--
INFO: Run Behavior\ShowPageTraceBehavior [ RunTime:0.000999s ]
INFO: [ app_end ] --END-- [ RunTime:0.001103s ]

