[ 2016-08-23T16:34:24+08:00 ] ::1 /oaReport/
INFO: [ app_init ] --START--
INFO: Run Behavior\BuildLiteBehavior [ RunTime:0.000021s ]
INFO: [ app_init ] --END-- [ RunTime:0.000516s ]
INFO: [ app_begin ] --START--
INFO: Run Behavior\ReadHtmlCacheBehavior [ RunTime:0.000683s ]
INFO: [ app_begin ] --END-- [ RunTime:0.000791s ]

[ 2016-08-23T16:34:27+08:00 ] ::1 /oaReport/
INFO: [ app_init ] --START--
INFO: Run Behavior\BuildLiteBehavior [ RunTime:0.000021s ]
INFO: [ app_init ] --END-- [ RunTime:0.000360s ]
INFO: [ app_begin ] --START--
INFO: Run Behavior\ReadHtmlCacheBehavior [ RunTime:0.000554s ]
INFO: [ app_begin ] --END-- [ RunTime:0.000658s ]

[ 2016-08-23T16:34:33+08:00 ] ::1 /oaReport/
INFO: [ app_init ] --START--
INFO: Run Behavior\BuildLiteBehavior [ RunTime:0.000020s ]
INFO: [ app_init ] --END-- [ RunTime:0.000329s ]
INFO: [ app_begin ] --START--
INFO: Run Behavior\ReadHtmlCacheBehavior [ RunTime:0.000442s ]
INFO: [ app_begin ] --END-- [ RunTime:0.000535s ]

[ 2016-08-23T16:35:30+08:00 ] ::1 /oaReport/
INFO: [ app_init ] --START--
INFO: Run Behavior\BuildLiteBehavior [ RunTime:0.000021s ]
INFO: [ app_init ] --END-- [ RunTime:0.000364s ]
INFO: [ app_begin ] --START--
INFO: Run Behavior\ReadHtmlCacheBehavior [ RunTime:0.000493s ]
INFO: [ app_begin ] --END-- [ RunTime:0.000599s ]
INFO: [ view_parse ] --START--
NOTIC: [8] Undefined offset: 1 C:\wamp\www\oaReport\ThinkPHP\Library\Think\Template\TagLib\Cx.class.php 第 495 行.
NOTIC: [8] Undefined offset: 1 C:\wamp\www\oaReport\ThinkPHP\Library\Think\Template\TagLib\Cx.class.php 第 495 行.
INFO: [ template_filter ] --START--
INFO: Run Behavior\ContentReplaceBehavior [ RunTime:0.000055s ]
INFO: [ template_filter ] --END-- [ RunTime:0.000146s ]
INFO: Run Behavior\ParseTemplateBehavior [ RunTime:0.005571s ]
INFO: [ view_parse ] --END-- [ RunTime:0.005670s ]
INFO: [ view_filter ] --START--
INFO: Run Behavior\WriteHtmlCacheBehavior [ RunTime:0.000421s ]
INFO: [ view_filter ] --END-- [ RunTime:0.000506s ]
INFO: [ app_end ] --START--
INFO: Run Behavior\ShowPageTraceBehavior [ RunTime:0.000554s ]
INFO: [ app_end ] --END-- [ RunTime:0.000641s ]

[ 2016-08-23T16:35:53+08:00 ] ::1 /oaReport/index.php?s=/Home/Index/GNum
INFO: [ app_init ] --START--
INFO: Run Behavior\BuildLiteBehavior [ RunTime:0.000022s ]
INFO: [ app_init ] --END-- [ RunTime:0.000364s ]
INFO: [ app_begin ] --START--
INFO: Run Behavior\ReadHtmlCacheBehavior [ RunTime:0.000469s ]
INFO: [ app_begin ] --END-- [ RunTime:0.000574s ]
NOTIC: [8192] mysql_connect(): The mysql extension is deprecated and will be removed in the future: use mysqli or PDO instead C:\wamp\www\oaReport\ThinkPHP\Library\Think\Db\Driver\Mysql.class.php 第 52 行.
SQL: SHOW COLUMNS FROM `GongCheng` [ RunTime:0.007754s ]
SQL: SELECT GongCheng.GC_ID,GongCheng.GC_Type,Contract.Contract_ID,Customer.Customer_JianName,Customer.Customer_Id,Customer.Customer_Name,Contract.Contract_StartDate,Contract.Contract_EndDate,Contract.Contract_FeeStartDate,Contract.Contract_FeeEndDate,GongCheng.GC_Name,GongCheng.GC_Memo,GSupplier.GSupplier_ID,GSupplier.GSupplier_Name,GongCheng.GC_JuesuanAll
				GongCheng.GC_JuesuanGC,ComeOutHead.Tape_No,GongCheng.LastUpdator FROM `GongCheng` LEFT JOIN Contract ON GongCheng.Contract_ID = Contract.Contract_ID LEFT JOIN Customer ON Contract.Customer_Id = Customer.Customer_Id LEFT JOIN GSupplier ON GongCheng.GSupplier_id = GSupplier.GSupplier_ID LEFT JOIN ComeOutHead ON GongCheng.GC_ID =ComeOutHead.GC_Id  WHERE ( GongCheng.GC_ID = 'GC-0034' ) GROUP BY GongCheng.GC_ID,Contract.Contract_ID,ComeInHead.Tape_No ORDER BY GongCheng.GC_ID ASC  [ RunTime:0.008523s ]
ERR: 1064:You have an error in your SQL syntax; check the manual that corresponds to your MySQL server version for the right syntax to use near '.GC_JuesuanGC,ComeOutHead.Tape_No,GongCheng.LastUpdator FROM `GongCheng` LEFT JO' at line 2
 [ SQL语句 ] : SELECT GongCheng.GC_ID,GongCheng.GC_Type,Contract.Contract_ID,Customer.Customer_JianName,Customer.Customer_Id,Customer.Customer_Name,Contract.Contract_StartDate,Contract.Contract_EndDate,Contract.Contract_FeeStartDate,Contract.Contract_FeeEndDate,GongCheng.GC_Name,GongCheng.GC_Memo,GSupplier.GSupplier_ID,GSupplier.GSupplier_Name,GongCheng.GC_JuesuanAll
				GongCheng.GC_JuesuanGC,ComeOutHead.Tape_No,GongCheng.LastUpdator FROM `GongCheng` LEFT JOIN Contract ON GongCheng.Contract_ID = Contract.Contract_ID LEFT JOIN Customer ON Contract.Customer_Id = Customer.Customer_Id LEFT JOIN GSupplier ON GongCheng.GSupplier_id = GSupplier.GSupplier_ID LEFT JOIN ComeOutHead ON GongCheng.GC_ID =ComeOutHead.GC_Id  WHERE ( GongCheng.GC_ID = 'GC-0034' ) GROUP BY GongCheng.GC_ID,Contract.Contract_ID,ComeInHead.Tape_No ORDER BY GongCheng.GC_ID ASC 

[ 2016-08-23T16:36:14+08:00 ] ::1 /oaReport/index.php?s=/Home/Index/GNum
INFO: [ app_init ] --START--
INFO: Run Behavior\BuildLiteBehavior [ RunTime:0.000022s ]
INFO: [ app_init ] --END-- [ RunTime:0.000430s ]
INFO: [ app_begin ] --START--
INFO: Run Behavior\ReadHtmlCacheBehavior [ RunTime:0.000939s ]
INFO: [ app_begin ] --END-- [ RunTime:0.001045s ]
NOTIC: [8192] mysql_connect(): The mysql extension is deprecated and will be removed in the future: use mysqli or PDO instead C:\wamp\www\oaReport\ThinkPHP\Library\Think\Db\Driver\Mysql.class.php 第 52 行.
SQL: SHOW COLUMNS FROM `GongCheng` [ RunTime:0.007861s ]
SQL: SELECT GongCheng.GC_ID,GongCheng.GC_Type,Contract.Contract_ID,Customer.Customer_JianName,Customer.Customer_Id,Customer.Customer_Name,Contract.Contract_StartDate,Contract.Contract_EndDate,Contract.Contract_FeeStartDate,Contract.Contract_FeeEndDate,GongCheng.GC_Name,GongCheng.GC_Memo,GSupplier.GSupplier_ID,GSupplier.GSupplier_Name,GongCheng.GC_JuesuanAll
				GongCheng.GC_JuesuanGC,ComeOutHead.Tape_No,GongCheng.LastUpdator FROM `GongCheng` LEFT JOIN Contract ON GongCheng.Contract_ID = Contract.Contract_ID LEFT JOIN Customer ON Contract.Customer_Id = Customer.Customer_Id LEFT JOIN GSupplier ON GongCheng.GSupplier_id = GSupplier.GSupplier_ID LEFT JOIN ComeOutHead ON GongCheng.GC_ID =ComeOutHead.GC_Id  WHERE ( GongCheng.GC_ID = 'GC-0034' ) GROUP BY GongCheng.GC_ID,Contract.Contract_ID,ComeInHead.Tape_No ORDER BY GongCheng.GC_ID ASC  [ RunTime:0.010939s ]
ERR: 1064:You have an error in your SQL syntax; check the manual that corresponds to your MySQL server version for the right syntax to use near '.GC_JuesuanGC,ComeOutHead.Tape_No,GongCheng.LastUpdator FROM `GongCheng` LEFT JO' at line 2
 [ SQL语句 ] : SELECT GongCheng.GC_ID,GongCheng.GC_Type,Contract.Contract_ID,Customer.Customer_JianName,Customer.Customer_Id,Customer.Customer_Name,Contract.Contract_StartDate,Contract.Contract_EndDate,Contract.Contract_FeeStartDate,Contract.Contract_FeeEndDate,GongCheng.GC_Name,GongCheng.GC_Memo,GSupplier.GSupplier_ID,GSupplier.GSupplier_Name,GongCheng.GC_JuesuanAll
				GongCheng.GC_JuesuanGC,ComeOutHead.Tape_No,GongCheng.LastUpdator FROM `GongCheng` LEFT JOIN Contract ON GongCheng.Contract_ID = Contract.Contract_ID LEFT JOIN Customer ON Contract.Customer_Id = Customer.Customer_Id LEFT JOIN GSupplier ON GongCheng.GSupplier_id = GSupplier.GSupplier_ID LEFT JOIN ComeOutHead ON GongCheng.GC_ID =ComeOutHead.GC_Id  WHERE ( GongCheng.GC_ID = 'GC-0034' ) GROUP BY GongCheng.GC_ID,Contract.Contract_ID,ComeInHead.Tape_No ORDER BY GongCheng.GC_ID ASC 

[ 2016-08-23T16:37:03+08:00 ] ::1 /oaReport/index.php?s=/Home/Index/GNum
INFO: [ app_init ] --START--
INFO: Run Behavior\BuildLiteBehavior [ RunTime:0.000024s ]
INFO: [ app_init ] --END-- [ RunTime:0.000466s ]
INFO: [ app_begin ] --START--
INFO: Run Behavior\ReadHtmlCacheBehavior [ RunTime:0.000983s ]
INFO: [ app_begin ] --END-- [ RunTime:0.001088s ]
NOTIC: [8192] mysql_connect(): The mysql extension is deprecated and will be removed in the future: use mysqli or PDO instead C:\wamp\www\oaReport\ThinkPHP\Library\Think\Db\Driver\Mysql.class.php 第 52 行.
SQL: SHOW COLUMNS FROM `GongCheng` [ RunTime:0.003085s ]
SQL: SELECT GongCheng.GC_ID,GongCheng.GC_Type,Contract.Contract_ID,Customer.Customer_JianName,Customer.Customer_Id,Customer.Customer_Name,Contract.Contract_StartDate,Contract.Contract_EndDate,Contract.Contract_FeeStartDate,Contract.Contract_FeeEndDate,GongCheng.GC_Name,GongCheng.GC_Memo,GSupplier.GSupplier_ID,GSupplier.GSupplier_Name,GongCheng.GC_JuesuanAll,GongCheng.GC_JuesuanGC,ComeOutHead.Tape_No,GongCheng.LastUpdator FROM `GongCheng` LEFT JOIN Contract ON GongCheng.Contract_ID = Contract.Contract_ID LEFT JOIN Customer ON Contract.Customer_Id = Customer.Customer_Id LEFT JOIN GSupplier ON GongCheng.GSupplier_id = GSupplier.GSupplier_ID LEFT JOIN ComeOutHead ON GongCheng.GC_ID =ComeOutHead.GC_Id  WHERE ( GongCheng.GC_ID = 'GC-0034' ) GROUP BY GongCheng.GC_ID,Contract.Contract_ID,ComeInHead.Tape_No ORDER BY GongCheng.GC_ID ASC  [ RunTime:0.001880s ]
ERR: 1054:Unknown column 'ComeInHead.Tape_No' in 'group statement'
 [ SQL语句 ] : SELECT GongCheng.GC_ID,GongCheng.GC_Type,Contract.Contract_ID,Customer.Customer_JianName,Customer.Customer_Id,Customer.Customer_Name,Contract.Contract_StartDate,Contract.Contract_EndDate,Contract.Contract_FeeStartDate,Contract.Contract_FeeEndDate,GongCheng.GC_Name,GongCheng.GC_Memo,GSupplier.GSupplier_ID,GSupplier.GSupplier_Name,GongCheng.GC_JuesuanAll,GongCheng.GC_JuesuanGC,ComeOutHead.Tape_No,GongCheng.LastUpdator FROM `GongCheng` LEFT JOIN Contract ON GongCheng.Contract_ID = Contract.Contract_ID LEFT JOIN Customer ON Contract.Customer_Id = Customer.Customer_Id LEFT JOIN GSupplier ON GongCheng.GSupplier_id = GSupplier.GSupplier_ID LEFT JOIN ComeOutHead ON GongCheng.GC_ID =ComeOutHead.GC_Id  WHERE ( GongCheng.GC_ID = 'GC-0034' ) GROUP BY GongCheng.GC_ID,Contract.Contract_ID,ComeInHead.Tape_No ORDER BY GongCheng.GC_ID ASC 

[ 2016-08-23T16:37:59+08:00 ] ::1 /oaReport/index.php?s=/Home/Index/GNum
INFO: [ app_init ] --START--
INFO: Run Behavior\BuildLiteBehavior [ RunTime:0.000023s ]
INFO: [ app_init ] --END-- [ RunTime:0.000454s ]
INFO: [ app_begin ] --START--
INFO: Run Behavior\ReadHtmlCacheBehavior [ RunTime:0.000661s ]
INFO: [ app_begin ] --END-- [ RunTime:0.000767s ]
NOTIC: [8192] mysql_connect(): The mysql extension is deprecated and will be removed in the future: use mysqli or PDO instead C:\wamp\www\oaReport\ThinkPHP\Library\Think\Db\Driver\Mysql.class.php 第 52 行.
SQL: SHOW COLUMNS FROM `GongCheng` [ RunTime:0.012158s ]
SQL: SELECT GongCheng.GC_ID,GongCheng.GC_Type,Contract.Contract_ID,Customer.Customer_JianName,Customer.Customer_Id,Customer.Customer_Name,Contract.Contract_StartDate,Contract.Contract_EndDate,Contract.Contract_FeeStartDate,Contract.Contract_FeeEndDate,GongCheng.GC_Name,GongCheng.GC_Memo,GSupplier.GSupplier_ID,GSupplier.GSupplier_Name,GongCheng.GC_JuesuanAll,GongCheng.GC_JuesuanGC,ComeOutHead.Tape_No,GongCheng.LastUpdator FROM `GongCheng` LEFT JOIN Contract ON GongCheng.Contract_ID = Contract.Contract_ID LEFT JOIN Customer ON Contract.Customer_Id = Customer.Customer_Id LEFT JOIN GSupplier ON GongCheng.GSupplier_id = GSupplier.GSupplier_ID LEFT JOIN ComeOutHead ON GongCheng.GC_ID =ComeOutHead.GC_Id  WHERE ( GongCheng.GC_ID = 'GC-0034' ) GROUP BY GongCheng.GC_ID,Contract.Contract_ID,ComeOutHead.Tape_No ORDER BY GongCheng.GC_ID ASC  [ RunTime:0.014845s ]

[ 2016-08-23T16:42:58+08:00 ] ::1 /oaReport/
INFO: [ app_init ] --START--
INFO: Run Behavior\BuildLiteBehavior [ RunTime:0.000022s ]
INFO: [ app_init ] --END-- [ RunTime:0.000436s ]
INFO: [ app_begin ] --START--
INFO: Run Behavior\ReadHtmlCacheBehavior [ RunTime:0.000633s ]
INFO: [ app_begin ] --END-- [ RunTime:0.000733s ]
INFO: [ view_parse ] --START--
NOTIC: [8] Undefined offset: 1 C:\wamp\www\oaReport\ThinkPHP\Library\Think\Template\TagLib\Cx.class.php 第 495 行.
NOTIC: [8] Undefined offset: 1 C:\wamp\www\oaReport\ThinkPHP\Library\Think\Template\TagLib\Cx.class.php 第 495 行.
INFO: [ template_filter ] --START--
INFO: Run Behavior\ContentReplaceBehavior [ RunTime:0.000053s ]
INFO: [ template_filter ] --END-- [ RunTime:0.000142s ]
INFO: Run Behavior\ParseTemplateBehavior [ RunTime:0.005379s ]
INFO: [ view_parse ] --END-- [ RunTime:0.005474s ]
INFO: [ view_filter ] --START--
INFO: Run Behavior\WriteHtmlCacheBehavior [ RunTime:0.000432s ]
INFO: [ view_filter ] --END-- [ RunTime:0.000530s ]
INFO: [ app_end ] --START--
INFO: Run Behavior\ShowPageTraceBehavior [ RunTime:0.000570s ]
INFO: [ app_end ] --END-- [ RunTime:0.000659s ]

[ 2016-08-23T16:43:03+08:00 ] ::1 /oaReport/index.php?s=/Home/Index/GNum
INFO: [ app_init ] --START--
INFO: Run Behavior\BuildLiteBehavior [ RunTime:0.000023s ]
INFO: [ app_init ] --END-- [ RunTime:0.000410s ]
INFO: [ app_begin ] --START--
INFO: Run Behavior\ReadHtmlCacheBehavior [ RunTime:0.000508s ]
INFO: [ app_begin ] --END-- [ RunTime:0.000618s ]
NOTIC: [8192] mysql_connect(): The mysql extension is deprecated and will be removed in the future: use mysqli or PDO instead C:\wamp\www\oaReport\ThinkPHP\Library\Think\Db\Driver\Mysql.class.php 第 52 行.
SQL: SHOW COLUMNS FROM `GongCheng` [ RunTime:0.002147s ]
SQL: SELECT GongCheng.GC_ID,GongCheng.GC_Type,Contract.Contract_ID,Customer.Customer_JianName,Customer.Customer_Id,Customer.Customer_Name,Contract.Contract_StartDate,Contract.Contract_EndDate,Contract.Contract_FeeStartDate,Contract.Contract_FeeEndDate,GongCheng.GC_Name,GongCheng.GC_Memo,GSupplier.GSupplier_ID,GSupplier.GSupplier_Name,GongCheng.GC_JuesuanAll,GongCheng.GC_JuesuanGC,ComeOutHead.Tape_No,GongCheng.LastUpdator FROM `GongCheng` LEFT JOIN Contract ON GongCheng.Contract_ID = Contract.Contract_ID LEFT JOIN Customer ON Contract.Customer_Id = Customer.Customer_Id LEFT JOIN GSupplier ON GongCheng.GSupplier_id = GSupplier.GSupplier_ID LEFT JOIN ComeOutHead ON GongCheng.GC_ID =ComeOutHead.GC_Id  WHERE ( GongCheng.GC_ID = 'GC-0034' ) GROUP BY GongCheng.GC_ID,Contract.Contract_ID,ComeOutHead.Tape_No ORDER BY GongCheng.GC_ID ASC  [ RunTime:0.003305s ]

[ 2016-08-23T16:49:49+08:00 ] ::1 /oaReport/index.php?s=/Home/Index/GNum
INFO: [ app_init ] --START--
INFO: Run Behavior\BuildLiteBehavior [ RunTime:0.000022s ]
INFO: [ app_init ] --END-- [ RunTime:0.000435s ]
INFO: [ app_begin ] --START--
INFO: Run Behavior\ReadHtmlCacheBehavior [ RunTime:0.000768s ]
INFO: [ app_begin ] --END-- [ RunTime:0.000875s ]
NOTIC: [8192] mysql_connect(): The mysql extension is deprecated and will be removed in the future: use mysqli or PDO instead C:\wamp\www\oaReport\ThinkPHP\Library\Think\Db\Driver\Mysql.class.php 第 52 行.
SQL: SHOW COLUMNS FROM `GongCheng` [ RunTime:0.001976s ]
SQL: SELECT GongCheng.GC_ID,GongCheng.GC_Type,Contract.Contract_ID,Customer.Customer_JianName,Customer.Customer_Id,Customer.Customer_Name,Contract.Contract_StartDate,Contract.Contract_EndDate,Contract.Contract_FeeStartDate,Contract.Contract_FeeEndDate,GongCheng.GC_Name,GongCheng.GC_Memo,GSupplier.GSupplier_Name,GongCheng.GC_JuesuanAll,GongCheng.GC_JuesuanGC,ComeOutHead.Tape_No,GongCheng.LastUpdator FROM `GongCheng` LEFT JOIN Contract ON GongCheng.Contract_ID = Contract.Contract_ID LEFT JOIN Customer ON Contract.Customer_Id = Customer.Customer_Id LEFT JOIN GSupplier ON GongCheng.GSupplier_id = GSupplier.GSupplier_ID LEFT JOIN ComeOutHead ON GongCheng.GC_ID =ComeOutHead.GC_Id  WHERE ( GongCheng.GC_ID = 'GC-0034' ) GROUP BY GongCheng.GC_ID,Contract.Contract_ID,ComeOutHead.Tape_No ORDER BY GongCheng.GC_ID ASC  [ RunTime:0.003347s ]

[ 2016-08-23T16:54:22+08:00 ] ::1 /oaReport/
INFO: [ app_init ] --START--
INFO: Run Behavior\BuildLiteBehavior [ RunTime:0.000022s ]
INFO: [ app_init ] --END-- [ RunTime:0.000442s ]
INFO: [ app_begin ] --START--
INFO: Run Behavior\ReadHtmlCacheBehavior [ RunTime:0.000800s ]
INFO: [ app_begin ] --END-- [ RunTime:0.000908s ]
INFO: [ view_parse ] --START--
NOTIC: [8] Undefined offset: 1 C:\wamp\www\oaReport\ThinkPHP\Library\Think\Template\TagLib\Cx.class.php 第 495 行.
NOTIC: [8] Undefined offset: 1 C:\wamp\www\oaReport\ThinkPHP\Library\Think\Template\TagLib\Cx.class.php 第 495 行.
INFO: [ template_filter ] --START--
INFO: Run Behavior\ContentReplaceBehavior [ RunTime:0.000054s ]
INFO: [ template_filter ] --END-- [ RunTime:0.000145s ]
INFO: Run Behavior\ParseTemplateBehavior [ RunTime:0.007419s ]
INFO: [ view_parse ] --END-- [ RunTime:0.007519s ]
INFO: [ view_filter ] --START--
INFO: Run Behavior\WriteHtmlCacheBehavior [ RunTime:0.000531s ]
INFO: [ view_filter ] --END-- [ RunTime:0.000621s ]
INFO: [ app_end ] --START--
INFO: Run Behavior\ShowPageTraceBehavior [ RunTime:0.000685s ]
INFO: [ app_end ] --END-- [ RunTime:0.000775s ]

[ 2016-08-23T16:54:29+08:00 ] ::1 /oaReport/index.php?s=/Home/Index/Onum
INFO: [ app_init ] --START--
INFO: Run Behavior\BuildLiteBehavior [ RunTime:0.000055s ]
INFO: [ app_init ] --END-- [ RunTime:0.000487s ]
INFO: [ app_begin ] --START--
INFO: Run Behavior\ReadHtmlCacheBehavior [ RunTime:0.000727s ]
INFO: [ app_begin ] --END-- [ RunTime:0.000836s ]
NOTIC: [8192] mysql_connect(): The mysql extension is deprecated and will be removed in the future: use mysqli or PDO instead C:\wamp\www\oaReport\ThinkPHP\Library\Think\Db\Driver\Mysql.class.php 第 52 行.
SQL: SHOW COLUMNS FROM `ComeOutHead` [ RunTime:0.003259s ]
SQL: SELECT ComeOutHead.Tape_No,ComeOutHead.Comeout_Date,ComeOutHead.Comeout_Memo,ComeOutHead.Contract_Id,Material.Material_Name,ComeOutBody.Qty,Material.Material_Unit,ComeOutBody.Price,ComeOutBody.Amount FROM `ComeOutHead` INNER JOIN ComeOutBody on ComeOutHead.Tape_No = ComeOutBody.Tape_No INNER JOIN Material on ComeOutBody.Material_Id = Material.Material_Id  WHERE ( ComeOutHead.Tape_No = 'OUT-0038' ) ORDER BY ComeOutHead.Tape_No asc  [ RunTime:0.003051s ]

[ 2016-08-23T16:55:48+08:00 ] ::1 /oaReport/
INFO: [ app_init ] --START--
INFO: Run Behavior\BuildLiteBehavior [ RunTime:0.000022s ]
INFO: [ app_init ] --END-- [ RunTime:0.000477s ]
INFO: [ app_begin ] --START--
INFO: Run Behavior\ReadHtmlCacheBehavior [ RunTime:0.000793s ]
INFO: [ app_begin ] --END-- [ RunTime:0.000909s ]
INFO: [ view_parse ] --START--
NOTIC: [8] Undefined offset: 1 C:\wamp\www\oaReport\ThinkPHP\Library\Think\Template\TagLib\Cx.class.php 第 495 行.
NOTIC: [8] Undefined offset: 1 C:\wamp\www\oaReport\ThinkPHP\Library\Think\Template\TagLib\Cx.class.php 第 495 行.
INFO: [ template_filter ] --START--
INFO: Run Behavior\ContentReplaceBehavior [ RunTime:0.000054s ]
INFO: [ template_filter ] --END-- [ RunTime:0.000144s ]
INFO: Run Behavior\ParseTemplateBehavior [ RunTime:0.006918s ]
INFO: [ view_parse ] --END-- [ RunTime:0.007016s ]
INFO: [ view_filter ] --START--
INFO: Run Behavior\WriteHtmlCacheBehavior [ RunTime:0.000522s ]
INFO: [ view_filter ] --END-- [ RunTime:0.000608s ]
INFO: [ app_end ] --START--
INFO: Run Behavior\ShowPageTraceBehavior [ RunTime:0.000678s ]
INFO: [ app_end ] --END-- [ RunTime:0.000768s ]

[ 2016-08-23T16:55:53+08:00 ] ::1 /oaReport/index.php?s=/Home/Index/Onum
INFO: [ app_init ] --START--
INFO: Run Behavior\BuildLiteBehavior [ RunTime:0.000021s ]
INFO: [ app_init ] --END-- [ RunTime:0.000392s ]
INFO: [ app_begin ] --START--
INFO: Run Behavior\ReadHtmlCacheBehavior [ RunTime:0.000635s ]
INFO: [ app_begin ] --END-- [ RunTime:0.000732s ]
NOTIC: [8192] mysql_connect(): The mysql extension is deprecated and will be removed in the future: use mysqli or PDO instead C:\wamp\www\oaReport\ThinkPHP\Library\Think\Db\Driver\Mysql.class.php 第 52 行.
SQL: SHOW COLUMNS FROM `ComeOutHead` [ RunTime:0.009044s ]
SQL: SELECT ComeOutHead.Tape_No,ComeOutHead.Comeout_Date,ComeOutHead.Comeout_Memo,ComeOutHead.Contract_Id,Material.Material_Name,ComeOutBody.Qty,Material.Material_Unit,ComeOutBody.Price,ComeOutBody.Amount FROM `ComeOutHead` INNER JOIN ComeOutBody on ComeOutHead.Tape_No = ComeOutBody.Tape_No INNER JOIN Material on ComeOutBody.Material_Id = Material.Material_Id  WHERE ( ComeOutHead.Tape_No = 'OUT-0038' ) ORDER BY ComeOutHead.Tape_No asc  [ RunTime:0.010998s ]

[ 2016-08-23T16:57:14+08:00 ] ::1 /oaReport/index.php?s=/Home/Index/Onum
INFO: [ app_init ] --START--
INFO: Run Behavior\BuildLiteBehavior [ RunTime:0.000021s ]
INFO: [ app_init ] --END-- [ RunTime:0.000438s ]
INFO: [ app_begin ] --START--
INFO: Run Behavior\ReadHtmlCacheBehavior [ RunTime:0.000772s ]
INFO: [ app_begin ] --END-- [ RunTime:0.000878s ]
NOTIC: [8192] mysql_connect(): The mysql extension is deprecated and will be removed in the future: use mysqli or PDO instead C:\wamp\www\oaReport\ThinkPHP\Library\Think\Db\Driver\Mysql.class.php 第 52 行.
SQL: SHOW COLUMNS FROM `ComeOutHead` [ RunTime:0.003565s ]
SQL: SELECT ComeOutHead.Tape_No,ComeOutHead.Comeout_Date,ComeOutHead.Comeout_Memo,Material.Material_Name,ComeOutBody.Qty,Material.Material_Unit,ComeOutBody.Price,ComeOutBody.Amount FROM `ComeOutHead` INNER JOIN ComeOutBody on ComeOutHead.Tape_No = ComeOutBody.Tape_No INNER JOIN Material on ComeOutBody.Material_Id = Material.Material_Id  WHERE ( ComeOutHead.Tape_No = 'OUT-0038' ) ORDER BY ComeOutHead.Tape_No asc  [ RunTime:0.008093s ]

[ 2016-08-23T17:08:55+08:00 ] ::1 /oaReport/index.php?s=/Home/Index/Onum
INFO: [ app_init ] --START--
INFO: Run Behavior\BuildLiteBehavior [ RunTime:0.000022s ]
INFO: [ app_init ] --END-- [ RunTime:0.000431s ]
INFO: [ app_begin ] --START--
INFO: Run Behavior\ReadHtmlCacheBehavior [ RunTime:0.000836s ]
INFO: [ app_begin ] --END-- [ RunTime:0.000954s ]

[ 2016-08-23T17:09:17+08:00 ] ::1 /oaReport/index.php?s=/Home/Index/Onum
INFO: [ app_init ] --START--
INFO: Run Behavior\BuildLiteBehavior [ RunTime:0.000021s ]
INFO: [ app_init ] --END-- [ RunTime:0.000428s ]
INFO: [ app_begin ] --START--
INFO: Run Behavior\ReadHtmlCacheBehavior [ RunTime:0.000787s ]
INFO: [ app_begin ] --END-- [ RunTime:0.000913s ]
NOTIC: [8192] mysql_connect(): The mysql extension is deprecated and will be removed in the future: use mysqli or PDO instead C:\wamp\www\oaReport\ThinkPHP\Library\Think\Db\Driver\Mysql.class.php 第 52 行.
SQL: SHOW COLUMNS FROM `ComeOutHead` [ RunTime:0.013776s ]
SQL: SELECT ComeOutHead.Tape_No,ComeOutHead.Comeout_Date,GongCheng.GC_ID,GongCheng.GC_Name,Contract.Contract_ID,Contract.Contract_Memo,ComeOutHead.Comeout_Memo,Material.Material_Name,ComeOutBody.Qty,Material.Material_Unit,ComeOutBody.Price,ComeOutBody.Amount FROM `ComeOutHead` INNER JOIN ComeOutBody on ComeOutHead.Tape_No = ComeOutBody.Tape_No INNER JOIN Material on ComeOutBody.Material_Id = Material.Material_Id INNER JOIN GongCheng on ComeOutHead.GC_Id = GongCheng.GC_ID INNER JOIN Contract on ComeOutHead.Contract_ID = Contract.Contract_ID  WHERE ( ComeOutHead.Tape_No = 'OUT-0038' ) ORDER BY ComeOutHead.Tape_No asc  [ RunTime:0.013286s ]

[ 2016-08-23T17:09:24+08:00 ] ::1 /oaReport/index.php?s=/Home/Index/Onum
INFO: [ app_init ] --START--
INFO: Run Behavior\BuildLiteBehavior [ RunTime:0.000021s ]
INFO: [ app_init ] --END-- [ RunTime:0.000428s ]
INFO: [ app_begin ] --START--
INFO: Run Behavior\ReadHtmlCacheBehavior [ RunTime:0.000705s ]
INFO: [ app_begin ] --END-- [ RunTime:0.000811s ]
NOTIC: [8192] mysql_connect(): The mysql extension is deprecated and will be removed in the future: use mysqli or PDO instead C:\wamp\www\oaReport\ThinkPHP\Library\Think\Db\Driver\Mysql.class.php 第 52 行.
SQL: SHOW COLUMNS FROM `ComeOutHead` [ RunTime:0.009580s ]
SQL: SELECT ComeOutHead.Tape_No,ComeOutHead.Comeout_Date,GongCheng.GC_ID,GongCheng.GC_Name,Contract.Contract_ID,Contract.Contract_Memo,ComeOutHead.Comeout_Memo,Material.Material_Name,ComeOutBody.Qty,Material.Material_Unit,ComeOutBody.Price,ComeOutBody.Amount FROM `ComeOutHead` INNER JOIN ComeOutBody on ComeOutHead.Tape_No = ComeOutBody.Tape_No INNER JOIN Material on ComeOutBody.Material_Id = Material.Material_Id INNER JOIN GongCheng on ComeOutHead.GC_Id = GongCheng.GC_ID INNER JOIN Contract on ComeOutHead.Contract_ID = Contract.Contract_ID  WHERE ( ComeOutHead.Tape_No = 'OUT-0038' ) ORDER BY ComeOutHead.Tape_No asc  [ RunTime:0.010228s ]

[ 2016-08-23T17:10:04+08:00 ] ::1 /oaReport/index.php?s=/Home/Index/Onum
INFO: [ app_init ] --START--
INFO: Run Behavior\BuildLiteBehavior [ RunTime:0.000022s ]
INFO: [ app_init ] --END-- [ RunTime:0.000431s ]
INFO: [ app_begin ] --START--
INFO: Run Behavior\ReadHtmlCacheBehavior [ RunTime:0.000708s ]
INFO: [ app_begin ] --END-- [ RunTime:0.000814s ]
NOTIC: [8192] mysql_connect(): The mysql extension is deprecated and will be removed in the future: use mysqli or PDO instead C:\wamp\www\oaReport\ThinkPHP\Library\Think\Db\Driver\Mysql.class.php 第 52 行.
SQL: SHOW COLUMNS FROM `ComeOutHead` [ RunTime:0.010081s ]
SQL: SELECT ComeOutHead.Tape_No,ComeOutHead.Comeout_Date,GongCheng.GC_ID,GongCheng.GC_Name,Contract.Contract_ID,Contract.Contract_Memo,ComeOutHead.Comeout_Memo,Material.Material_Name,ComeOutBody.Qty,Material.Material_Unit,ComeOutBody.Price,ComeOutBody.Amount FROM `ComeOutHead` INNER JOIN ComeOutBody on ComeOutHead.Tape_No = ComeOutBody.Tape_No INNER JOIN Material on ComeOutBody.Material_Id = Material.Material_Id INNER JOIN GongCheng on ComeOutHead.GC_Id = GongCheng.GC_ID INNER JOIN Contract on ComeOutHead.Contract_ID = Contract.Contract_ID  WHERE ( ComeOutHead.Tape_No = 'OUT-0038' ) ORDER BY ComeOutHead.Tape_No asc  [ RunTime:0.008780s ]

[ 2016-08-23T17:11:41+08:00 ] ::1 /oaReport/index.php?s=/Home/Index/Onum
INFO: [ app_init ] --START--
INFO: Run Behavior\BuildLiteBehavior [ RunTime:0.000022s ]
INFO: [ app_init ] --END-- [ RunTime:0.000439s ]
INFO: [ app_begin ] --START--
INFO: Run Behavior\ReadHtmlCacheBehavior [ RunTime:0.000791s ]
INFO: [ app_begin ] --END-- [ RunTime:0.000916s ]
NOTIC: [8192] mysql_connect(): The mysql extension is deprecated and will be removed in the future: use mysqli or PDO instead C:\wamp\www\oaReport\ThinkPHP\Library\Think\Db\Driver\Mysql.class.php 第 52 行.
SQL: SHOW COLUMNS FROM `ComeOutHead` [ RunTime:0.008840s ]
SQL: SELECT ComeOutHead.Tape_No,ComeOutHead.Comeout_Date,GongCheng.GC_ID,GongCheng.GC_Name,Contract.Contract_ID,Contract.Contract_Memo,ComeOutHead.Comeout_Memo,Material.Material_Name,ComeOutBody.Qty,Material.Material_Unit,ComeOutBody.Price,ComeOutBody.Amount FROM `ComeOutHead` INNER JOIN LEFT ComeOutBody on ComeOutHead.Tape_No = ComeOutBody.Tape_No INNER JOIN LEFT Material on ComeOutBody.Material_Id = Material.Material_Id INNER JOIN LEFT GongCheng on ComeOutHead.GC_Id = GongCheng.GC_ID INNER JOIN LEFT Contract on ComeOutHead.Contract_ID = Contract.Contract_ID  WHERE ( ComeOutHead.Tape_No = 'OUT-0038' ) ORDER BY ComeOutHead.Tape_No asc  [ RunTime:0.009142s ]
ERR: 1064:You have an error in your SQL syntax; check the manual that corresponds to your MySQL server version for the right syntax to use near 'LEFT ComeOutBody on ComeOutHead.Tape_No = ComeOutBody.Tape_No INNER JOIN LEFT Ma' at line 1
 [ SQL语句 ] : SELECT ComeOutHead.Tape_No,ComeOutHead.Comeout_Date,GongCheng.GC_ID,GongCheng.GC_Name,Contract.Contract_ID,Contract.Contract_Memo,ComeOutHead.Comeout_Memo,Material.Material_Name,ComeOutBody.Qty,Material.Material_Unit,ComeOutBody.Price,ComeOutBody.Amount FROM `ComeOutHead` INNER JOIN LEFT ComeOutBody on ComeOutHead.Tape_No = ComeOutBody.Tape_No INNER JOIN LEFT Material on ComeOutBody.Material_Id = Material.Material_Id INNER JOIN LEFT GongCheng on ComeOutHead.GC_Id = GongCheng.GC_ID INNER JOIN LEFT Contract on ComeOutHead.Contract_ID = Contract.Contract_ID  WHERE ( ComeOutHead.Tape_No = 'OUT-0038' ) ORDER BY ComeOutHead.Tape_No asc 

[ 2016-08-23T17:14:04+08:00 ] ::1 /oaReport/index.php?s=/Home/Index/Onum
INFO: [ app_init ] --START--
INFO: Run Behavior\BuildLiteBehavior [ RunTime:0.000023s ]
INFO: [ app_init ] --END-- [ RunTime:0.000443s ]
INFO: [ app_begin ] --START--
INFO: Run Behavior\ReadHtmlCacheBehavior [ RunTime:0.000775s ]
INFO: [ app_begin ] --END-- [ RunTime:0.000881s ]
NOTIC: [8192] mysql_connect(): The mysql extension is deprecated and will be removed in the future: use mysqli or PDO instead C:\wamp\www\oaReport\ThinkPHP\Library\Think\Db\Driver\Mysql.class.php 第 52 行.
SQL: SHOW COLUMNS FROM `ComeOutHead` [ RunTime:0.002244s ]
SQL: SELECT ComeOutHead.Tape_No,ComeOutHead.Comeout_Date,GongCheng.GC_ID,GongCheng.GC_Name,Contract.Contract_ID,Contract.Contract_Memo,ComeOutHead.Comeout_Memo,Material.Material_Name,ComeOutBody.Qty,Material.Material_Unit,ComeOutBody.Price,ComeOutBody.Amount FROM `ComeOutHead` LEFT JOIN ComeOutBody on ComeOutHead.Tape_No = ComeOutBody.Tape_No LEFT JOIN Material on ComeOutBody.Material_Id = Material.Material_Id LEFT JOIN GongCheng on ComeOutHead.GC_Id = GongCheng.GC_ID LEFT JOIN Contract on ComeOutHead.Contract_ID = Contract.Contract_ID  WHERE ( ComeOutHead.Tape_No = 'OUT-0038' ) ORDER BY ComeOutHead.Tape_No asc  [ RunTime:0.004682s ]

