[ 2016-08-19T09:47:01+08:00 ] ::1 /oaReport/
INFO: [ app_init ] --START--
INFO: Run Behavior\BuildLiteBehavior [ RunTime:0.000022s ]
INFO: [ app_init ] --END-- [ RunTime:0.000486s ]
INFO: [ app_begin ] --START--
INFO: Run Behavior\ReadHtmlCacheBehavior [ RunTime:0.002050s ]
INFO: [ app_begin ] --END-- [ RunTime:0.002215s ]
INFO: [ view_parse ] --START--
NOTIC: [8] Undefined offset: 1 C:\wamp\www\oaReport\ThinkPHP\Library\Think\Template\TagLib\Cx.class.php 第 495 行.
NOTIC: [8] Undefined offset: 1 C:\wamp\www\oaReport\ThinkPHP\Library\Think\Template\TagLib\Cx.class.php 第 495 行.
INFO: [ template_filter ] --START--
INFO: Run Behavior\ContentReplaceBehavior [ RunTime:0.000049s ]
INFO: [ template_filter ] --END-- [ RunTime:0.000137s ]
INFO: Run Behavior\ParseTemplateBehavior [ RunTime:0.006596s ]
INFO: [ view_parse ] --END-- [ RunTime:0.006728s ]
INFO: [ view_filter ] --START--
INFO: Run Behavior\WriteHtmlCacheBehavior [ RunTime:0.000767s ]
INFO: [ view_filter ] --END-- [ RunTime:0.000854s ]
INFO: [ app_end ] --START--
INFO: Run Behavior\ShowPageTraceBehavior [ RunTime:0.000920s ]
INFO: [ app_end ] --END-- [ RunTime:0.001006s ]

[ 2016-08-19T09:47:02+08:00 ] ::1 /oaReport/
INFO: [ app_init ] --START--
INFO: Run Behavior\BuildLiteBehavior [ RunTime:0.000022s ]
INFO: [ app_init ] --END-- [ RunTime:0.000454s ]
INFO: [ app_begin ] --START--
INFO: Run Behavior\ReadHtmlCacheBehavior [ RunTime:0.000999s ]
INFO: [ app_begin ] --END-- [ RunTime:0.001104s ]
INFO: [ view_parse ] --START--
NOTIC: [8] Undefined offset: 1 C:\wamp\www\oaReport\ThinkPHP\Library\Think\Template\TagLib\Cx.class.php 第 495 行.
NOTIC: [8] Undefined offset: 1 C:\wamp\www\oaReport\ThinkPHP\Library\Think\Template\TagLib\Cx.class.php 第 495 行.
INFO: [ template_filter ] --START--
INFO: Run Behavior\ContentReplaceBehavior [ RunTime:0.000055s ]
INFO: [ template_filter ] --END-- [ RunTime:0.000155s ]
INFO: Run Behavior\ParseTemplateBehavior [ RunTime:0.006963s ]
INFO: [ view_parse ] --END-- [ RunTime:0.007093s ]
INFO: [ view_filter ] --START--
INFO: Run Behavior\WriteHtmlCacheBehavior [ RunTime:0.000841s ]
INFO: [ view_filter ] --END-- [ RunTime:0.000934s ]
INFO: [ app_end ] --START--
INFO: Run Behavior\ShowPageTraceBehavior [ RunTime:0.000917s ]
INFO: [ app_end ] --END-- [ RunTime:0.001005s ]

[ 2016-08-19T09:47:03+08:00 ] ::1 /oaReport/
INFO: [ app_init ] --START--
INFO: Run Behavior\BuildLiteBehavior [ RunTime:0.000037s ]
INFO: [ app_init ] --END-- [ RunTime:0.000509s ]
INFO: [ app_begin ] --START--
INFO: Run Behavior\ReadHtmlCacheBehavior [ RunTime:0.001205s ]
INFO: [ app_begin ] --END-- [ RunTime:0.001320s ]
INFO: [ view_parse ] --START--
NOTIC: [8] Undefined offset: 1 C:\wamp\www\oaReport\ThinkPHP\Library\Think\Template\TagLib\Cx.class.php 第 495 行.
NOTIC: [8] Undefined offset: 1 C:\wamp\www\oaReport\ThinkPHP\Library\Think\Template\TagLib\Cx.class.php 第 495 行.
INFO: [ template_filter ] --START--
INFO: Run Behavior\ContentReplaceBehavior [ RunTime:0.000049s ]
INFO: [ template_filter ] --END-- [ RunTime:0.000136s ]
INFO: Run Behavior\ParseTemplateBehavior [ RunTime:0.006052s ]
INFO: [ view_parse ] --END-- [ RunTime:0.006160s ]
INFO: [ view_filter ] --START--
INFO: Run Behavior\WriteHtmlCacheBehavior [ RunTime:0.000701s ]
INFO: [ view_filter ] --END-- [ RunTime:0.000787s ]
INFO: [ app_end ] --START--
INFO: Run Behavior\ShowPageTraceBehavior [ RunTime:0.000899s ]
INFO: [ app_end ] --END-- [ RunTime:0.000984s ]

[ 2016-08-19T09:47:12+08:00 ] ::1 /oaReport/index.php?s=/Home/Index/cNum
INFO: [ app_init ] --START--
INFO: Run Behavior\BuildLiteBehavior [ RunTime:0.000021s ]
INFO: [ app_init ] --END-- [ RunTime:0.000420s ]
INFO: [ app_begin ] --START--
INFO: Run Behavior\ReadHtmlCacheBehavior [ RunTime:0.000944s ]
INFO: [ app_begin ] --END-- [ RunTime:0.001066s ]
NOTIC: [8192] mysql_connect(): The mysql extension is deprecated and will be removed in the future: use mysqli or PDO instead C:\wamp\www\oaReport\ThinkPHP\Library\Think\Db\Driver\Mysql.class.php 第 52 行.
SQL: SHOW COLUMNS FROM `ClaimPay` [ RunTime:0.001825s ]
SQL: SELECT ClaimPay.Claim_ID,Contract.Contract_ID,GongCheng.GC_ID,Claim_ComeIn.Tape_No,Suptract.Suptract_ID,ClaimPay.Claim_Shoukuan,ClaimPay.Claim_ShuoMing,ClaimPay.Claim_Amount,GongCheng.GC_Name,GongCheng.GC_Memo,GongCheng.GC_JuesuanAll,ComeAPOutHead.Tape_No,ComeOutHead.Tape_No,Material.Material_Name,ComeOutBody.Qty,ComeOutBody.Price,GongCheng.Creator,GongCheng.GC_StartDate,GongCheng.GC_EndDate,ClaimPay.Createtime FROM `ClaimPay` LEFT JOIN Claim_Gongcheng ON ClaimPay.Claim_ID = Claim_Gongcheng.Claim_ID LEFT JOIN GongCheng ON Claim_Gongcheng.GC_ID = GongCheng.GC_ID LEFT JOIN ComeOutHead ON GongCheng.GC_ID = ComeOutHead.GC_Id LEFT JOIN ComeOutBody ON ComeOutHead.Tape_No =ComeOutBody.Tape_No LEFT JOIN Material ON ComeOutBody.Material_Id =Material.Material_Id LEFT JOIN Claim_Contract ON ClaimPay.Claim_ID = Claim_Contract.Claim_ID LEFT JOIN Contract ON Claim_Contract.Contract_ID = Contract.Contract_ID LEFT JOIN ComeAPOutHead ON Contract.Contract_ID = ComeAPOutHead.Contract_Id LEFT JOIN Claim_ComeIn ON ClaimPay.Claim_ID = Claim_ComeIn.Claim_ID LEFT JOIN ComeInHead ON Claim_ComeIn.Tape_No = ComeInHead.Tape_No LEFT JOIN Claim_Suptract ON ClaimPay.Claim_ID = Claim_Suptract.Claim_ID LEFT JOIN Suptract ON Claim_Suptract.Suptract_ID = Suptract.Supplier_Id  WHERE ( ClaimPay.Claim_ID = 'CP-1435' ) GROUP BY GongCheng.GC_ID,Contract.Contract_ID,ComeInHead.Tape_No,Suptract.Suptract_ID ORDER BY ClaimPay.Createtime ASC  [ RunTime:0.012322s ]

[ 2016-08-19T09:48:53+08:00 ] ::1 /oaReport/
INFO: [ app_init ] --START--
INFO: Run Behavior\BuildLiteBehavior [ RunTime:0.000022s ]
INFO: [ app_init ] --END-- [ RunTime:0.000465s ]
INFO: [ app_begin ] --START--
INFO: Run Behavior\ReadHtmlCacheBehavior [ RunTime:0.001000s ]
INFO: [ app_begin ] --END-- [ RunTime:0.001103s ]
INFO: [ view_parse ] --START--
NOTIC: [8] Undefined offset: 1 C:\wamp\www\oaReport\ThinkPHP\Library\Think\Template\TagLib\Cx.class.php 第 495 行.
NOTIC: [8] Undefined offset: 1 C:\wamp\www\oaReport\ThinkPHP\Library\Think\Template\TagLib\Cx.class.php 第 495 行.
INFO: [ template_filter ] --START--
INFO: Run Behavior\ContentReplaceBehavior [ RunTime:0.000059s ]
INFO: [ template_filter ] --END-- [ RunTime:0.000160s ]
INFO: Run Behavior\ParseTemplateBehavior [ RunTime:0.007211s ]
INFO: [ view_parse ] --END-- [ RunTime:0.007336s ]
INFO: [ view_filter ] --START--
INFO: Run Behavior\WriteHtmlCacheBehavior [ RunTime:0.000755s ]
INFO: [ view_filter ] --END-- [ RunTime:0.000842s ]
INFO: [ app_end ] --START--
INFO: Run Behavior\ShowPageTraceBehavior [ RunTime:0.001072s ]
INFO: [ app_end ] --END-- [ RunTime:0.001164s ]

[ 2016-08-19T09:49:06+08:00 ] ::1 /oaReport/index.php?s=/Home/Index/cNum
INFO: [ app_init ] --START--
INFO: Run Behavior\BuildLiteBehavior [ RunTime:0.000022s ]
INFO: [ app_init ] --END-- [ RunTime:0.000453s ]
INFO: [ app_begin ] --START--
INFO: Run Behavior\ReadHtmlCacheBehavior [ RunTime:0.001064s ]
INFO: [ app_begin ] --END-- [ RunTime:0.001196s ]
NOTIC: [8192] mysql_connect(): The mysql extension is deprecated and will be removed in the future: use mysqli or PDO instead C:\wamp\www\oaReport\ThinkPHP\Library\Think\Db\Driver\Mysql.class.php 第 52 行.
SQL: SHOW COLUMNS FROM `ClaimPay` [ RunTime:0.012975s ]
SQL: SELECT ClaimPay.Claim_ID,Contract.Contract_ID,GongCheng.GC_ID,Claim_ComeIn.Tape_No,Suptract.Suptract_ID,ClaimPay.Claim_Shoukuan,ClaimPay.Claim_ShuoMing,ClaimPay.Claim_Amount,GongCheng.GC_Name,GongCheng.GC_Memo,GongCheng.GC_JuesuanAll,ComeAPOutHead.Tape_No,ComeOutHead.Tape_No,Material.Material_Name,ComeOutBody.Qty,ComeOutBody.Price,GongCheng.Creator,GongCheng.GC_StartDate,GongCheng.GC_EndDate,ClaimPay.Createtime FROM `ClaimPay` LEFT JOIN Claim_Gongcheng ON ClaimPay.Claim_ID = Claim_Gongcheng.Claim_ID LEFT JOIN GongCheng ON Claim_Gongcheng.GC_ID = GongCheng.GC_ID LEFT JOIN ComeOutHead ON GongCheng.GC_ID = ComeOutHead.GC_Id LEFT JOIN ComeOutBody ON ComeOutHead.Tape_No =ComeOutBody.Tape_No LEFT JOIN Material ON ComeOutBody.Material_Id =Material.Material_Id LEFT JOIN Claim_Contract ON ClaimPay.Claim_ID = Claim_Contract.Claim_ID LEFT JOIN Contract ON Claim_Contract.Contract_ID = Contract.Contract_ID LEFT JOIN ComeAPOutHead ON Contract.Contract_ID = ComeAPOutHead.Contract_Id LEFT JOIN Claim_ComeIn ON ClaimPay.Claim_ID = Claim_ComeIn.Claim_ID LEFT JOIN ComeInHead ON Claim_ComeIn.Tape_No = ComeInHead.Tape_No LEFT JOIN Claim_Suptract ON ClaimPay.Claim_ID = Claim_Suptract.Claim_ID LEFT JOIN Suptract ON Claim_Suptract.Suptract_ID = Suptract.Supplier_Id  WHERE ( ClaimPay.Claim_ID = 'CP-7777' ) GROUP BY GongCheng.GC_ID,Contract.Contract_ID,ComeInHead.Tape_No,Suptract.Suptract_ID ORDER BY ClaimPay.Createtime ASC  [ RunTime:0.023563s ]

[ 2016-08-19T09:51:41+08:00 ] ::1 /oaReport/index.php?s=/Home/Index/cNum
INFO: [ app_init ] --START--
INFO: Run Behavior\BuildLiteBehavior [ RunTime:0.000022s ]
INFO: [ app_init ] --END-- [ RunTime:0.000543s ]
INFO: [ app_begin ] --START--
INFO: Run Behavior\ReadHtmlCacheBehavior [ RunTime:0.001091s ]
INFO: [ app_begin ] --END-- [ RunTime:0.001198s ]
NOTIC: [8192] mysql_connect(): The mysql extension is deprecated and will be removed in the future: use mysqli or PDO instead C:\wamp\www\oaReport\ThinkPHP\Library\Think\Db\Driver\Mysql.class.php 第 52 行.
SQL: SHOW COLUMNS FROM `ClaimPay` [ RunTime:0.001959s ]
SQL: SELECT ClaimPay.Claim_ID,Contract.Contract_ID,GongCheng.GC_ID,Claim_ComeIn.Tape_No,Suptract.Suptract_ID,ClaimPay.Claim_Shoukuan,ClaimPay.Claim_ShuoMing,ClaimPay.Claim_Amount,GongCheng.GC_Name,GongCheng.GC_Memo,GongCheng.GC_JuesuanAll,ComeAPOutHead.Tape_No,ComeOutHead.Tape_No,Material.Material_Name,ComeOutBody.Qty,ComeOutBody.Price,GongCheng.Creator,GongCheng.GC_StartDate,GongCheng.GC_EndDate,ClaimPay.Createtime FROM `ClaimPay` LEFT JOIN Claim_Gongcheng ON ClaimPay.Claim_ID = Claim_Gongcheng.Claim_ID LEFT JOIN GongCheng ON Claim_Gongcheng.GC_ID = GongCheng.GC_ID LEFT JOIN ComeOutHead ON GongCheng.GC_ID = ComeOutHead.GC_Id LEFT JOIN ComeOutBody ON ComeOutHead.Tape_No =ComeOutBody.Tape_No LEFT JOIN Material ON ComeOutBody.Material_Id =Material.Material_Id LEFT JOIN Claim_Contract ON ClaimPay.Claim_ID = Claim_Contract.Claim_ID LEFT JOIN Contract ON Claim_Contract.Contract_ID = Contract.Contract_ID LEFT JOIN ComeAPOutHead ON Contract.Contract_ID = ComeAPOutHead.Contract_Id LEFT JOIN Claim_ComeIn ON ClaimPay.Claim_ID = Claim_ComeIn.Claim_ID LEFT JOIN ComeInHead ON Claim_ComeIn.Tape_No = ComeInHead.Tape_No LEFT JOIN Claim_Suptract ON ClaimPay.Claim_ID = Claim_Suptract.Claim_ID LEFT JOIN Suptract ON Claim_Suptract.Suptract_ID = Suptract.Supplier_Id  WHERE ( ClaimPay.Claim_ID = 'CP-1611' ) GROUP BY GongCheng.GC_ID,Contract.Contract_ID,ComeInHead.Tape_No,Suptract.Suptract_ID ORDER BY ClaimPay.Createtime ASC  [ RunTime:0.958971s ]

[ 2016-08-19T10:04:45+08:00 ] ::1 /oaReport/
INFO: [ app_init ] --START--
INFO: Run Behavior\BuildLiteBehavior [ RunTime:0.000021s ]
INFO: [ app_init ] --END-- [ RunTime:0.000444s ]
INFO: [ app_begin ] --START--
INFO: Run Behavior\ReadHtmlCacheBehavior [ RunTime:0.001130s ]
INFO: [ app_begin ] --END-- [ RunTime:0.001244s ]
INFO: [ view_parse ] --START--
NOTIC: [8] Undefined offset: 1 C:\wamp\www\oaReport\ThinkPHP\Library\Think\Template\TagLib\Cx.class.php 第 495 行.
NOTIC: [8] Undefined offset: 1 C:\wamp\www\oaReport\ThinkPHP\Library\Think\Template\TagLib\Cx.class.php 第 495 行.
INFO: [ template_filter ] --START--
INFO: Run Behavior\ContentReplaceBehavior [ RunTime:0.000058s ]
INFO: [ template_filter ] --END-- [ RunTime:0.000161s ]
INFO: Run Behavior\ParseTemplateBehavior [ RunTime:0.007805s ]
INFO: [ view_parse ] --END-- [ RunTime:0.007925s ]
INFO: [ view_filter ] --START--
INFO: Run Behavior\WriteHtmlCacheBehavior [ RunTime:0.000817s ]
INFO: [ view_filter ] --END-- [ RunTime:0.000913s ]
INFO: [ app_end ] --START--
INFO: Run Behavior\ShowPageTraceBehavior [ RunTime:0.000974s ]
INFO: [ app_end ] --END-- [ RunTime:0.001074s ]

[ 2016-08-19T10:04:48+08:00 ] ::1 /oaReport/index.php?s=/Home/Index/cNum
INFO: [ app_init ] --START--
INFO: Run Behavior\BuildLiteBehavior [ RunTime:0.000020s ]
INFO: [ app_init ] --END-- [ RunTime:0.000406s ]
INFO: [ app_begin ] --START--
INFO: Run Behavior\ReadHtmlCacheBehavior [ RunTime:0.000862s ]
INFO: [ app_begin ] --END-- [ RunTime:0.000957s ]
NOTIC: [8192] mysql_connect(): The mysql extension is deprecated and will be removed in the future: use mysqli or PDO instead C:\wamp\www\oaReport\ThinkPHP\Library\Think\Db\Driver\Mysql.class.php 第 52 行.
SQL: SHOW COLUMNS FROM `ClaimPay` [ RunTime:0.002510s ]
SQL: SELECT ClaimPay.Claim_ID,Contract.Contract_ID,GongCheng.GC_ID,Claim_ComeIn.Tape_No,Suptract.Suptract_ID,ClaimPay.Claim_Shoukuan,ClaimPay.Claim_ShuoMing,ClaimPay.Claim_Amount,GongCheng.GC_Name,GongCheng.GC_Memo,GongCheng.GC_JuesuanAll,ComeAPOutHead.Tape_No,ComeOutHead.Tape_No,Material.Material_Name,ComeOutBody.Qty,ComeOutBody.Price,GongCheng.Creator,GongCheng.GC_StartDate,GongCheng.GC_EndDate,ClaimPay.Createtime FROM `ClaimPay` LEFT JOIN Claim_Gongcheng ON ClaimPay.Claim_ID = Claim_Gongcheng.Claim_ID LEFT JOIN GongCheng ON Claim_Gongcheng.GC_ID = GongCheng.GC_ID LEFT JOIN ComeOutHead ON GongCheng.GC_ID = ComeOutHead.GC_Id LEFT JOIN ComeOutBody ON ComeOutHead.Tape_No =ComeOutBody.Tape_No LEFT JOIN Material ON ComeOutBody.Material_Id =Material.Material_Id LEFT JOIN Claim_Contract ON ClaimPay.Claim_ID = Claim_Contract.Claim_ID LEFT JOIN Contract ON Claim_Contract.Contract_ID = Contract.Contract_ID LEFT JOIN ComeAPOutHead ON Contract.Contract_ID = ComeAPOutHead.Contract_Id LEFT JOIN Claim_ComeIn ON ClaimPay.Claim_ID = Claim_ComeIn.Claim_ID LEFT JOIN ComeInHead ON Claim_ComeIn.Tape_No = ComeInHead.Tape_No LEFT JOIN Claim_Suptract ON ClaimPay.Claim_ID = Claim_Suptract.Claim_ID LEFT JOIN Suptract ON Claim_Suptract.Suptract_ID = Suptract.Supplier_Id  WHERE ( ClaimPay.Claim_ID = 'CP-1611' ) GROUP BY GongCheng.GC_ID,Contract.Contract_ID,ComeInHead.Tape_No,Suptract.Suptract_ID ORDER BY ClaimPay.Createtime ASC  [ RunTime:0.958038s ]

[ 2016-08-19T10:33:29+08:00 ] ::1 /oaReport/
INFO: [ app_init ] --START--
INFO: Run Behavior\BuildLiteBehavior [ RunTime:0.000020s ]
INFO: [ app_init ] --END-- [ RunTime:0.000415s ]
INFO: [ app_begin ] --START--
INFO: Run Behavior\ReadHtmlCacheBehavior [ RunTime:0.001030s ]
INFO: [ app_begin ] --END-- [ RunTime:0.001177s ]
INFO: [ view_parse ] --START--
NOTIC: [8] Undefined offset: 1 C:\wamp\www\oaReport\ThinkPHP\Library\Think\Template\TagLib\Cx.class.php 第 495 行.
NOTIC: [8] Undefined offset: 1 C:\wamp\www\oaReport\ThinkPHP\Library\Think\Template\TagLib\Cx.class.php 第 495 行.
INFO: [ template_filter ] --START--
INFO: Run Behavior\ContentReplaceBehavior [ RunTime:0.000052s ]
INFO: [ template_filter ] --END-- [ RunTime:0.000147s ]
INFO: Run Behavior\ParseTemplateBehavior [ RunTime:0.006909s ]
INFO: [ view_parse ] --END-- [ RunTime:0.007008s ]
INFO: [ view_filter ] --START--
INFO: Run Behavior\WriteHtmlCacheBehavior [ RunTime:0.000859s ]
INFO: [ view_filter ] --END-- [ RunTime:0.000945s ]
INFO: [ app_end ] --START--
INFO: Run Behavior\ShowPageTraceBehavior [ RunTime:0.001003s ]
INFO: [ app_end ] --END-- [ RunTime:0.001092s ]

[ 2016-08-19T10:33:31+08:00 ] ::1 /oaReport/index.php?s=/Home/Index/cNum
INFO: [ app_init ] --START--
INFO: Run Behavior\BuildLiteBehavior [ RunTime:0.000022s ]
INFO: [ app_init ] --END-- [ RunTime:0.000458s ]
INFO: [ app_begin ] --START--
INFO: Run Behavior\ReadHtmlCacheBehavior [ RunTime:0.000999s ]
INFO: [ app_begin ] --END-- [ RunTime:0.001106s ]
NOTIC: [8192] mysql_connect(): The mysql extension is deprecated and will be removed in the future: use mysqli or PDO instead C:\wamp\www\oaReport\ThinkPHP\Library\Think\Db\Driver\Mysql.class.php 第 52 行.
SQL: SHOW COLUMNS FROM `ClaimPay` [ RunTime:0.001858s ]
SQL: SELECT ClaimPay.Claim_ID,Contract.Contract_ID,GongCheng.GC_ID,Claim_ComeIn.Tape_No,Suptract.Suptract_ID,ClaimPay.Claim_Shoukuan,ClaimPay.Claim_ShuoMing,ClaimPay.Claim_Amount,GongCheng.GC_Name,GongCheng.GC_Memo,GongCheng.GC_JuesuanAll,ComeAPOutHead.Tape_No,ComeOutHead.Tape_No,Material.Material_Name,ComeOutBody.Qty,ComeOutBody.Price,GongCheng.Creator,GongCheng.GC_StartDate,GongCheng.GC_EndDate,ClaimPay.Createtime FROM `ClaimPay` LEFT JOIN Claim_Gongcheng ON ClaimPay.Claim_ID = Claim_Gongcheng.Claim_ID LEFT JOIN GongCheng ON Claim_Gongcheng.GC_ID = GongCheng.GC_ID LEFT JOIN ComeOutHead ON GongCheng.GC_ID = ComeOutHead.GC_Id LEFT JOIN ComeOutBody ON ComeOutHead.Tape_No =ComeOutBody.Tape_No LEFT JOIN Material ON ComeOutBody.Material_Id =Material.Material_Id LEFT JOIN Claim_Contract ON ClaimPay.Claim_ID = Claim_Contract.Claim_ID LEFT JOIN Contract ON Claim_Contract.Contract_ID = Contract.Contract_ID LEFT JOIN ComeAPOutHead ON Contract.Contract_ID = ComeAPOutHead.Contract_Id LEFT JOIN Claim_ComeIn ON ClaimPay.Claim_ID = Claim_ComeIn.Claim_ID LEFT JOIN ComeInHead ON Claim_ComeIn.Tape_No = ComeInHead.Tape_No LEFT JOIN Claim_Suptract ON ClaimPay.Claim_ID = Claim_Suptract.Claim_ID LEFT JOIN Suptract ON Claim_Suptract.Suptract_ID = Suptract.Supplier_Id  WHERE ( ClaimPay.Claim_ID = 'CP-1611' ) GROUP BY GongCheng.GC_ID,Contract.Contract_ID,ComeInHead.Tape_No,Suptract.Suptract_ID ORDER BY ClaimPay.Createtime ASC  [ RunTime:0.959676s ]
ERR: Column string index can not be longer than 3 characters

[ 2016-08-19T10:40:19+08:00 ] ::1 /oaReport/index.php?s=/Home/Index/cNum
INFO: [ app_init ] --START--
INFO: Run Behavior\BuildLiteBehavior [ RunTime:0.000022s ]
INFO: [ app_init ] --END-- [ RunTime:0.000409s ]
INFO: [ app_begin ] --START--
INFO: Run Behavior\ReadHtmlCacheBehavior [ RunTime:0.000957s ]
INFO: [ app_begin ] --END-- [ RunTime:0.001052s ]
NOTIC: [8192] mysql_connect(): The mysql extension is deprecated and will be removed in the future: use mysqli or PDO instead C:\wamp\www\oaReport\ThinkPHP\Library\Think\Db\Driver\Mysql.class.php 第 52 行.
SQL: SHOW COLUMNS FROM `ClaimPay` [ RunTime:0.001884s ]
SQL: SELECT ClaimPay.Claim_ID,Contract.Contract_ID,GongCheng.GC_ID,Claim_ComeIn.Tape_No,Suptract.Suptract_ID,ClaimPay.Claim_Shoukuan,ClaimPay.Claim_ShuoMing,ClaimPay.Claim_Amount,GongCheng.GC_Name,GongCheng.GC_Memo,GongCheng.GC_JuesuanAll,ComeAPOutHead.Tape_No,ComeOutHead.Tape_No,Material.Material_Name,ComeOutBody.Qty,ComeOutBody.Price,GongCheng.Creator,GongCheng.GC_StartDate,GongCheng.GC_EndDate,ClaimPay.Createtime FROM `ClaimPay` LEFT JOIN Claim_Gongcheng ON ClaimPay.Claim_ID = Claim_Gongcheng.Claim_ID LEFT JOIN GongCheng ON Claim_Gongcheng.GC_ID = GongCheng.GC_ID LEFT JOIN ComeOutHead ON GongCheng.GC_ID = ComeOutHead.GC_Id LEFT JOIN ComeOutBody ON ComeOutHead.Tape_No =ComeOutBody.Tape_No LEFT JOIN Material ON ComeOutBody.Material_Id =Material.Material_Id LEFT JOIN Claim_Contract ON ClaimPay.Claim_ID = Claim_Contract.Claim_ID LEFT JOIN Contract ON Claim_Contract.Contract_ID = Contract.Contract_ID LEFT JOIN ComeAPOutHead ON Contract.Contract_ID = ComeAPOutHead.Contract_Id LEFT JOIN Claim_ComeIn ON ClaimPay.Claim_ID = Claim_ComeIn.Claim_ID LEFT JOIN ComeInHead ON Claim_ComeIn.Tape_No = ComeInHead.Tape_No LEFT JOIN Claim_Suptract ON ClaimPay.Claim_ID = Claim_Suptract.Claim_ID LEFT JOIN Suptract ON Claim_Suptract.Suptract_ID = Suptract.Supplier_Id  WHERE ( ClaimPay.Claim_ID = 'CP-1611' ) GROUP BY GongCheng.GC_ID,Contract.Contract_ID,ComeInHead.Tape_No,Suptract.Suptract_ID ORDER BY ClaimPay.Createtime ASC  [ RunTime:0.959296s ]

[ 2016-08-19T11:09:28+08:00 ] ::1 /oaReport/index.php?s=/Home/Index/cNum
INFO: [ app_init ] --START--
INFO: Run Behavior\BuildLiteBehavior [ RunTime:0.000023s ]
INFO: [ app_init ] --END-- [ RunTime:0.000466s ]
INFO: [ app_begin ] --START--
INFO: Run Behavior\ReadHtmlCacheBehavior [ RunTime:0.001154s ]
INFO: [ app_begin ] --END-- [ RunTime:0.001375s ]
NOTIC: [8192] mysql_connect(): The mysql extension is deprecated and will be removed in the future: use mysqli or PDO instead C:\wamp\www\oaReport\ThinkPHP\Library\Think\Db\Driver\Mysql.class.php 第 52 行.
SQL: SHOW COLUMNS FROM `ClaimPay` [ RunTime:0.013670s ]
SQL: SELECT ClaimPay.Claim_ID,Contract.Contract_ID,GongCheng.GC_ID,Claim_ComeIn.Tape_No,Suptract.Suptract_ID,ClaimPay.Claim_Shoukuan,ClaimPay.Claim_ShuoMing,ClaimPay.Claim_Amount,GongCheng.GC_Name,GongCheng.GC_Memo,GongCheng.GC_JuesuanAll,ComeAPOutHead.Tape_No,ComeOutHead.Tape_No,Material.Material_Name,ComeOutBody.Qty,ComeOutBody.Price,GongCheng.Creator,GongCheng.GC_StartDate,GongCheng.GC_EndDate,ClaimPay.Createtime FROM `ClaimPay` LEFT JOIN Claim_Gongcheng ON ClaimPay.Claim_ID = Claim_Gongcheng.Claim_ID LEFT JOIN GongCheng ON Claim_Gongcheng.GC_ID = GongCheng.GC_ID LEFT JOIN ComeOutHead ON GongCheng.GC_ID = ComeOutHead.GC_Id LEFT JOIN ComeOutBody ON ComeOutHead.Tape_No =ComeOutBody.Tape_No LEFT JOIN Material ON ComeOutBody.Material_Id =Material.Material_Id LEFT JOIN Claim_Contract ON ClaimPay.Claim_ID = Claim_Contract.Claim_ID LEFT JOIN Contract ON Claim_Contract.Contract_ID = Contract.Contract_ID LEFT JOIN ComeAPOutHead ON Contract.Contract_ID = ComeAPOutHead.Contract_Id LEFT JOIN Claim_ComeIn ON ClaimPay.Claim_ID = Claim_ComeIn.Claim_ID LEFT JOIN ComeInHead ON Claim_ComeIn.Tape_No = ComeInHead.Tape_No LEFT JOIN Claim_Suptract ON ClaimPay.Claim_ID = Claim_Suptract.Claim_ID LEFT JOIN Suptract ON Claim_Suptract.Suptract_ID = Suptract.Supplier_Id  WHERE ( ClaimPay.Claim_ID = 'CP-1625' ) GROUP BY GongCheng.GC_ID,Contract.Contract_ID,ComeInHead.Tape_No,Suptract.Suptract_ID ORDER BY ClaimPay.Createtime ASC  [ RunTime:0.018306s ]

[ 2016-08-19T11:10:40+08:00 ] ::1 /oaReport/index.php?s=/Home/Index/cNum
INFO: [ app_init ] --START--
INFO: Run Behavior\BuildLiteBehavior [ RunTime:0.000020s ]
INFO: [ app_init ] --END-- [ RunTime:0.000420s ]
INFO: [ app_begin ] --START--
INFO: Run Behavior\ReadHtmlCacheBehavior [ RunTime:0.000886s ]
INFO: [ app_begin ] --END-- [ RunTime:0.000979s ]
NOTIC: [8192] mysql_connect(): The mysql extension is deprecated and will be removed in the future: use mysqli or PDO instead C:\wamp\www\oaReport\ThinkPHP\Library\Think\Db\Driver\Mysql.class.php 第 52 行.
SQL: SHOW COLUMNS FROM `ClaimPay` [ RunTime:0.001807s ]
SQL: SELECT ClaimPay.Claim_ID,Contract.Contract_ID,GongCheng.GC_ID,Claim_ComeIn.Tape_No,Suptract.Suptract_ID,ClaimPay.Claim_Shoukuan,ClaimPay.Claim_ShuoMing,ClaimPay.Claim_Amount,GongCheng.GC_Name,GongCheng.GC_Memo,GongCheng.GC_JuesuanAll,ComeAPOutHead.Tape_No,ComeOutHead.Tape_No,Material.Material_Name,ComeOutBody.Qty,ComeOutBody.Price,GongCheng.Creator,GongCheng.GC_StartDate,GongCheng.GC_EndDate,ClaimPay.Createtime FROM `ClaimPay` LEFT JOIN Claim_Gongcheng ON ClaimPay.Claim_ID = Claim_Gongcheng.Claim_ID LEFT JOIN GongCheng ON Claim_Gongcheng.GC_ID = GongCheng.GC_ID LEFT JOIN ComeOutHead ON GongCheng.GC_ID = ComeOutHead.GC_Id LEFT JOIN ComeOutBody ON ComeOutHead.Tape_No =ComeOutBody.Tape_No LEFT JOIN Material ON ComeOutBody.Material_Id =Material.Material_Id LEFT JOIN Claim_Contract ON ClaimPay.Claim_ID = Claim_Contract.Claim_ID LEFT JOIN Contract ON Claim_Contract.Contract_ID = Contract.Contract_ID LEFT JOIN ComeAPOutHead ON Contract.Contract_ID = ComeAPOutHead.Contract_Id LEFT JOIN Claim_ComeIn ON ClaimPay.Claim_ID = Claim_ComeIn.Claim_ID LEFT JOIN ComeInHead ON Claim_ComeIn.Tape_No = ComeInHead.Tape_No LEFT JOIN Claim_Suptract ON ClaimPay.Claim_ID = Claim_Suptract.Claim_ID LEFT JOIN Suptract ON Claim_Suptract.Suptract_ID = Suptract.Supplier_Id  WHERE ( ClaimPay.Claim_ID = 'CP-1625' ) GROUP BY GongCheng.GC_ID,Contract.Contract_ID,ComeInHead.Tape_No,Suptract.Suptract_ID ORDER BY ClaimPay.Createtime ASC  [ RunTime:0.014770s ]

[ 2016-08-19T11:11:30+08:00 ] ::1 /oaReport/index.php?s=/Home/Index/cNum
INFO: [ app_init ] --START--
INFO: Run Behavior\BuildLiteBehavior [ RunTime:0.000022s ]
INFO: [ app_init ] --END-- [ RunTime:0.000462s ]
INFO: [ app_begin ] --START--
INFO: Run Behavior\ReadHtmlCacheBehavior [ RunTime:0.001093s ]
INFO: [ app_begin ] --END-- [ RunTime:0.001207s ]
NOTIC: [8192] mysql_connect(): The mysql extension is deprecated and will be removed in the future: use mysqli or PDO instead C:\wamp\www\oaReport\ThinkPHP\Library\Think\Db\Driver\Mysql.class.php 第 52 行.
SQL: SHOW COLUMNS FROM `ClaimPay` [ RunTime:0.001759s ]
SQL: SELECT ClaimPay.Claim_ID,Contract.Contract_ID,GongCheng.GC_ID,Claim_ComeIn.Tape_No,Suptract.Suptract_ID,ClaimPay.Claim_Shoukuan,ClaimPay.Claim_ShuoMing,ClaimPay.Claim_Amount,GongCheng.GC_Name,GongCheng.GC_Memo,GongCheng.GC_JuesuanAll,ComeAPOutHead.Tape_No,ComeOutHead.Tape_No,Material.Material_Name,ComeOutBody.Qty,ComeOutBody.Price,GongCheng.Creator,GongCheng.GC_StartDate,GongCheng.GC_EndDate,ClaimPay.Createtime FROM `ClaimPay` LEFT JOIN Claim_Gongcheng ON ClaimPay.Claim_ID = Claim_Gongcheng.Claim_ID LEFT JOIN GongCheng ON Claim_Gongcheng.GC_ID = GongCheng.GC_ID LEFT JOIN ComeOutHead ON GongCheng.GC_ID = ComeOutHead.GC_Id LEFT JOIN ComeOutBody ON ComeOutHead.Tape_No =ComeOutBody.Tape_No LEFT JOIN Material ON ComeOutBody.Material_Id =Material.Material_Id LEFT JOIN Claim_Contract ON ClaimPay.Claim_ID = Claim_Contract.Claim_ID LEFT JOIN Contract ON Claim_Contract.Contract_ID = Contract.Contract_ID LEFT JOIN ComeAPOutHead ON Contract.Contract_ID = ComeAPOutHead.Contract_Id LEFT JOIN Claim_ComeIn ON ClaimPay.Claim_ID = Claim_ComeIn.Claim_ID LEFT JOIN ComeInHead ON Claim_ComeIn.Tape_No = ComeInHead.Tape_No LEFT JOIN Claim_Suptract ON ClaimPay.Claim_ID = Claim_Suptract.Claim_ID LEFT JOIN Suptract ON Claim_Suptract.Suptract_ID = Suptract.Supplier_Id  WHERE ( ClaimPay.Claim_ID = 'CP-1611' ) GROUP BY GongCheng.GC_ID,Contract.Contract_ID,ComeInHead.Tape_No,Suptract.Suptract_ID ORDER BY ClaimPay.Createtime ASC  [ RunTime:0.959984s ]

[ 2016-08-19T11:15:46+08:00 ] ::1 /oaReport/
INFO: [ app_init ] --START--
INFO: Run Behavior\BuildLiteBehavior [ RunTime:0.000020s ]
INFO: [ app_init ] --END-- [ RunTime:0.000416s ]
INFO: [ app_begin ] --START--
INFO: Run Behavior\ReadHtmlCacheBehavior [ RunTime:0.001433s ]
INFO: [ app_begin ] --END-- [ RunTime:0.001598s ]
INFO: [ view_parse ] --START--
NOTIC: [8] Undefined offset: 1 C:\wamp\www\oaReport\ThinkPHP\Library\Think\Template\TagLib\Cx.class.php 第 495 行.
NOTIC: [8] Undefined offset: 1 C:\wamp\www\oaReport\ThinkPHP\Library\Think\Template\TagLib\Cx.class.php 第 495 行.
INFO: [ template_filter ] --START--
INFO: Run Behavior\ContentReplaceBehavior [ RunTime:0.000050s ]
INFO: [ template_filter ] --END-- [ RunTime:0.000136s ]
INFO: Run Behavior\ParseTemplateBehavior [ RunTime:0.006297s ]
INFO: [ view_parse ] --END-- [ RunTime:0.006392s ]
INFO: [ view_filter ] --START--
INFO: Run Behavior\WriteHtmlCacheBehavior [ RunTime:0.000754s ]
INFO: [ view_filter ] --END-- [ RunTime:0.000839s ]
INFO: [ app_end ] --START--
INFO: Run Behavior\ShowPageTraceBehavior [ RunTime:0.000897s ]
INFO: [ app_end ] --END-- [ RunTime:0.000982s ]

[ 2016-08-19T11:15:49+08:00 ] ::1 /oaReport/index.php?s=/Home/Index/cNum
INFO: [ app_init ] --START--
INFO: Run Behavior\BuildLiteBehavior [ RunTime:0.000022s ]
INFO: [ app_init ] --END-- [ RunTime:0.000455s ]
INFO: [ app_begin ] --START--
INFO: Run Behavior\ReadHtmlCacheBehavior [ RunTime:0.000991s ]
INFO: [ app_begin ] --END-- [ RunTime:0.001094s ]
NOTIC: [8192] mysql_connect(): The mysql extension is deprecated and will be removed in the future: use mysqli or PDO instead C:\wamp\www\oaReport\ThinkPHP\Library\Think\Db\Driver\Mysql.class.php 第 52 行.
SQL: SHOW COLUMNS FROM `ClaimPay` [ RunTime:0.007888s ]
SQL: SELECT ClaimPay.Claim_ID,Contract.Contract_ID,GongCheng.GC_ID,Suptract.Suptract_ID,ClaimPay.Claim_Shoukuan,ClaimPay.Claim_ShuoMing,ClaimPay.Claim_Amount,GongCheng.GC_Name,GongCheng.GC_Memo,GongCheng.GC_JuesuanAll,Material.Material_Name,ComeOutBody.Qty,ComeOutBody.Price,GongCheng.Creator,GongCheng.GC_StartDate,GongCheng.GC_EndDate,ClaimPay.Createtime,ComeAPOutHead.Tape_No,ComeOutHead.Tape_No FROM `ClaimPay` LEFT JOIN Claim_Gongcheng ON ClaimPay.Claim_ID = Claim_Gongcheng.Claim_ID LEFT JOIN GongCheng ON Claim_Gongcheng.GC_ID = GongCheng.GC_ID LEFT JOIN ComeOutHead ON GongCheng.GC_ID = ComeOutHead.GC_Id LEFT JOIN ComeOutBody ON ComeOutHead.Tape_No =ComeOutBody.Tape_No LEFT JOIN Material ON ComeOutBody.Material_Id =Material.Material_Id LEFT JOIN Claim_Contract ON ClaimPay.Claim_ID = Claim_Contract.Claim_ID LEFT JOIN Contract ON Claim_Contract.Contract_ID = Contract.Contract_ID LEFT JOIN ComeAPOutHead ON Contract.Contract_ID = ComeAPOutHead.Contract_Id LEFT JOIN Claim_ComeIn ON ClaimPay.Claim_ID = Claim_ComeIn.Claim_ID LEFT JOIN ComeInHead ON Claim_ComeIn.Tape_No = ComeInHead.Tape_No LEFT JOIN Claim_Suptract ON ClaimPay.Claim_ID = Claim_Suptract.Claim_ID LEFT JOIN Suptract ON Claim_Suptract.Suptract_ID = Suptract.Supplier_Id  WHERE ( ClaimPay.Claim_ID = 'CP-1611' ) GROUP BY GongCheng.GC_ID,Contract.Contract_ID,ComeInHead.Tape_No,Suptract.Suptract_ID ORDER BY ClaimPay.Createtime ASC  [ RunTime:0.966681s ]

[ 2016-08-19T11:20:10+08:00 ] ::1 /oaReport/
INFO: [ app_init ] --START--
INFO: Run Behavior\BuildLiteBehavior [ RunTime:0.000032s ]
INFO: [ app_init ] --END-- [ RunTime:0.000469s ]
INFO: [ app_begin ] --START--
INFO: Run Behavior\ReadHtmlCacheBehavior [ RunTime:0.001090s ]
INFO: [ app_begin ] --END-- [ RunTime:0.001196s ]
INFO: [ view_parse ] --START--
NOTIC: [8] Undefined offset: 1 C:\wamp\www\oaReport\ThinkPHP\Library\Think\Template\TagLib\Cx.class.php 第 495 行.
NOTIC: [8] Undefined offset: 1 C:\wamp\www\oaReport\ThinkPHP\Library\Think\Template\TagLib\Cx.class.php 第 495 行.
INFO: [ template_filter ] --START--
INFO: Run Behavior\ContentReplaceBehavior [ RunTime:0.000056s ]
INFO: [ template_filter ] --END-- [ RunTime:0.000160s ]
INFO: Run Behavior\ParseTemplateBehavior [ RunTime:0.007638s ]
INFO: [ view_parse ] --END-- [ RunTime:0.007744s ]
INFO: [ view_filter ] --START--
INFO: Run Behavior\WriteHtmlCacheBehavior [ RunTime:0.000867s ]
INFO: [ view_filter ] --END-- [ RunTime:0.000963s ]
INFO: [ app_end ] --START--
INFO: Run Behavior\ShowPageTraceBehavior [ RunTime:0.001023s ]
INFO: [ app_end ] --END-- [ RunTime:0.001147s ]

[ 2016-08-19T11:20:14+08:00 ] ::1 /oaReport/index.php?s=/Home/Index/cNum
INFO: [ app_init ] --START--
INFO: Run Behavior\BuildLiteBehavior [ RunTime:0.000021s ]
INFO: [ app_init ] --END-- [ RunTime:0.000497s ]
INFO: [ app_begin ] --START--
INFO: Run Behavior\ReadHtmlCacheBehavior [ RunTime:0.001107s ]
INFO: [ app_begin ] --END-- [ RunTime:0.001224s ]
NOTIC: [8192] mysql_connect(): The mysql extension is deprecated and will be removed in the future: use mysqli or PDO instead C:\wamp\www\oaReport\ThinkPHP\Library\Think\Db\Driver\Mysql.class.php 第 52 行.
SQL: SHOW COLUMNS FROM `ClaimPay` [ RunTime:0.012701s ]
SQL: SELECT ClaimPay.Claim_ID,Contract.Contract_ID,GongCheng.GC_ID,ComeInHead.Tape_No,Suptract.Suptract_ID,ClaimPay.Claim_Shoukuan,ClaimPay.Claim_ShuoMing,ClaimPay.Claim_Amount,GongCheng.GC_Name,GongCheng.GC_Memo,GongCheng.GC_JuesuanAll,Material.Material_Name,ComeOutBody.Qty,ComeOutBody.Price,GongCheng.Creator,GongCheng.GC_StartDate,GongCheng.GC_EndDate,ClaimPay.Createtime,ComeAPOutHead.Tape_No,ComeOutHead.Tape_No FROM `ClaimPay` LEFT JOIN Claim_Gongcheng ON ClaimPay.Claim_ID = Claim_Gongcheng.Claim_ID LEFT JOIN GongCheng ON Claim_Gongcheng.GC_ID = GongCheng.GC_ID LEFT JOIN ComeOutHead ON GongCheng.GC_ID = ComeOutHead.GC_Id LEFT JOIN ComeOutBody ON ComeOutHead.Tape_No =ComeOutBody.Tape_No LEFT JOIN Material ON ComeOutBody.Material_Id =Material.Material_Id LEFT JOIN Claim_Contract ON ClaimPay.Claim_ID = Claim_Contract.Claim_ID LEFT JOIN Contract ON Claim_Contract.Contract_ID = Contract.Contract_ID LEFT JOIN ComeAPOutHead ON Contract.Contract_ID = ComeAPOutHead.Contract_Id LEFT JOIN Claim_ComeIn ON ClaimPay.Claim_ID = Claim_ComeIn.Claim_ID LEFT JOIN ComeInHead ON Claim_ComeIn.Tape_No = ComeInHead.Tape_No LEFT JOIN Claim_Suptract ON ClaimPay.Claim_ID = Claim_Suptract.Claim_ID LEFT JOIN Suptract ON Claim_Suptract.Suptract_ID = Suptract.Supplier_Id  WHERE ( ClaimPay.Claim_ID = 'CP-1611' ) GROUP BY GongCheng.GC_ID,Contract.Contract_ID,ComeInHead.Tape_No,Suptract.Suptract_ID ORDER BY ClaimPay.Createtime ASC  [ RunTime:0.983946s ]

[ 2016-08-19T11:21:52+08:00 ] ::1 /oaReport/
INFO: [ app_init ] --START--
INFO: Run Behavior\BuildLiteBehavior [ RunTime:0.000022s ]
INFO: [ app_init ] --END-- [ RunTime:0.000476s ]
INFO: [ app_begin ] --START--
INFO: Run Behavior\ReadHtmlCacheBehavior [ RunTime:0.001015s ]
INFO: [ app_begin ] --END-- [ RunTime:0.001118s ]
INFO: [ view_parse ] --START--
NOTIC: [8] Undefined offset: 1 C:\wamp\www\oaReport\ThinkPHP\Library\Think\Template\TagLib\Cx.class.php 第 495 行.
NOTIC: [8] Undefined offset: 1 C:\wamp\www\oaReport\ThinkPHP\Library\Think\Template\TagLib\Cx.class.php 第 495 行.
INFO: [ template_filter ] --START--
INFO: Run Behavior\ContentReplaceBehavior [ RunTime:0.000058s ]
INFO: [ template_filter ] --END-- [ RunTime:0.000159s ]
INFO: Run Behavior\ParseTemplateBehavior [ RunTime:0.007132s ]
INFO: [ view_parse ] --END-- [ RunTime:0.007237s ]
INFO: [ view_filter ] --START--
INFO: Run Behavior\WriteHtmlCacheBehavior [ RunTime:0.000863s ]
INFO: [ view_filter ] --END-- [ RunTime:0.000961s ]
INFO: [ app_end ] --START--
INFO: Run Behavior\ShowPageTraceBehavior [ RunTime:0.001019s ]
INFO: [ app_end ] --END-- [ RunTime:0.001117s ]

[ 2016-08-19T11:21:55+08:00 ] ::1 /oaReport/index.php?s=/Home/Index/cNum
INFO: [ app_init ] --START--
INFO: Run Behavior\BuildLiteBehavior [ RunTime:0.000022s ]
INFO: [ app_init ] --END-- [ RunTime:0.000448s ]
INFO: [ app_begin ] --START--
INFO: Run Behavior\ReadHtmlCacheBehavior [ RunTime:0.000981s ]
INFO: [ app_begin ] --END-- [ RunTime:0.001086s ]
NOTIC: [8192] mysql_connect(): The mysql extension is deprecated and will be removed in the future: use mysqli or PDO instead C:\wamp\www\oaReport\ThinkPHP\Library\Think\Db\Driver\Mysql.class.php 第 52 行.
SQL: SHOW COLUMNS FROM `ClaimPay` [ RunTime:0.001817s ]
SQL: SELECT ClaimPay.Claim_ID,Contract.Contract_ID,GongCheng.GC_ID,ComeOutHead.Tape_No,Suptract.Suptract_ID,ClaimPay.Claim_Shoukuan,ClaimPay.Claim_ShuoMing,ClaimPay.Claim_Amount,GongCheng.GC_Name,GongCheng.GC_Memo,GongCheng.GC_JuesuanAll,Material.Material_Name,ComeOutBody.Qty,ComeOutBody.Price,GongCheng.Creator,GongCheng.GC_StartDate,GongCheng.GC_EndDate,ClaimPay.Createtime,ComeAPOutHead.Tape_No,ComeOutHead.Tape_No FROM `ClaimPay` LEFT JOIN Claim_Gongcheng ON ClaimPay.Claim_ID = Claim_Gongcheng.Claim_ID LEFT JOIN GongCheng ON Claim_Gongcheng.GC_ID = GongCheng.GC_ID LEFT JOIN ComeOutHead ON GongCheng.GC_ID = ComeOutHead.GC_Id LEFT JOIN ComeOutBody ON ComeOutHead.Tape_No =ComeOutBody.Tape_No LEFT JOIN Material ON ComeOutBody.Material_Id =Material.Material_Id LEFT JOIN Claim_Contract ON ClaimPay.Claim_ID = Claim_Contract.Claim_ID LEFT JOIN Contract ON Claim_Contract.Contract_ID = Contract.Contract_ID LEFT JOIN ComeAPOutHead ON Contract.Contract_ID = ComeAPOutHead.Contract_Id LEFT JOIN Claim_ComeIn ON ClaimPay.Claim_ID = Claim_ComeIn.Claim_ID LEFT JOIN ComeInHead ON Claim_ComeIn.Tape_No = ComeInHead.Tape_No LEFT JOIN Claim_Suptract ON ClaimPay.Claim_ID = Claim_Suptract.Claim_ID LEFT JOIN Suptract ON Claim_Suptract.Suptract_ID = Suptract.Supplier_Id  WHERE ( ClaimPay.Claim_ID = 'CP-1611' ) GROUP BY GongCheng.GC_ID,Contract.Contract_ID,ComeInHead.Tape_No,Suptract.Suptract_ID ORDER BY ClaimPay.Createtime ASC  [ RunTime:0.962493s ]

[ 2016-08-19T11:32:18+08:00 ] ::1 /oaReport/index.php?s=/Home/Index/cNum
INFO: [ app_init ] --START--
INFO: Run Behavior\BuildLiteBehavior [ RunTime:0.000021s ]
INFO: [ app_init ] --END-- [ RunTime:0.000465s ]
INFO: [ app_begin ] --START--
INFO: Run Behavior\ReadHtmlCacheBehavior [ RunTime:0.001053s ]
INFO: [ app_begin ] --END-- [ RunTime:0.001161s ]
NOTIC: [8192] mysql_connect(): The mysql extension is deprecated and will be removed in the future: use mysqli or PDO instead C:\wamp\www\oaReport\ThinkPHP\Library\Think\Db\Driver\Mysql.class.php 第 52 行.
SQL: SHOW COLUMNS FROM `ClaimPay` [ RunTime:0.013810s ]
SQL: SELECT ClaimPay.Claim_ID,Contract.Contract_ID,GongCheng.GC_ID,ComeInHead.Tape_No,Suptract.Suptract_ID,ClaimPay.Claim_Shoukuan,ClaimPay.Claim_ShuoMing,ClaimPay.Claim_Amount,GongCheng.GC_Name,GongCheng.GC_Memo,GongCheng.GC_JuesuanAll,Material.Material_Name,ComeOutBody.Qty,ComeOutBody.Price,GongCheng.Creator,GongCheng.GC_StartDate,GongCheng.GC_EndDate,ClaimPay.Createtime,ComeAPOutHead.Tape_No,ComeOutHead.Tape_No FROM `ClaimPay` LEFT JOIN Claim_Gongcheng ON ClaimPay.Claim_ID = Claim_Gongcheng.Claim_ID LEFT JOIN GongCheng ON Claim_Gongcheng.GC_ID = GongCheng.GC_ID LEFT JOIN ComeOutHead ON GongCheng.GC_ID = ComeOutHead.GC_Id LEFT JOIN ComeOutBody ON ComeOutHead.Tape_No =ComeOutBody.Tape_No LEFT JOIN Material ON ComeOutBody.Material_Id =Material.Material_Id LEFT JOIN Claim_Contract ON ClaimPay.Claim_ID = Claim_Contract.Claim_ID LEFT JOIN Contract ON Claim_Contract.Contract_ID = Contract.Contract_ID LEFT JOIN ComeAPOutHead ON Contract.Contract_ID = ComeAPOutHead.Contract_Id LEFT JOIN Claim_ComeIn ON ClaimPay.Claim_ID = Claim_ComeIn.Claim_ID LEFT JOIN ComeInHead ON Claim_ComeIn.Tape_No = ComeInHead.Tape_No LEFT JOIN ComeInBody ON ComeOutHead. LEFT JOIN Claim_Suptract ON ClaimPay.Claim_ID = Claim_Suptract.Claim_ID LEFT JOIN Suptract ON Claim_Suptract.Suptract_ID = Suptract.Supplier_Id  WHERE ( ClaimPay.Claim_ID = 'CP-1611' ) GROUP BY GongCheng.GC_ID,Contract.Contract_ID,ComeInHead.Tape_No,Suptract.Suptract_ID ORDER BY ClaimPay.Createtime ASC  [ RunTime:0.011210s ]
ERR: 1064:You have an error in your SQL syntax; check the manual that corresponds to your MySQL server version for the right syntax to use near 'LEFT JOIN Claim_Suptract ON ClaimPay.Claim_ID = Claim_Suptract.Claim_ID LEFT JOI' at line 1
 [ SQL语句 ] : SELECT ClaimPay.Claim_ID,Contract.Contract_ID,GongCheng.GC_ID,ComeInHead.Tape_No,Suptract.Suptract_ID,ClaimPay.Claim_Shoukuan,ClaimPay.Claim_ShuoMing,ClaimPay.Claim_Amount,GongCheng.GC_Name,GongCheng.GC_Memo,GongCheng.GC_JuesuanAll,Material.Material_Name,ComeOutBody.Qty,ComeOutBody.Price,GongCheng.Creator,GongCheng.GC_StartDate,GongCheng.GC_EndDate,ClaimPay.Createtime,ComeAPOutHead.Tape_No,ComeOutHead.Tape_No FROM `ClaimPay` LEFT JOIN Claim_Gongcheng ON ClaimPay.Claim_ID = Claim_Gongcheng.Claim_ID LEFT JOIN GongCheng ON Claim_Gongcheng.GC_ID = GongCheng.GC_ID LEFT JOIN ComeOutHead ON GongCheng.GC_ID = ComeOutHead.GC_Id LEFT JOIN ComeOutBody ON ComeOutHead.Tape_No =ComeOutBody.Tape_No LEFT JOIN Material ON ComeOutBody.Material_Id =Material.Material_Id LEFT JOIN Claim_Contract ON ClaimPay.Claim_ID = Claim_Contract.Claim_ID LEFT JOIN Contract ON Claim_Contract.Contract_ID = Contract.Contract_ID LEFT JOIN ComeAPOutHead ON Contract.Contract_ID = ComeAPOutHead.Contract_Id LEFT JOIN Claim_ComeIn ON ClaimPay.Claim_ID = Claim_ComeIn.Claim_ID LEFT JOIN ComeInHead ON Claim_ComeIn.Tape_No = ComeInHead.Tape_No LEFT JOIN ComeInBody ON ComeOutHead. LEFT JOIN Claim_Suptract ON ClaimPay.Claim_ID = Claim_Suptract.Claim_ID LEFT JOIN Suptract ON Claim_Suptract.Suptract_ID = Suptract.Supplier_Id  WHERE ( ClaimPay.Claim_ID = 'CP-1611' ) GROUP BY GongCheng.GC_ID,Contract.Contract_ID,ComeInHead.Tape_No,Suptract.Suptract_ID ORDER BY ClaimPay.Createtime ASC 

[ 2016-08-19T11:34:39+08:00 ] ::1 /oaReport/index.php?s=/Home/Index/cNum
INFO: [ app_init ] --START--
INFO: Run Behavior\BuildLiteBehavior [ RunTime:0.000021s ]
INFO: [ app_init ] --END-- [ RunTime:0.000462s ]
INFO: [ app_begin ] --START--
INFO: Run Behavior\ReadHtmlCacheBehavior [ RunTime:0.001373s ]
INFO: [ app_begin ] --END-- [ RunTime:0.001502s ]
NOTIC: [8192] mysql_connect(): The mysql extension is deprecated and will be removed in the future: use mysqli or PDO instead C:\wamp\www\oaReport\ThinkPHP\Library\Think\Db\Driver\Mysql.class.php 第 52 行.
SQL: SHOW COLUMNS FROM `ClaimPay` [ RunTime:0.001788s ]
SQL: SELECT ClaimPay.Claim_ID,Contract.Contract_ID,GongCheng.GC_ID,ComeInHead.Tape_No,Suptract.Suptract_ID,ClaimPay.Claim_Shoukuan,ClaimPay.Claim_ShuoMing,ClaimPay.Claim_Amount,GongCheng.GC_Name,GongCheng.GC_Memo,GongCheng.GC_JuesuanAll,Material.Material_Name,ComeOutBody.Qty,ComeOutBody.Price,GongCheng.Creator,GongCheng.GC_StartDate,GongCheng.GC_EndDate,ClaimPay.Createtime,ComeAPOutHead.Tape_No,ComeOutHead.Tape_No FROM `ClaimPay` LEFT JOIN Claim_Gongcheng ON ClaimPay.Claim_ID = Claim_Gongcheng.Claim_ID LEFT JOIN GongCheng ON Claim_Gongcheng.GC_ID = GongCheng.GC_ID LEFT JOIN ComeOutHead ON GongCheng.GC_ID = ComeOutHead.GC_Id LEFT JOIN ComeOutBody ON ComeOutHead.Tape_No =ComeOutBody.Tape_No LEFT JOIN Material ON ComeOutBody.Material_Id =Material.Material_Id LEFT JOIN Claim_Contract ON ClaimPay.Claim_ID = Claim_Contract.Claim_ID LEFT JOIN Contract ON Claim_Contract.Contract_ID = Contract.Contract_ID LEFT JOIN ComeAPOutHead ON Contract.Contract_ID = ComeAPOutHead.Contract_Id LEFT JOIN Claim_ComeIn ON ClaimPay.Claim_ID = Claim_ComeIn.Claim_ID LEFT JOIN ComeInHead ON Claim_ComeIn.Tape_No = ComeInHead.Tape_No LEFT JOIN ComeInBody ON ComeInHead.Tape_No = ComeInBody.Tape_No LEFT JOIN Claim_Suptract ON ClaimPay.Claim_ID = Claim_Suptract.Claim_ID LEFT JOIN Suptract ON Claim_Suptract.Suptract_ID = Suptract.Supplier_Id  WHERE ( ClaimPay.Claim_ID = 'CP-1611' ) GROUP BY GongCheng.GC_ID,Contract.Contract_ID,ComeInHead.Tape_No,Suptract.Suptract_ID ORDER BY ClaimPay.Createtime ASC  [ RunTime:1.163472s ]

[ 2016-08-19T11:36:04+08:00 ] ::1 /oaReport/
INFO: [ app_init ] --START--
INFO: Run Behavior\BuildLiteBehavior [ RunTime:0.000022s ]
INFO: [ app_init ] --END-- [ RunTime:0.000453s ]
INFO: [ app_begin ] --START--
INFO: Run Behavior\ReadHtmlCacheBehavior [ RunTime:0.001055s ]
INFO: [ app_begin ] --END-- [ RunTime:0.001159s ]
INFO: [ view_parse ] --START--
NOTIC: [8] Undefined offset: 1 C:\wamp\www\oaReport\ThinkPHP\Library\Think\Template\TagLib\Cx.class.php 第 495 行.
NOTIC: [8] Undefined offset: 1 C:\wamp\www\oaReport\ThinkPHP\Library\Think\Template\TagLib\Cx.class.php 第 495 行.
INFO: [ template_filter ] --START--
INFO: Run Behavior\ContentReplaceBehavior [ RunTime:0.000053s ]
INFO: [ template_filter ] --END-- [ RunTime:0.000145s ]
INFO: Run Behavior\ParseTemplateBehavior [ RunTime:0.006618s ]
INFO: [ view_parse ] --END-- [ RunTime:0.006719s ]
INFO: [ view_filter ] --START--
INFO: Run Behavior\WriteHtmlCacheBehavior [ RunTime:0.000896s ]
INFO: [ view_filter ] --END-- [ RunTime:0.000995s ]
INFO: [ app_end ] --START--
INFO: Run Behavior\ShowPageTraceBehavior [ RunTime:0.001021s ]
INFO: [ app_end ] --END-- [ RunTime:0.001117s ]

[ 2016-08-19T11:36:08+08:00 ] ::1 /oaReport/index.php?s=/Home/Index/cNum
INFO: [ app_init ] --START--
INFO: Run Behavior\BuildLiteBehavior [ RunTime:0.000023s ]
INFO: [ app_init ] --END-- [ RunTime:0.000480s ]
INFO: [ app_begin ] --START--
INFO: Run Behavior\ReadHtmlCacheBehavior [ RunTime:0.000972s ]
INFO: [ app_begin ] --END-- [ RunTime:0.001078s ]
NOTIC: [8192] mysql_connect(): The mysql extension is deprecated and will be removed in the future: use mysqli or PDO instead C:\wamp\www\oaReport\ThinkPHP\Library\Think\Db\Driver\Mysql.class.php 第 52 行.
SQL: SHOW COLUMNS FROM `ClaimPay` [ RunTime:0.001852s ]
SQL: SELECT ClaimPay.Claim_ID,Contract.Contract_ID,GongCheng.GC_ID,Suptract.Suptract_ID,ClaimPay.Claim_Shoukuan,ClaimPay.Claim_ShuoMing,ClaimPay.Claim_Amount,GongCheng.GC_Name,GongCheng.GC_Memo,GongCheng.GC_JuesuanAll,Material.Material_Name,ComeOutBody.Qty,ComeOutBody.Price,GongCheng.Creator,GongCheng.GC_StartDate,GongCheng.GC_EndDate,ClaimPay.Createtime,ComeAPOutHead.Tape_No,ComeOutHead.Tape_No FROM `ClaimPay` LEFT JOIN Claim_Gongcheng ON ClaimPay.Claim_ID = Claim_Gongcheng.Claim_ID LEFT JOIN GongCheng ON Claim_Gongcheng.GC_ID = GongCheng.GC_ID LEFT JOIN ComeOutHead ON GongCheng.GC_ID = ComeOutHead.GC_Id LEFT JOIN ComeOutBody ON ComeOutHead.Tape_No =ComeOutBody.Tape_No LEFT JOIN Material ON ComeOutBody.Material_Id =Material.Material_Id LEFT JOIN Claim_Contract ON ClaimPay.Claim_ID = Claim_Contract.Claim_ID LEFT JOIN Contract ON Claim_Contract.Contract_ID = Contract.Contract_ID LEFT JOIN ComeAPOutHead ON Contract.Contract_ID = ComeAPOutHead.Contract_Id LEFT JOIN Claim_ComeIn ON ClaimPay.Claim_ID = Claim_ComeIn.Claim_ID LEFT JOIN ComeInHead ON Claim_ComeIn.Tape_No = ComeInHead.Tape_No LEFT JOIN ComeInBody ON ComeInHead.Tape_No = ComeInBody.Tape_No LEFT JOIN Claim_Suptract ON ClaimPay.Claim_ID = Claim_Suptract.Claim_ID LEFT JOIN Suptract ON Claim_Suptract.Suptract_ID = Suptract.Supplier_Id  WHERE ( ClaimPay.Claim_ID = 'CP-1611' ) GROUP BY GongCheng.GC_ID,Contract.Contract_ID,ComeInHead.Tape_No,Suptract.Suptract_ID ORDER BY ClaimPay.Createtime ASC  [ RunTime:1.159978s ]

[ 2016-08-19T11:38:00+08:00 ] ::1 /oaReport/
INFO: [ app_init ] --START--
INFO: Run Behavior\BuildLiteBehavior [ RunTime:0.000022s ]
INFO: [ app_init ] --END-- [ RunTime:0.000468s ]
INFO: [ app_begin ] --START--
INFO: Run Behavior\ReadHtmlCacheBehavior [ RunTime:0.000983s ]
INFO: [ app_begin ] --END-- [ RunTime:0.001087s ]
INFO: [ view_parse ] --START--
NOTIC: [8] Undefined offset: 1 C:\wamp\www\oaReport\ThinkPHP\Library\Think\Template\TagLib\Cx.class.php 第 495 行.
NOTIC: [8] Undefined offset: 1 C:\wamp\www\oaReport\ThinkPHP\Library\Think\Template\TagLib\Cx.class.php 第 495 行.
INFO: [ template_filter ] --START--
INFO: Run Behavior\ContentReplaceBehavior [ RunTime:0.000058s ]
INFO: [ template_filter ] --END-- [ RunTime:0.000163s ]
INFO: Run Behavior\ParseTemplateBehavior [ RunTime:0.007691s ]
INFO: [ view_parse ] --END-- [ RunTime:0.007795s ]
INFO: [ view_filter ] --START--
INFO: Run Behavior\WriteHtmlCacheBehavior [ RunTime:0.000803s ]
INFO: [ view_filter ] --END-- [ RunTime:0.000901s ]
INFO: [ app_end ] --START--
INFO: Run Behavior\ShowPageTraceBehavior [ RunTime:0.000975s ]
INFO: [ app_end ] --END-- [ RunTime:0.001072s ]

[ 2016-08-19T11:38:03+08:00 ] ::1 /oaReport/index.php?s=/Home/Index/cNum
INFO: [ app_init ] --START--
INFO: Run Behavior\BuildLiteBehavior [ RunTime:0.000022s ]
INFO: [ app_init ] --END-- [ RunTime:0.000447s ]
INFO: [ app_begin ] --START--
INFO: Run Behavior\ReadHtmlCacheBehavior [ RunTime:0.000972s ]
INFO: [ app_begin ] --END-- [ RunTime:0.001086s ]
NOTIC: [8192] mysql_connect(): The mysql extension is deprecated and will be removed in the future: use mysqli or PDO instead C:\wamp\www\oaReport\ThinkPHP\Library\Think\Db\Driver\Mysql.class.php 第 52 行.
SQL: SHOW COLUMNS FROM `ClaimPay` [ RunTime:0.001792s ]
SQL: SELECT ClaimPay.Claim_ID,Contract.Contract_ID,GongCheng.GC_ID,Suptract.Suptract_ID,ClaimPay.Claim_Shoukuan,ClaimPay.Claim_ShuoMing,ClaimPay.Claim_Amount,GongCheng.GC_Name,GongCheng.GC_Memo,GongCheng.GC_JuesuanAll,ComeOutHead.Tape_No,Material.Material_Name,ComeOutBody.Qty,ComeOutBody.Price,GongCheng.Creator,GongCheng.GC_StartDate,GongCheng.GC_EndDate,ClaimPay.Createtime FROM `ClaimPay` LEFT JOIN Claim_Gongcheng ON ClaimPay.Claim_ID = Claim_Gongcheng.Claim_ID LEFT JOIN GongCheng ON Claim_Gongcheng.GC_ID = GongCheng.GC_ID LEFT JOIN ComeOutHead ON GongCheng.GC_ID = ComeOutHead.GC_Id LEFT JOIN ComeOutBody ON ComeOutHead.Tape_No =ComeOutBody.Tape_No LEFT JOIN Material ON ComeOutBody.Material_Id =Material.Material_Id LEFT JOIN Claim_Contract ON ClaimPay.Claim_ID = Claim_Contract.Claim_ID LEFT JOIN Contract ON Claim_Contract.Contract_ID = Contract.Contract_ID LEFT JOIN ComeAPOutHead ON Contract.Contract_ID = ComeAPOutHead.Contract_Id LEFT JOIN Claim_ComeIn ON ClaimPay.Claim_ID = Claim_ComeIn.Claim_ID LEFT JOIN ComeInHead ON Claim_ComeIn.Tape_No = ComeInHead.Tape_No LEFT JOIN ComeInBody ON ComeInHead.Tape_No = ComeInBody.Tape_No LEFT JOIN Claim_Suptract ON ClaimPay.Claim_ID = Claim_Suptract.Claim_ID LEFT JOIN Suptract ON Claim_Suptract.Suptract_ID = Suptract.Supplier_Id  WHERE ( ClaimPay.Claim_ID = 'CP-1611' ) GROUP BY GongCheng.GC_ID,Contract.Contract_ID,ComeInHead.Tape_No,Suptract.Suptract_ID ORDER BY ClaimPay.Createtime ASC  [ RunTime:1.157926s ]

