[ 2016-08-12T11:03:28+08:00 ] 78.79.12.52 /oaReport/
INFO: [ app_init ] --START--
INFO: Run Behavior\BuildLiteBehavior [ RunTime:0.000022s ]
INFO: [ app_init ] --END-- [ RunTime:0.000439s ]
INFO: [ app_begin ] --START--
INFO: Run Behavior\ReadHtmlCacheBehavior [ RunTime:0.000709s ]
INFO: [ app_begin ] --END-- [ RunTime:0.000828s ]
INFO: [ view_parse ] --START--
NOTIC: [8] Undefined offset: 1 C:\wamp\www\oaReport\ThinkPHP\Library\Think\Template\TagLib\Cx.class.php 第 495 行.
NOTIC: [8] Undefined offset: 1 C:\wamp\www\oaReport\ThinkPHP\Library\Think\Template\TagLib\Cx.class.php 第 495 行.
INFO: [ template_filter ] --START--
INFO: Run Behavior\ContentReplaceBehavior [ RunTime:0.000054s ]
INFO: [ template_filter ] --END-- [ RunTime:0.000149s ]
INFO: Run Behavior\ParseTemplateBehavior [ RunTime:0.005927s ]
INFO: [ view_parse ] --END-- [ RunTime:0.006032s ]
INFO: [ view_filter ] --START--
INFO: Run Behavior\WriteHtmlCacheBehavior [ RunTime:0.000461s ]
INFO: [ view_filter ] --END-- [ RunTime:0.000549s ]
INFO: [ app_end ] --START--
INFO: Run Behavior\ShowPageTraceBehavior [ RunTime:0.000712s ]
INFO: [ app_end ] --END-- [ RunTime:0.000803s ]

[ 2016-08-12T11:03:58+08:00 ] 78.79.12.52 /oaReport/index.php?s=/Home/Index/comeOut
INFO: [ app_init ] --START--
INFO: Run Behavior\BuildLiteBehavior [ RunTime:0.000020s ]
INFO: [ app_init ] --END-- [ RunTime:0.000407s ]
INFO: [ app_begin ] --START--
INFO: Run Behavior\ReadHtmlCacheBehavior [ RunTime:0.000439s ]
INFO: [ app_begin ] --END-- [ RunTime:0.000535s ]
NOTIC: [8192] mysql_connect(): The mysql extension is deprecated and will be removed in the future: use mysqli or PDO instead C:\wamp\www\oaReport\ThinkPHP\Library\Think\Db\Driver\Mysql.class.php 第 52 行.
SQL: SHOW COLUMNS FROM `ComeOutHead` [ RunTime:0.001671s ]
SQL: SELECT ComeOutHead.Comeout_Date,ComeOutHead.Tape_No,ComeOutHead.Comeout_Memo,Material.Material_Name,ComeOutBody.Qty,Material.Material_Unit,ComeOutBody.Price,ComeOutBody.Amount FROM `ComeOutHead` INNER JOIN ComeOutBody on ComeOutHead.Tape_No = ComeOutBody.Tape_No INNER JOIN Material on ComeOutBody.Material_Id = Material.Material_Id  WHERE ( (ComeOutHead.Comeout_Date >= '2016-02-09') AND (ComeOutHead.Comeout_Date <= '2016-03-28')  ) ORDER BY Comeout_Date asc  [ RunTime:0.017848s ]

[ 2016-08-12T11:05:22+08:00 ] 78.79.12.52 /oaReport/index.php?s=/Home/Index/comeOut
INFO: [ app_init ] --START--
INFO: Run Behavior\BuildLiteBehavior [ RunTime:0.000020s ]
INFO: [ app_init ] --END-- [ RunTime:0.000402s ]
INFO: [ app_begin ] --START--
INFO: Run Behavior\ReadHtmlCacheBehavior [ RunTime:0.000429s ]
INFO: [ app_begin ] --END-- [ RunTime:0.000524s ]
NOTIC: [8192] mysql_connect(): The mysql extension is deprecated and will be removed in the future: use mysqli or PDO instead C:\wamp\www\oaReport\ThinkPHP\Library\Think\Db\Driver\Mysql.class.php 第 52 行.
SQL: SHOW COLUMNS FROM `ComeOutHead` [ RunTime:0.004043s ]
SQL: SELECT ComeOutHead.Comeout_Date,ComeOutHead.Tape_No,ComeOutHead.Comeout_Memo,Material.Material_Name,ComeOutBody.Qty,Material.Material_Unit,ComeOutBody.Price,ComeOutBody.Amount FROM `ComeOutHead` INNER JOIN ComeOutBody on ComeOutHead.Tape_No = ComeOutBody.Tape_No INNER JOIN Material on ComeOutBody.Material_Id = Material.Material_Id  WHERE ( (ComeOutHead.Comeout_Date >= '2016-02-09') AND (ComeOutHead.Comeout_Date <= '2016-03-28')  ) ORDER BY Comeout_Date asc  [ RunTime:0.025302s ]

[ 2016-08-12T11:06:11+08:00 ] 78.79.12.52 /oaReport/index.php?s=/Home/Index/comeIn
INFO: [ app_init ] --START--
INFO: Run Behavior\BuildLiteBehavior [ RunTime:0.000021s ]
INFO: [ app_init ] --END-- [ RunTime:0.000437s ]
INFO: [ app_begin ] --START--
INFO: Run Behavior\ReadHtmlCacheBehavior [ RunTime:0.000728s ]
INFO: [ app_begin ] --END-- [ RunTime:0.000839s ]
NOTIC: [8192] mysql_connect(): The mysql extension is deprecated and will be removed in the future: use mysqli or PDO instead C:\wamp\www\oaReport\ThinkPHP\Library\Think\Db\Driver\Mysql.class.php 第 52 行.
SQL: SHOW COLUMNS FROM `ComeInHead` [ RunTime:0.002120s ]
SQL: SELECT SSupplier.SSupplier_Name,ComeInHead.Comein_Date,ComeInHead.Tape_No,ComeInBody.ShenTape_No,Material.Material_Name,Material.Material_Unit,ComeInBody.Price,ComeInBody.Qty,ComeInBody.Amount FROM `ComeInHead` INNER JOIN SSupplier on ComeInHead.SSupplier_Id = SSupplier.SSupplier_Id INNER JOIN ComeInBody on ComeInHead.Tape_No = ComeInBody.Tape_No INNER JOIN Material on ComeInBody.Material_Id = Material.Material_Id  WHERE ( (ComeInHead.Comein_Date >= '2016-02-08') AND (ComeInHead.Comein_Date <= '2016-05-02')  ) ORDER BY Comein_Date asc  [ RunTime:0.007138s ]

[ 2016-08-12T14:05:28+08:00 ] 78.79.12.52 /oaReport/
INFO: [ app_init ] --START--
INFO: Run Behavior\BuildLiteBehavior [ RunTime:0.000022s ]
INFO: [ app_init ] --END-- [ RunTime:0.000519s ]
INFO: [ app_begin ] --START--
INFO: Run Behavior\ReadHtmlCacheBehavior [ RunTime:0.000716s ]
INFO: [ app_begin ] --END-- [ RunTime:0.000821s ]
INFO: [ view_parse ] --START--
NOTIC: [8] Undefined offset: 1 C:\wamp\www\oaReport\ThinkPHP\Library\Think\Template\TagLib\Cx.class.php 第 495 行.
NOTIC: [8] Undefined offset: 1 C:\wamp\www\oaReport\ThinkPHP\Library\Think\Template\TagLib\Cx.class.php 第 495 行.
INFO: [ template_filter ] --START--
INFO: Run Behavior\ContentReplaceBehavior [ RunTime:0.000052s ]
INFO: [ template_filter ] --END-- [ RunTime:0.000148s ]
INFO: Run Behavior\ParseTemplateBehavior [ RunTime:0.006266s ]
INFO: [ view_parse ] --END-- [ RunTime:0.006372s ]
INFO: [ view_filter ] --START--
INFO: Run Behavior\WriteHtmlCacheBehavior [ RunTime:0.000471s ]
INFO: [ view_filter ] --END-- [ RunTime:0.000560s ]
INFO: [ app_end ] --START--
INFO: Run Behavior\ShowPageTraceBehavior [ RunTime:0.000854s ]
INFO: [ app_end ] --END-- [ RunTime:0.000949s ]

[ 2016-08-12T14:05:39+08:00 ] 78.79.12.52 /oaReport/index.php?s=/Home/Index/comeOut
INFO: [ app_init ] --START--
INFO: Run Behavior\BuildLiteBehavior [ RunTime:0.000023s ]
INFO: [ app_init ] --END-- [ RunTime:0.000456s ]
INFO: [ app_begin ] --START--
INFO: Run Behavior\ReadHtmlCacheBehavior [ RunTime:0.000535s ]
INFO: [ app_begin ] --END-- [ RunTime:0.000651s ]
NOTIC: [8192] mysql_connect(): The mysql extension is deprecated and will be removed in the future: use mysqli or PDO instead C:\wamp\www\oaReport\ThinkPHP\Library\Think\Db\Driver\Mysql.class.php 第 52 行.
SQL: SHOW COLUMNS FROM `ComeOutHead` [ RunTime:0.001787s ]
SQL: SELECT ComeOutHead.Comeout_Date,ComeOutHead.Tape_No,ComeOutHead.Comeout_Memo,Material.Material_Name,ComeOutBody.Qty,Material.Material_Unit,ComeOutBody.Price,ComeOutBody.Amount FROM `ComeOutHead` INNER JOIN ComeOutBody on ComeOutHead.Tape_No = ComeOutBody.Tape_No INNER JOIN Material on ComeOutBody.Material_Id = Material.Material_Id  WHERE ( (ComeOutHead.Comeout_Date >= '2016-02-29') AND (ComeOutHead.Comeout_Date <= '2016-08-02')  ) ORDER BY Comeout_Date asc  [ RunTime:0.032357s ]

[ 2016-08-12T14:13:11+08:00 ] 78.79.12.52 /oaReport/
INFO: [ app_init ] --START--
INFO: Run Behavior\BuildLiteBehavior [ RunTime:0.000021s ]
INFO: [ app_init ] --END-- [ RunTime:0.000479s ]
INFO: [ app_begin ] --START--
INFO: Run Behavior\ReadHtmlCacheBehavior [ RunTime:0.000639s ]
INFO: [ app_begin ] --END-- [ RunTime:0.000740s ]
INFO: [ view_parse ] --START--
NOTIC: [8] Undefined offset: 1 C:\wamp\www\oaReport\ThinkPHP\Library\Think\Template\TagLib\Cx.class.php 第 495 行.
NOTIC: [8] Undefined offset: 1 C:\wamp\www\oaReport\ThinkPHP\Library\Think\Template\TagLib\Cx.class.php 第 495 行.
INFO: [ template_filter ] --START--
INFO: Run Behavior\ContentReplaceBehavior [ RunTime:0.000092s ]
INFO: [ template_filter ] --END-- [ RunTime:0.000294s ]
INFO: Run Behavior\ParseTemplateBehavior [ RunTime:0.006640s ]
INFO: [ view_parse ] --END-- [ RunTime:0.006775s ]
INFO: [ view_filter ] --START--
INFO: Run Behavior\WriteHtmlCacheBehavior [ RunTime:0.000478s ]
INFO: [ view_filter ] --END-- [ RunTime:0.000588s ]
INFO: [ app_end ] --START--
INFO: Run Behavior\ShowPageTraceBehavior [ RunTime:0.000697s ]
INFO: [ app_end ] --END-- [ RunTime:0.000787s ]

[ 2016-08-12T14:13:23+08:00 ] 78.79.12.52 /oaReport/index.php?s=/Home/Index/comeOut
INFO: [ app_init ] --START--
INFO: Run Behavior\BuildLiteBehavior [ RunTime:0.000020s ]
INFO: [ app_init ] --END-- [ RunTime:0.000400s ]
INFO: [ app_begin ] --START--
INFO: Run Behavior\ReadHtmlCacheBehavior [ RunTime:0.000438s ]
INFO: [ app_begin ] --END-- [ RunTime:0.000532s ]
NOTIC: [8192] mysql_connect(): The mysql extension is deprecated and will be removed in the future: use mysqli or PDO instead C:\wamp\www\oaReport\ThinkPHP\Library\Think\Db\Driver\Mysql.class.php 第 52 行.
SQL: SHOW COLUMNS FROM `ComeOutHead` [ RunTime:0.001753s ]
SQL: SELECT ComeOutHead.Comeout_Date,ComeOutHead.Tape_No,ComeOutHead.Comeout_Memo,Material.Material_Name,ComeOutBody.Qty,Material.Material_Unit,ComeOutBody.Price,ComeOutBody.Amount FROM `ComeOutHead` INNER JOIN ComeOutBody on ComeOutHead.Tape_No = ComeOutBody.Tape_No INNER JOIN Material on ComeOutBody.Material_Id = Material.Material_Id  WHERE ( (ComeOutHead.Comeout_Date >= '2015-12-28') AND (ComeOutHead.Comeout_Date <= '2016-01-12')  ) ORDER BY Comeout_Date asc  [ RunTime:0.014897s ]

[ 2016-08-12T14:13:49+08:00 ] 78.79.12.52 /oaReport/
INFO: [ app_init ] --START--
INFO: Run Behavior\BuildLiteBehavior [ RunTime:0.000024s ]
INFO: [ app_init ] --END-- [ RunTime:0.000528s ]
INFO: [ app_begin ] --START--
INFO: Run Behavior\ReadHtmlCacheBehavior [ RunTime:0.000525s ]
INFO: [ app_begin ] --END-- [ RunTime:0.000633s ]
INFO: [ view_parse ] --START--
NOTIC: [8] Undefined offset: 1 C:\wamp\www\oaReport\ThinkPHP\Library\Think\Template\TagLib\Cx.class.php 第 495 行.
NOTIC: [8] Undefined offset: 1 C:\wamp\www\oaReport\ThinkPHP\Library\Think\Template\TagLib\Cx.class.php 第 495 行.
INFO: [ template_filter ] --START--
INFO: Run Behavior\ContentReplaceBehavior [ RunTime:0.000059s ]
INFO: [ template_filter ] --END-- [ RunTime:0.000164s ]
INFO: Run Behavior\ParseTemplateBehavior [ RunTime:0.005288s ]
INFO: [ view_parse ] --END-- [ RunTime:0.005422s ]
INFO: [ view_filter ] --START--
INFO: Run Behavior\WriteHtmlCacheBehavior [ RunTime:0.000348s ]
INFO: [ view_filter ] --END-- [ RunTime:0.000445s ]
INFO: [ app_end ] --START--
INFO: Run Behavior\ShowPageTraceBehavior [ RunTime:0.000703s ]
INFO: [ app_end ] --END-- [ RunTime:0.000801s ]

[ 2016-08-12T14:13:59+08:00 ] 78.79.12.52 /oaReport/index.php?s=/Home/Index/comeOut
INFO: [ app_init ] --START--
INFO: Run Behavior\BuildLiteBehavior [ RunTime:0.000023s ]
INFO: [ app_init ] --END-- [ RunTime:0.000459s ]
INFO: [ app_begin ] --START--
INFO: Run Behavior\ReadHtmlCacheBehavior [ RunTime:0.000486s ]
INFO: [ app_begin ] --END-- [ RunTime:0.000592s ]
NOTIC: [8192] mysql_connect(): The mysql extension is deprecated and will be removed in the future: use mysqli or PDO instead C:\wamp\www\oaReport\ThinkPHP\Library\Think\Db\Driver\Mysql.class.php 第 52 行.
SQL: SHOW COLUMNS FROM `ComeOutHead` [ RunTime:0.001640s ]
SQL: SELECT ComeOutHead.Comeout_Date,ComeOutHead.Tape_No,ComeOutHead.Comeout_Memo,Material.Material_Name,ComeOutBody.Qty,Material.Material_Unit,ComeOutBody.Price,ComeOutBody.Amount FROM `ComeOutHead` INNER JOIN ComeOutBody on ComeOutHead.Tape_No = ComeOutBody.Tape_No INNER JOIN Material on ComeOutBody.Material_Id = Material.Material_Id  WHERE ( (ComeOutHead.Comeout_Date >= '2015-12-28') AND (ComeOutHead.Comeout_Date <= '2016-01-12')  ) ORDER BY Comeout_Date asc  [ RunTime:0.014674s ]

[ 2016-08-12T14:14:32+08:00 ] 78.79.12.52 /oaReport/index.php?s=/Home/Index/comeOut
INFO: [ app_init ] --START--
INFO: Run Behavior\BuildLiteBehavior [ RunTime:0.000023s ]
INFO: [ app_init ] --END-- [ RunTime:0.000462s ]
INFO: [ app_begin ] --START--
INFO: Run Behavior\ReadHtmlCacheBehavior [ RunTime:0.000493s ]
INFO: [ app_begin ] --END-- [ RunTime:0.000604s ]
NOTIC: [8192] mysql_connect(): The mysql extension is deprecated and will be removed in the future: use mysqli or PDO instead C:\wamp\www\oaReport\ThinkPHP\Library\Think\Db\Driver\Mysql.class.php 第 52 行.
SQL: SHOW COLUMNS FROM `ComeOutHead` [ RunTime:0.009759s ]
SQL: SELECT ComeOutHead.Comeout_Date,ComeOutHead.Tape_No,ComeOutHead.Comeout_Memo,Material.Material_Name,ComeOutBody.Qty,Material.Material_Unit,ComeOutBody.Price,ComeOutBody.Amount FROM `ComeOutHead` INNER JOIN ComeOutBody on ComeOutHead.Tape_No = ComeOutBody.Tape_No INNER JOIN Material on ComeOutBody.Material_Id = Material.Material_Id  WHERE ( (ComeOutHead.Comeout_Date >= '2015-12-28') AND (ComeOutHead.Comeout_Date <= '2016-01-12')  ) ORDER BY Comeout_Date asc  [ RunTime:0.023739s ]

[ 2016-08-12T14:15:56+08:00 ] 78.79.12.52 /oaReport/index.php?s=/Home/Index/comeOut
INFO: [ app_init ] --START--
INFO: Run Behavior\BuildLiteBehavior [ RunTime:0.000037s ]
INFO: [ app_init ] --END-- [ RunTime:0.000589s ]
INFO: [ app_begin ] --START--
INFO: Run Behavior\ReadHtmlCacheBehavior [ RunTime:0.000668s ]
INFO: [ app_begin ] --END-- [ RunTime:0.000795s ]
NOTIC: [8192] mysql_connect(): The mysql extension is deprecated and will be removed in the future: use mysqli or PDO instead C:\wamp\www\oaReport\ThinkPHP\Library\Think\Db\Driver\Mysql.class.php 第 52 行.
SQL: SHOW COLUMNS FROM `ComeOutHead` [ RunTime:0.001819s ]
SQL: SELECT ComeOutHead.Comeout_Date,ComeOutHead.Tape_No,ComeOutHead.Comeout_Memo,ComeOutHead.Contract_Id,Material.Material_Name,ComeOutBody.Qty,Material.Material_Unit,ComeOutBody.Price,ComeOutBody.Amount FROM `ComeOutHead` INNER JOIN ComeOutBody on ComeOutHead.Tape_No = ComeOutBody.Tape_No INNER JOIN Material on ComeOutBody.Material_Id = Material.Material_Id  WHERE ( (ComeOutHead.Comeout_Date >= '2015-12-28') AND (ComeOutHead.Comeout_Date <= '2016-01-12')  ) ORDER BY Comeout_Date asc  [ RunTime:0.015216s ]

