[ 2016-08-18T17:13:26+08:00 ] ::1 /oaReport/
INFO: [ app_init ] --START--
INFO: Run Behavior\BuildLiteBehavior [ RunTime:0.000035s ]
INFO: [ app_init ] --END-- [ RunTime:0.011020s ]
INFO: [ app_begin ] --START--
INFO: Run Behavior\ReadHtmlCacheBehavior [ RunTime:0.014063s ]
INFO: [ app_begin ] --END-- [ RunTime:0.014190s ]

[ 2016-08-18T17:14:11+08:00 ] ::1 /oaReport/
INFO: [ app_init ] --START--
INFO: Run Behavior\BuildLiteBehavior [ RunTime:0.000020s ]
INFO: [ app_init ] --END-- [ RunTime:0.000485s ]
INFO: [ app_begin ] --START--
INFO: Run Behavior\ReadHtmlCacheBehavior [ RunTime:0.000953s ]
INFO: [ app_begin ] --END-- [ RunTime:0.001047s ]

[ 2016-08-18T17:14:12+08:00 ] ::1 /oaReport/
INFO: [ app_init ] --START--
INFO: Run Behavior\BuildLiteBehavior [ RunTime:0.000021s ]
INFO: [ app_init ] --END-- [ RunTime:0.000458s ]
INFO: [ app_begin ] --START--
INFO: Run Behavior\ReadHtmlCacheBehavior [ RunTime:0.000973s ]
INFO: [ app_begin ] --END-- [ RunTime:0.001093s ]

[ 2016-08-18T17:14:14+08:00 ] ::1 /oaReport/
INFO: [ app_init ] --START--
INFO: Run Behavior\BuildLiteBehavior [ RunTime:0.000020s ]
INFO: [ app_init ] --END-- [ RunTime:0.000402s ]
INFO: [ app_begin ] --START--
INFO: Run Behavior\ReadHtmlCacheBehavior [ RunTime:0.000865s ]
INFO: [ app_begin ] --END-- [ RunTime:0.000958s ]

[ 2016-08-18T17:14:21+08:00 ] ::1 /oaReport/
INFO: [ app_init ] --START--
INFO: Run Behavior\BuildLiteBehavior [ RunTime:0.000022s ]
INFO: [ app_init ] --END-- [ RunTime:0.000447s ]
INFO: [ app_begin ] --START--
INFO: Run Behavior\ReadHtmlCacheBehavior [ RunTime:0.001128s ]
INFO: [ app_begin ] --END-- [ RunTime:0.001243s ]

[ 2016-08-18T17:14:21+08:00 ] ::1 /oaReport/
INFO: [ app_init ] --START--
INFO: Run Behavior\BuildLiteBehavior [ RunTime:0.000022s ]
INFO: [ app_init ] --END-- [ RunTime:0.000583s ]
INFO: [ app_begin ] --START--
INFO: Run Behavior\ReadHtmlCacheBehavior [ RunTime:0.000991s ]
INFO: [ app_begin ] --END-- [ RunTime:0.001096s ]

[ 2016-08-18T17:14:23+08:00 ] ::1 /oaReport/
INFO: [ app_init ] --START--
INFO: Run Behavior\BuildLiteBehavior [ RunTime:0.000023s ]
INFO: [ app_init ] --END-- [ RunTime:0.000549s ]
INFO: [ app_begin ] --START--
INFO: Run Behavior\ReadHtmlCacheBehavior [ RunTime:0.000899s ]
INFO: [ app_begin ] --END-- [ RunTime:0.000998s ]

[ 2016-08-18T17:14:42+08:00 ] ::1 /oaReport/
INFO: [ app_init ] --START--
INFO: Run Behavior\BuildLiteBehavior [ RunTime:0.000021s ]
INFO: [ app_init ] --END-- [ RunTime:0.000432s ]
INFO: [ app_begin ] --START--
INFO: Run Behavior\ReadHtmlCacheBehavior [ RunTime:0.000901s ]
INFO: [ app_begin ] --END-- [ RunTime:0.001004s ]

[ 2016-08-18T17:15:06+08:00 ] ::1 /oaReport/
INFO: [ app_init ] --START--
INFO: Run Behavior\BuildLiteBehavior [ RunTime:0.000021s ]
INFO: [ app_init ] --END-- [ RunTime:0.000428s ]
INFO: [ app_begin ] --START--
INFO: Run Behavior\ReadHtmlCacheBehavior [ RunTime:0.000978s ]
INFO: [ app_begin ] --END-- [ RunTime:0.001089s ]
INFO: [ view_parse ] --START--
NOTIC: [8] Undefined offset: 1 C:\wamp\www\oaReport\ThinkPHP\Library\Think\Template\TagLib\Cx.class.php 第 495 行.
NOTIC: [8] Undefined offset: 1 C:\wamp\www\oaReport\ThinkPHP\Library\Think\Template\TagLib\Cx.class.php 第 495 行.
INFO: [ template_filter ] --START--
INFO: Run Behavior\ContentReplaceBehavior [ RunTime:0.000055s ]
INFO: [ template_filter ] --END-- [ RunTime:0.000144s ]
INFO: Run Behavior\ParseTemplateBehavior [ RunTime:0.095429s ]
INFO: [ view_parse ] --END-- [ RunTime:0.095542s ]
INFO: [ view_filter ] --START--
INFO: Run Behavior\WriteHtmlCacheBehavior [ RunTime:0.004709s ]
INFO: [ view_filter ] --END-- [ RunTime:0.004808s ]
INFO: [ app_end ] --START--
INFO: Run Behavior\ShowPageTraceBehavior [ RunTime:0.004730s ]
INFO: [ app_end ] --END-- [ RunTime:0.004845s ]

[ 2016-08-18T17:15:11+08:00 ] ::1 /oaReport/index.php?s=/Home/Index/cNum
INFO: [ app_init ] --START--
INFO: Run Behavior\BuildLiteBehavior [ RunTime:0.000023s ]
INFO: [ app_init ] --END-- [ RunTime:0.000501s ]
INFO: [ app_begin ] --START--
INFO: Run Behavior\ReadHtmlCacheBehavior [ RunTime:0.001030s ]
INFO: [ app_begin ] --END-- [ RunTime:0.001147s ]
NOTIC: [8] Undefined variable: data C:\wamp\www\oaReport\Application\Home\Controller\IndexController.class.php 第 379 行.

[ 2016-08-18T17:15:26+08:00 ] ::1 /oaReport/index.php?s=/Home/Index/cNum
INFO: [ app_init ] --START--
INFO: Run Behavior\BuildLiteBehavior [ RunTime:0.000023s ]
INFO: [ app_init ] --END-- [ RunTime:0.000450s ]
INFO: [ app_begin ] --START--
INFO: Run Behavior\ReadHtmlCacheBehavior [ RunTime:0.000958s ]
INFO: [ app_begin ] --END-- [ RunTime:0.001064s ]
NOTIC: [8192] mysql_connect(): The mysql extension is deprecated and will be removed in the future: use mysqli or PDO instead C:\wamp\www\oaReport\ThinkPHP\Library\Think\Db\Driver\Mysql.class.php 第 52 行.
SQL: SHOW COLUMNS FROM `ClaimPay` [ RunTime:0.002013s ]
SQL: SELECT ClaimPay.Claim_ID,Contract.Contract_ID,GongCheng.GC_ID,ComeInHead.Tape_No,Suptract.Suptract_ID,ClaimPay.Claim_Shoukuan,ClaimPay.Claim_Amount,GongCheng.GC_Name,GongCheng.GC_Memo,GongCheng.GC_JuesuanAll,ComeAPOutHead.Tape_No,ComeOutHead.Tape_No,Material.Material_Name,ComeOutBody.Qty,ComeOutBody.Price,GongCheng.Creator,GongCheng.GC_StartDate,GongCheng.GC_EndDate,ClaimPay.Createtime FROM `ClaimPay` INNER JOIN Claim_Gongcheng ON ClaimPay.Claim_ID = Claim_Gongcheng.Claim_ID INNER JOIN GongCheng ON Claim_Gongcheng.GC_ID = GongCheng.GC_ID INNER JOIN ComeOutHead ON GongCheng.GC_ID = ComeOutHead.GC_Id INNER JOIN ComeOutBody ON ComeOutHead.Tape_No =ComeOutBody.Tape_No INNER JOIN Material ON ComeOutBody.Material_Id =Material.Material_Id INNER JOIN Claim_Contract ON ClaimPay.Claim_ID = Claim_Contract.Claim_ID INNER JOIN Contract ON Claim_Contract.Contract_ID = Contract.Contract_ID INNER JOIN ComeAPOutHead ON Contract.Contract_ID = ComeAPOutHead.Contract_Id INNER JOIN Claim_ComeIn ON ClaimPay.Claim_ID = Claim_ComeIn.Claim_ID INNER JOIN ComeInHead ON Claim_ComeIn.Tape_No = ComeInHead.Tape_No INNER JOIN Claim_Suptract ON ClaimPay.Claim_ID = Claim_Suptract.Claim_ID INNER JOIN Suptract ON Claim_Suptract.Suptract_ID = Suptract.Supplier_Id  WHERE ( ClaimPay.Claim_ID = 'CP-0065' ) GROUP BY GongCheng.GC_ID,Contract.Contract_ID,ComeInHead.Tape_No,Suptract.Suptract_ID ORDER BY ClaimPay.Createtime ASC  [ RunTime:0.003278s ]

[ 2016-08-18T17:15:42+08:00 ] ::1 /oaReport/index.php?s=/Home/Index/cNum
INFO: [ app_init ] --START--
INFO: Run Behavior\BuildLiteBehavior [ RunTime:0.000020s ]
INFO: [ app_init ] --END-- [ RunTime:0.000402s ]
INFO: [ app_begin ] --START--
INFO: Run Behavior\ReadHtmlCacheBehavior [ RunTime:0.001222s ]
INFO: [ app_begin ] --END-- [ RunTime:0.001324s ]
NOTIC: [8192] mysql_connect(): The mysql extension is deprecated and will be removed in the future: use mysqli or PDO instead C:\wamp\www\oaReport\ThinkPHP\Library\Think\Db\Driver\Mysql.class.php 第 52 行.
SQL: SHOW COLUMNS FROM `ClaimPay` [ RunTime:0.003047s ]
SQL: SELECT ClaimPay.Claim_ID,Contract.Contract_ID,GongCheng.GC_ID,ComeInHead.Tape_No,Suptract.Suptract_ID,ClaimPay.Claim_Shoukuan,ClaimPay.Claim_Amount,GongCheng.GC_Name,GongCheng.GC_Memo,GongCheng.GC_JuesuanAll,ComeAPOutHead.Tape_No,ComeOutHead.Tape_No,Material.Material_Name,ComeOutBody.Qty,ComeOutBody.Price,GongCheng.Creator,GongCheng.GC_StartDate,GongCheng.GC_EndDate,ClaimPay.Createtime FROM `ClaimPay` INNER JOIN Claim_Gongcheng ON ClaimPay.Claim_ID = Claim_Gongcheng.Claim_ID INNER JOIN GongCheng ON Claim_Gongcheng.GC_ID = GongCheng.GC_ID INNER JOIN ComeOutHead ON GongCheng.GC_ID = ComeOutHead.GC_Id INNER JOIN ComeOutBody ON ComeOutHead.Tape_No =ComeOutBody.Tape_No INNER JOIN Material ON ComeOutBody.Material_Id =Material.Material_Id INNER JOIN Claim_Contract ON ClaimPay.Claim_ID = Claim_Contract.Claim_ID INNER JOIN Contract ON Claim_Contract.Contract_ID = Contract.Contract_ID INNER JOIN ComeAPOutHead ON Contract.Contract_ID = ComeAPOutHead.Contract_Id INNER JOIN Claim_ComeIn ON ClaimPay.Claim_ID = Claim_ComeIn.Claim_ID INNER JOIN ComeInHead ON Claim_ComeIn.Tape_No = ComeInHead.Tape_No INNER JOIN Claim_Suptract ON ClaimPay.Claim_ID = Claim_Suptract.Claim_ID INNER JOIN Suptract ON Claim_Suptract.Suptract_ID = Suptract.Supplier_Id  WHERE ( ClaimPay.Claim_ID = 'CP-0065' ) GROUP BY GongCheng.GC_ID,Contract.Contract_ID,ComeInHead.Tape_No,Suptract.Suptract_ID ORDER BY ClaimPay.Createtime ASC  [ RunTime:0.003032s ]

[ 2016-08-18T17:16:09+08:00 ] ::1 /oaReport/index.php?s=/Home/Index/cNum
INFO: [ app_init ] --START--
INFO: Run Behavior\BuildLiteBehavior [ RunTime:0.000020s ]
INFO: [ app_init ] --END-- [ RunTime:0.000501s ]
INFO: [ app_begin ] --START--
INFO: Run Behavior\ReadHtmlCacheBehavior [ RunTime:0.000872s ]
INFO: [ app_begin ] --END-- [ RunTime:0.000965s ]
NOTIC: [8] Undefined index: cpNum C:\wamp\www\oaReport\Application\Home\Controller\IndexController.class.php 第 318 行.
NOTIC: [8] Undefined variable: data C:\wamp\www\oaReport\Application\Home\Controller\IndexController.class.php 第 379 行.

[ 2016-08-18T17:16:14+08:00 ] ::1 /oaReport/
INFO: [ app_init ] --START--
INFO: Run Behavior\BuildLiteBehavior [ RunTime:0.000019s ]
INFO: [ app_init ] --END-- [ RunTime:0.000396s ]
INFO: [ app_begin ] --START--
INFO: Run Behavior\ReadHtmlCacheBehavior [ RunTime:0.000848s ]
INFO: [ app_begin ] --END-- [ RunTime:0.000943s ]
INFO: [ view_parse ] --START--
NOTIC: [8] Undefined offset: 1 C:\wamp\www\oaReport\ThinkPHP\Library\Think\Template\TagLib\Cx.class.php 第 495 行.
NOTIC: [8] Undefined offset: 1 C:\wamp\www\oaReport\ThinkPHP\Library\Think\Template\TagLib\Cx.class.php 第 495 行.
INFO: [ template_filter ] --START--
INFO: Run Behavior\ContentReplaceBehavior [ RunTime:0.000052s ]
INFO: [ template_filter ] --END-- [ RunTime:0.000140s ]
INFO: Run Behavior\ParseTemplateBehavior [ RunTime:0.006263s ]
INFO: [ view_parse ] --END-- [ RunTime:0.006401s ]
INFO: [ view_filter ] --START--
INFO: Run Behavior\WriteHtmlCacheBehavior [ RunTime:0.000925s ]
INFO: [ view_filter ] --END-- [ RunTime:0.001017s ]
INFO: [ app_end ] --START--
INFO: Run Behavior\ShowPageTraceBehavior [ RunTime:0.000944s ]
INFO: [ app_end ] --END-- [ RunTime:0.001032s ]

[ 2016-08-18T17:16:23+08:00 ] ::1 /oaReport/index.php?s=/Home/Index/cNum
INFO: [ app_init ] --START--
INFO: Run Behavior\BuildLiteBehavior [ RunTime:0.000021s ]
INFO: [ app_init ] --END-- [ RunTime:0.000447s ]
INFO: [ app_begin ] --START--
INFO: Run Behavior\ReadHtmlCacheBehavior [ RunTime:0.001128s ]
INFO: [ app_begin ] --END-- [ RunTime:0.001266s ]
NOTIC: [8192] mysql_connect(): The mysql extension is deprecated and will be removed in the future: use mysqli or PDO instead C:\wamp\www\oaReport\ThinkPHP\Library\Think\Db\Driver\Mysql.class.php 第 52 行.
SQL: SHOW COLUMNS FROM `ClaimPay` [ RunTime:0.001761s ]
SQL: SELECT ClaimPay.Claim_ID,Contract.Contract_ID,GongCheng.GC_ID,ComeInHead.Tape_No,Suptract.Suptract_ID,ClaimPay.Claim_Shoukuan,ClaimPay.Claim_Amount,GongCheng.GC_Name,GongCheng.GC_Memo,GongCheng.GC_JuesuanAll,ComeAPOutHead.Tape_No,ComeOutHead.Tape_No,Material.Material_Name,ComeOutBody.Qty,ComeOutBody.Price,GongCheng.Creator,GongCheng.GC_StartDate,GongCheng.GC_EndDate,ClaimPay.Createtime FROM `ClaimPay` INNER JOIN Claim_Gongcheng ON ClaimPay.Claim_ID = Claim_Gongcheng.Claim_ID INNER JOIN GongCheng ON Claim_Gongcheng.GC_ID = GongCheng.GC_ID INNER JOIN ComeOutHead ON GongCheng.GC_ID = ComeOutHead.GC_Id INNER JOIN ComeOutBody ON ComeOutHead.Tape_No =ComeOutBody.Tape_No INNER JOIN Material ON ComeOutBody.Material_Id =Material.Material_Id INNER JOIN Claim_Contract ON ClaimPay.Claim_ID = Claim_Contract.Claim_ID INNER JOIN Contract ON Claim_Contract.Contract_ID = Contract.Contract_ID INNER JOIN ComeAPOutHead ON Contract.Contract_ID = ComeAPOutHead.Contract_Id INNER JOIN Claim_ComeIn ON ClaimPay.Claim_ID = Claim_ComeIn.Claim_ID INNER JOIN ComeInHead ON Claim_ComeIn.Tape_No = ComeInHead.Tape_No INNER JOIN Claim_Suptract ON ClaimPay.Claim_ID = Claim_Suptract.Claim_ID INNER JOIN Suptract ON Claim_Suptract.Suptract_ID = Suptract.Supplier_Id  WHERE ( ClaimPay.Claim_ID = 'CP-1234' ) GROUP BY GongCheng.GC_ID,Contract.Contract_ID,ComeInHead.Tape_No,Suptract.Suptract_ID ORDER BY ClaimPay.Createtime ASC  [ RunTime:0.002912s ]

[ 2016-08-18T17:31:54+08:00 ] ::1 /oaReport/index.php?s=/Home/Index/cNum
INFO: [ app_init ] --START--
INFO: Run Behavior\BuildLiteBehavior [ RunTime:0.000021s ]
INFO: [ app_init ] --END-- [ RunTime:0.000454s ]
INFO: [ app_begin ] --START--
INFO: Run Behavior\ReadHtmlCacheBehavior [ RunTime:0.001027s ]
INFO: [ app_begin ] --END-- [ RunTime:0.001133s ]
NOTIC: [8192] mysql_connect(): The mysql extension is deprecated and will be removed in the future: use mysqli or PDO instead C:\wamp\www\oaReport\ThinkPHP\Library\Think\Db\Driver\Mysql.class.php 第 52 行.
SQL: SHOW COLUMNS FROM `ClaimPay` [ RunTime:0.001860s ]
SQL: SELECT ClaimPay.Claim_ID,Contract.Contract_ID,GongCheng.GC_ID,ComeInHead.Tape_No,Suptract.Suptract_ID,ClaimPay.Claim_Shoukuan,ClaimPay.Claim_Amount,GongCheng.GC_Name,GongCheng.GC_Memo,GongCheng.GC_JuesuanAll,ComeAPOutHead.Tape_No,ComeOutHead.Tape_No,Material.Material_Name,ComeOutBody.Qty,ComeOutBody.Price,GongCheng.Creator,GongCheng.GC_StartDate,GongCheng.GC_EndDate,ClaimPay.Createtime FROM `ClaimPay` LEFT JOIN Claim_Gongcheng ON ClaimPay.Claim_ID = Claim_Gongcheng.Claim_ID LEFT JOIN GongCheng ON Claim_Gongcheng.GC_ID = GongCheng.GC_ID LEFT JOIN ComeOutHead ON GongCheng.GC_ID = ComeOutHead.GC_Id LEFT JOIN ComeOutBody ON ComeOutHead.Tape_No =ComeOutBody.Tape_No LEFT JOIN Material ON ComeOutBody.Material_Id =Material.Material_Id LEFT JOIN Claim_Contract ON ClaimPay.Claim_ID = Claim_Contract.Claim_ID LEFT JOIN Contract ON Claim_Contract.Contract_ID = Contract.Contract_ID LEFT JOIN ComeAPOutHead ON Contract.Contract_ID = ComeAPOutHead.Contract_Id LEFT JOIN Claim_ComeIn ON ClaimPay.Claim_ID = Claim_ComeIn.Claim_ID LEFT JOIN ComeInHead ON Claim_ComeIn.Tape_No = ComeInHead.Tape_No LEFT JOIN Claim_Suptract ON ClaimPay.Claim_ID = Claim_Suptract.Claim_ID LEFT JOIN Suptract ON Claim_Suptract.Suptract_ID = Suptract.Supplier_Id  WHERE ( ClaimPay.Claim_ID = 'CP-1234' ) GROUP BY GongCheng.GC_ID,Contract.Contract_ID,ComeInHead.Tape_No,Suptract.Suptract_ID ORDER BY ClaimPay.Createtime ASC  [ RunTime:0.011586s ]

[ 2016-08-18T17:39:56+08:00 ] ::1 /oaReport/index.php?s=/Home/Index/cNum
INFO: [ app_init ] --START--
INFO: Run Behavior\BuildLiteBehavior [ RunTime:0.000020s ]
INFO: [ app_init ] --END-- [ RunTime:0.000407s ]
INFO: [ app_begin ] --START--
INFO: Run Behavior\ReadHtmlCacheBehavior [ RunTime:0.001060s ]
INFO: [ app_begin ] --END-- [ RunTime:0.001160s ]
NOTIC: [8192] mysql_connect(): The mysql extension is deprecated and will be removed in the future: use mysqli or PDO instead C:\wamp\www\oaReport\ThinkPHP\Library\Think\Db\Driver\Mysql.class.php 第 52 行.
SQL: SHOW COLUMNS FROM `ClaimPay` [ RunTime:0.002331s ]
SQL: SELECT ClaimPay.Claim_ID,Contract.Contract_ID,GongCheng.GC_ID,ComeInHead.Tape_No,Suptract.Suptract_ID,ClaimPay.Claim_Shoukuan,ClaimPay.Claim_ShuoMing,ClaimPay.Claim_Amount,GongCheng.GC_Name,GongCheng.GC_Memo,GongCheng.GC_JuesuanAll,ComeAPOutHead.Tape_No,ComeOutHead.Tape_No,Material.Material_Name,ComeOutBody.Qty,ComeOutBody.Price,GongCheng.Creator,GongCheng.GC_StartDate,GongCheng.GC_EndDate,ClaimPay.Createtime FROM `ClaimPay` LEFT JOIN Claim_Gongcheng ON ClaimPay.Claim_ID = Claim_Gongcheng.Claim_ID LEFT JOIN GongCheng ON Claim_Gongcheng.GC_ID = GongCheng.GC_ID LEFT JOIN ComeOutHead ON GongCheng.GC_ID = ComeOutHead.GC_Id LEFT JOIN ComeOutBody ON ComeOutHead.Tape_No =ComeOutBody.Tape_No LEFT JOIN Material ON ComeOutBody.Material_Id =Material.Material_Id LEFT JOIN Claim_Contract ON ClaimPay.Claim_ID = Claim_Contract.Claim_ID LEFT JOIN Contract ON Claim_Contract.Contract_ID = Contract.Contract_ID LEFT JOIN ComeAPOutHead ON Contract.Contract_ID = ComeAPOutHead.Contract_Id LEFT JOIN Claim_ComeIn ON ClaimPay.Claim_ID = Claim_ComeIn.Claim_ID LEFT JOIN ComeInHead ON Claim_ComeIn.Tape_No = ComeInHead.Tape_No LEFT JOIN Claim_Suptract ON ClaimPay.Claim_ID = Claim_Suptract.Claim_ID LEFT JOIN Suptract ON Claim_Suptract.Suptract_ID = Suptract.Supplier_Id  WHERE ( ClaimPay.Claim_ID = 'CP-1234' ) GROUP BY GongCheng.GC_ID,Contract.Contract_ID,ComeInHead.Tape_No,Suptract.Suptract_ID ORDER BY ClaimPay.Createtime ASC  [ RunTime:0.013606s ]

[ 2016-08-18T17:43:37+08:00 ] ::1 /oaReport/index.php?s=/Home/Index/cNum
INFO: [ app_init ] --START--
INFO: Run Behavior\BuildLiteBehavior [ RunTime:0.000025s ]
INFO: [ app_init ] --END-- [ RunTime:0.000505s ]
INFO: [ app_begin ] --START--
INFO: Run Behavior\ReadHtmlCacheBehavior [ RunTime:0.001133s ]
INFO: [ app_begin ] --END-- [ RunTime:0.001250s ]
NOTIC: [8192] mysql_connect(): The mysql extension is deprecated and will be removed in the future: use mysqli or PDO instead C:\wamp\www\oaReport\ThinkPHP\Library\Think\Db\Driver\Mysql.class.php 第 52 行.
SQL: SHOW COLUMNS FROM `ClaimPay` [ RunTime:0.003426s ]
SQL: SELECT ClaimPay.Claim_ID,Contract.Contract_ID,GongCheng.GC_ID,ComeInHead.Tape_No,Suptract.Suptract_ID,ClaimPay.Claim_Shoukuan,ClaimPay.Claim_ShuoMing,ClaimPay.Claim_Amount,GongCheng.GC_Name,GongCheng.GC_Memo,GongCheng.GC_JuesuanAll,ComeAPOutHead.Tape_No,ComeOutHead.Tape_No,Material.Material_Name,ComeOutBody.Qty,ComeOutBody.Price,GongCheng.Creator,GongCheng.GC_StartDate,GongCheng.GC_EndDate,ClaimPay.Createtime FROM `ClaimPay` LEFT JOIN Claim_Gongcheng ON ClaimPay.Claim_ID = Claim_Gongcheng.Claim_ID LEFT JOIN GongCheng ON Claim_Gongcheng.GC_ID = GongCheng.GC_ID LEFT JOIN ComeOutHead ON GongCheng.GC_ID = ComeOutHead.GC_Id LEFT JOIN ComeOutBody ON ComeOutHead.Tape_No =ComeOutBody.Tape_No LEFT JOIN Material ON ComeOutBody.Material_Id =Material.Material_Id LEFT JOIN Claim_Contract ON ClaimPay.Claim_ID = Claim_Contract.Claim_ID LEFT JOIN Contract ON Claim_Contract.Contract_ID = Contract.Contract_ID LEFT JOIN ComeAPOutHead ON Contract.Contract_ID = ComeAPOutHead.Contract_Id LEFT JOIN Claim_ComeIn ON ClaimPay.Claim_ID = Claim_ComeIn.Claim_ID LEFT JOIN ComeInHead ON Claim_ComeIn.Tape_No = ComeInHead.Tape_No LEFT JOIN Claim_Suptract ON ClaimPay.Claim_ID = Claim_Suptract.Claim_ID LEFT JOIN Suptract ON Claim_Suptract.Suptract_ID = Suptract.Supplier_Id  WHERE ( ClaimPay.Claim_ID = 'CP-1234' ) GROUP BY GongCheng.GC_ID,Contract.Contract_ID,ComeInHead.Tape_No,Suptract.Suptract_ID ORDER BY ClaimPay.Createtime ASC  [ RunTime:0.013048s ]

[ 2016-08-18T17:49:40+08:00 ] ::1 /oaReport/
INFO: [ app_init ] --START--
INFO: Run Behavior\BuildLiteBehavior [ RunTime:0.000024s ]
INFO: [ app_init ] --END-- [ RunTime:0.000496s ]
INFO: [ app_begin ] --START--
INFO: Run Behavior\ReadHtmlCacheBehavior [ RunTime:0.001337s ]
INFO: [ app_begin ] --END-- [ RunTime:0.001451s ]
INFO: [ view_parse ] --START--
NOTIC: [8] Undefined offset: 1 C:\wamp\www\oaReport\ThinkPHP\Library\Think\Template\TagLib\Cx.class.php 第 495 行.
NOTIC: [8] Undefined offset: 1 C:\wamp\www\oaReport\ThinkPHP\Library\Think\Template\TagLib\Cx.class.php 第 495 行.
INFO: [ template_filter ] --START--
INFO: Run Behavior\ContentReplaceBehavior [ RunTime:0.000057s ]
INFO: [ template_filter ] --END-- [ RunTime:0.000157s ]
INFO: Run Behavior\ParseTemplateBehavior [ RunTime:0.007391s ]
INFO: [ view_parse ] --END-- [ RunTime:0.007509s ]
INFO: [ view_filter ] --START--
INFO: Run Behavior\WriteHtmlCacheBehavior [ RunTime:0.000880s ]
INFO: [ view_filter ] --END-- [ RunTime:0.000997s ]
INFO: [ app_end ] --START--
INFO: Run Behavior\ShowPageTraceBehavior [ RunTime:0.001136s ]
INFO: [ app_end ] --END-- [ RunTime:0.001239s ]

[ 2016-08-18T17:49:42+08:00 ] ::1 /oaReport/index.php?s=/Home/Index/cNum
INFO: [ app_init ] --START--
INFO: Run Behavior\BuildLiteBehavior [ RunTime:0.000021s ]
INFO: [ app_init ] --END-- [ RunTime:0.000408s ]
INFO: [ app_begin ] --START--
INFO: Run Behavior\ReadHtmlCacheBehavior [ RunTime:0.000874s ]
INFO: [ app_begin ] --END-- [ RunTime:0.000967s ]
NOTIC: [8192] mysql_connect(): The mysql extension is deprecated and will be removed in the future: use mysqli or PDO instead C:\wamp\www\oaReport\ThinkPHP\Library\Think\Db\Driver\Mysql.class.php 第 52 行.
SQL: SHOW COLUMNS FROM `ClaimPay` [ RunTime:0.008732s ]
SQL: SELECT ClaimPay.Claim_ID,Contract.Contract_ID,GongCheng.GC_ID,ComeInHead.Tape_No,Suptract.Suptract_ID,ClaimPay.Claim_Shoukuan,ClaimPay.Claim_ShuoMing,ClaimPay.Claim_Amount,GongCheng.GC_Name,GongCheng.GC_Memo,GongCheng.GC_JuesuanAll,ComeAPOutHead.Tape_No,ComeOutHead.Tape_No,Material.Material_Name,ComeOutBody.Qty,ComeOutBody.Price,GongCheng.Creator,GongCheng.GC_StartDate,GongCheng.GC_EndDate,ClaimPay.Createtime FROM `ClaimPay` LEFT JOIN Claim_Gongcheng ON ClaimPay.Claim_ID = Claim_Gongcheng.Claim_ID LEFT JOIN GongCheng ON Claim_Gongcheng.GC_ID = GongCheng.GC_ID LEFT JOIN ComeOutHead ON GongCheng.GC_ID = ComeOutHead.GC_Id LEFT JOIN ComeOutBody ON ComeOutHead.Tape_No =ComeOutBody.Tape_No LEFT JOIN Material ON ComeOutBody.Material_Id =Material.Material_Id LEFT JOIN Claim_Contract ON ClaimPay.Claim_ID = Claim_Contract.Claim_ID LEFT JOIN Contract ON Claim_Contract.Contract_ID = Contract.Contract_ID LEFT JOIN ComeAPOutHead ON Contract.Contract_ID = ComeAPOutHead.Contract_Id LEFT JOIN Claim_ComeIn ON ClaimPay.Claim_ID = Claim_ComeIn.Claim_ID LEFT JOIN ComeInHead ON Claim_ComeIn.Tape_No = ComeInHead.Tape_No LEFT JOIN Claim_Suptract ON ClaimPay.Claim_ID = Claim_Suptract.Claim_ID LEFT JOIN Suptract ON Claim_Suptract.Suptract_ID = Suptract.Supplier_Id  WHERE ( ClaimPay.Claim_ID = 'CP-1234' ) GROUP BY GongCheng.GC_ID,Contract.Contract_ID,ComeInHead.Tape_No,Suptract.Suptract_ID ORDER BY ClaimPay.Createtime ASC  [ RunTime:0.022705s ]

[ 2016-08-18T17:50:23+08:00 ] ::1 /oaReport/index.php?s=/Home/Index/cNum
INFO: [ app_init ] --START--
INFO: Run Behavior\BuildLiteBehavior [ RunTime:0.000022s ]
INFO: [ app_init ] --END-- [ RunTime:0.000453s ]
INFO: [ app_begin ] --START--
INFO: Run Behavior\ReadHtmlCacheBehavior [ RunTime:0.001142s ]
INFO: [ app_begin ] --END-- [ RunTime:0.001314s ]
NOTIC: [8192] mysql_connect(): The mysql extension is deprecated and will be removed in the future: use mysqli or PDO instead C:\wamp\www\oaReport\ThinkPHP\Library\Think\Db\Driver\Mysql.class.php 第 52 行.
SQL: SHOW COLUMNS FROM `ClaimPay` [ RunTime:0.002565s ]
SQL: SELECT ClaimPay.Claim_ID,Contract.Contract_ID,GongCheng.GC_ID,ComeInHead.Tape_No,Suptract.Suptract_ID,ClaimPay.Claim_Shoukuan,ClaimPay.Claim_ShuoMing,ClaimPay.Claim_Amount,GongCheng.GC_Name,GongCheng.GC_Memo,GongCheng.GC_JuesuanAll,ComeAPOutHead.Tape_No,ComeOutHead.Tape_No,Material.Material_Name,ComeOutBody.Qty,ComeOutBody.Price,GongCheng.Creator,GongCheng.GC_StartDate,GongCheng.GC_EndDate,ClaimPay.Createtime FROM `ClaimPay` LEFT JOIN Claim_Gongcheng ON ClaimPay.Claim_ID = Claim_Gongcheng.Claim_ID LEFT JOIN GongCheng ON Claim_Gongcheng.GC_ID = GongCheng.GC_ID LEFT JOIN ComeOutHead ON GongCheng.GC_ID = ComeOutHead.GC_Id LEFT JOIN ComeOutBody ON ComeOutHead.Tape_No =ComeOutBody.Tape_No LEFT JOIN Material ON ComeOutBody.Material_Id =Material.Material_Id LEFT JOIN Claim_Contract ON ClaimPay.Claim_ID = Claim_Contract.Claim_ID LEFT JOIN Contract ON Claim_Contract.Contract_ID = Contract.Contract_ID LEFT JOIN ComeAPOutHead ON Contract.Contract_ID = ComeAPOutHead.Contract_Id LEFT JOIN Claim_ComeIn ON ClaimPay.Claim_ID = Claim_ComeIn.Claim_ID LEFT JOIN ComeInHead ON Claim_ComeIn.Tape_No = ComeInHead.Tape_No LEFT JOIN Claim_Suptract ON ClaimPay.Claim_ID = Claim_Suptract.Claim_ID LEFT JOIN Suptract ON Claim_Suptract.Suptract_ID = Suptract.Supplier_Id  WHERE ( ClaimPay.Claim_ID = 'CP-1234' ) GROUP BY GongCheng.GC_ID,Contract.Contract_ID,ComeInHead.Tape_No,Suptract.Suptract_ID ORDER BY ClaimPay.Createtime ASC  [ RunTime:0.011953s ]

[ 2016-08-18T18:02:50+08:00 ] ::1 /oaReport/index.php?s=/Home/Index/cNum
INFO: [ app_init ] --START--
INFO: Run Behavior\BuildLiteBehavior [ RunTime:0.000024s ]
INFO: [ app_init ] --END-- [ RunTime:0.000553s ]
INFO: [ app_begin ] --START--
INFO: Run Behavior\ReadHtmlCacheBehavior [ RunTime:0.001095s ]
INFO: [ app_begin ] --END-- [ RunTime:0.001209s ]
NOTIC: [8192] mysql_connect(): The mysql extension is deprecated and will be removed in the future: use mysqli or PDO instead C:\wamp\www\oaReport\ThinkPHP\Library\Think\Db\Driver\Mysql.class.php 第 52 行.
SQL: SHOW COLUMNS FROM `ClaimPay` [ RunTime:0.001839s ]
SQL: SELECT ClaimPay.Claim_ID,Contract.Contract_ID,GongCheng.GC_ID,ComeInHead.Tape_No,Suptract.Suptract_ID,ClaimPay.Claim_Shoukuan,ClaimPay.Claim_ShuoMing,ClaimPay.Claim_Amount,GongCheng.GC_Name,GongCheng.GC_Memo,GongCheng.GC_JuesuanAll,ComeAPOutHead.Tape_No,ComeOutHead.Tape_No,Material.Material_Name,ComeOutBody.Qty,ComeOutBody.Price,GongCheng.Creator,GongCheng.GC_StartDate,GongCheng.GC_EndDate,ClaimPay.Createtime FROM `ClaimPay` LEFT JOIN Claim_Gongcheng ON ClaimPay.Claim_ID = Claim_Gongcheng.Claim_ID LEFT JOIN GongCheng ON Claim_Gongcheng.GC_ID = GongCheng.GC_ID LEFT JOIN ComeOutHead ON GongCheng.GC_ID = ComeOutHead.GC_Id LEFT JOIN ComeOutBody ON ComeOutHead.Tape_No =ComeOutBody.Tape_No LEFT JOIN Material ON ComeOutBody.Material_Id =Material.Material_Id LEFT JOIN Claim_Contract ON ClaimPay.Claim_ID = Claim_Contract.Claim_ID LEFT JOIN Contract ON Claim_Contract.Contract_ID = Contract.Contract_ID LEFT JOIN ComeAPOutHead ON Contract.Contract_ID = ComeAPOutHead.Contract_Id LEFT JOIN Claim_ComeIn ON ClaimPay.Claim_ID = Claim_ComeIn.Claim_ID LEFT JOIN ComeInHead ON Claim_ComeIn.Tape_No = ComeInHead.Tape_No LEFT JOIN Claim_Suptract ON ClaimPay.Claim_ID = Claim_Suptract.Claim_ID LEFT JOIN Suptract ON Claim_Suptract.Suptract_ID = Suptract.Supplier_Id  WHERE ( ClaimPay.Claim_ID = 'CP-2341' ) GROUP BY GongCheng.GC_ID,Contract.Contract_ID,ComeInHead.Tape_No,Suptract.Suptract_ID ORDER BY ClaimPay.Createtime ASC  [ RunTime:0.005297s ]

[ 2016-08-18T18:03:06+08:00 ] ::1 /oaReport/index.php?s=/Home/Index/cNum
INFO: [ app_init ] --START--
INFO: Run Behavior\BuildLiteBehavior [ RunTime:0.000020s ]
INFO: [ app_init ] --END-- [ RunTime:0.000411s ]
INFO: [ app_begin ] --START--
INFO: Run Behavior\ReadHtmlCacheBehavior [ RunTime:0.000908s ]
INFO: [ app_begin ] --END-- [ RunTime:0.001004s ]
NOTIC: [8192] mysql_connect(): The mysql extension is deprecated and will be removed in the future: use mysqli or PDO instead C:\wamp\www\oaReport\ThinkPHP\Library\Think\Db\Driver\Mysql.class.php 第 52 行.
SQL: SHOW COLUMNS FROM `ClaimPay` [ RunTime:0.001891s ]
SQL: SELECT ClaimPay.Claim_ID,Contract.Contract_ID,GongCheng.GC_ID,ComeInHead.Tape_No,Suptract.Suptract_ID,ClaimPay.Claim_Shoukuan,ClaimPay.Claim_ShuoMing,ClaimPay.Claim_Amount,GongCheng.GC_Name,GongCheng.GC_Memo,GongCheng.GC_JuesuanAll,ComeAPOutHead.Tape_No,ComeOutHead.Tape_No,Material.Material_Name,ComeOutBody.Qty,ComeOutBody.Price,GongCheng.Creator,GongCheng.GC_StartDate,GongCheng.GC_EndDate,ClaimPay.Createtime FROM `ClaimPay` LEFT JOIN Claim_Gongcheng ON ClaimPay.Claim_ID = Claim_Gongcheng.Claim_ID LEFT JOIN GongCheng ON Claim_Gongcheng.GC_ID = GongCheng.GC_ID LEFT JOIN ComeOutHead ON GongCheng.GC_ID = ComeOutHead.GC_Id LEFT JOIN ComeOutBody ON ComeOutHead.Tape_No =ComeOutBody.Tape_No LEFT JOIN Material ON ComeOutBody.Material_Id =Material.Material_Id LEFT JOIN Claim_Contract ON ClaimPay.Claim_ID = Claim_Contract.Claim_ID LEFT JOIN Contract ON Claim_Contract.Contract_ID = Contract.Contract_ID LEFT JOIN ComeAPOutHead ON Contract.Contract_ID = ComeAPOutHead.Contract_Id LEFT JOIN Claim_ComeIn ON ClaimPay.Claim_ID = Claim_ComeIn.Claim_ID LEFT JOIN ComeInHead ON Claim_ComeIn.Tape_No = ComeInHead.Tape_No LEFT JOIN Claim_Suptract ON ClaimPay.Claim_ID = Claim_Suptract.Claim_ID LEFT JOIN Suptract ON Claim_Suptract.Suptract_ID = Suptract.Supplier_Id  WHERE ( ClaimPay.Claim_ID = 'CP-1435' ) GROUP BY GongCheng.GC_ID,Contract.Contract_ID,ComeInHead.Tape_No,Suptract.Suptract_ID ORDER BY ClaimPay.Createtime ASC  [ RunTime:0.011985s ]

[ 2016-08-18T18:14:09+08:00 ] ::1 /oaReport/
INFO: [ app_init ] --START--
INFO: Run Behavior\BuildLiteBehavior [ RunTime:0.000020s ]
INFO: [ app_init ] --END-- [ RunTime:0.000428s ]
INFO: [ app_begin ] --START--
INFO: Run Behavior\ReadHtmlCacheBehavior [ RunTime:0.001026s ]
INFO: [ app_begin ] --END-- [ RunTime:0.001121s ]
INFO: [ view_parse ] --START--
NOTIC: [8] Undefined offset: 1 C:\wamp\www\oaReport\ThinkPHP\Library\Think\Template\TagLib\Cx.class.php 第 495 行.
NOTIC: [8] Undefined offset: 1 C:\wamp\www\oaReport\ThinkPHP\Library\Think\Template\TagLib\Cx.class.php 第 495 行.
INFO: [ template_filter ] --START--
INFO: Run Behavior\ContentReplaceBehavior [ RunTime:0.000050s ]
INFO: [ template_filter ] --END-- [ RunTime:0.000139s ]
INFO: Run Behavior\ParseTemplateBehavior [ RunTime:0.008239s ]
INFO: [ view_parse ] --END-- [ RunTime:0.008357s ]
INFO: [ view_filter ] --START--
INFO: Run Behavior\WriteHtmlCacheBehavior [ RunTime:0.000826s ]
INFO: [ view_filter ] --END-- [ RunTime:0.000914s ]
INFO: [ app_end ] --START--
INFO: Run Behavior\ShowPageTraceBehavior [ RunTime:0.000959s ]
INFO: [ app_end ] --END-- [ RunTime:0.001045s ]

[ 2016-08-18T18:14:11+08:00 ] ::1 /oaReport/index.php?s=/Home/Index/cNum
INFO: [ app_init ] --START--
INFO: Run Behavior\BuildLiteBehavior [ RunTime:0.000021s ]
INFO: [ app_init ] --END-- [ RunTime:0.000478s ]
INFO: [ app_begin ] --START--
INFO: Run Behavior\ReadHtmlCacheBehavior [ RunTime:0.001104s ]
INFO: [ app_begin ] --END-- [ RunTime:0.001222s ]
NOTIC: [8192] mysql_connect(): The mysql extension is deprecated and will be removed in the future: use mysqli or PDO instead C:\wamp\www\oaReport\ThinkPHP\Library\Think\Db\Driver\Mysql.class.php 第 52 行.
SQL: SHOW COLUMNS FROM `ClaimPay` [ RunTime:0.001927s ]
SQL: SELECT ClaimPay.Claim_ID,Contract.Contract_ID,GongCheng.GC_ID,Claim_ComeIn.Tape_No,Suptract.Suptract_ID,ClaimPay.Claim_Shoukuan,ClaimPay.Claim_ShuoMing,ClaimPay.Claim_Amount,GongCheng.GC_Name,GongCheng.GC_Memo,GongCheng.GC_JuesuanAll,ComeAPOutHead.Tape_No,ComeOutHead.Tape_No,Material.Material_Name,ComeOutBody.Qty,ComeOutBody.Price,GongCheng.Creator,GongCheng.GC_StartDate,GongCheng.GC_EndDate,ClaimPay.Createtime FROM `ClaimPay` LEFT JOIN Claim_Gongcheng ON ClaimPay.Claim_ID = Claim_Gongcheng.Claim_ID LEFT JOIN GongCheng ON Claim_Gongcheng.GC_ID = GongCheng.GC_ID LEFT JOIN ComeOutHead ON GongCheng.GC_ID = ComeOutHead.GC_Id LEFT JOIN ComeOutBody ON ComeOutHead.Tape_No =ComeOutBody.Tape_No LEFT JOIN Material ON ComeOutBody.Material_Id =Material.Material_Id LEFT JOIN Claim_Contract ON ClaimPay.Claim_ID = Claim_Contract.Claim_ID LEFT JOIN Contract ON Claim_Contract.Contract_ID = Contract.Contract_ID LEFT JOIN ComeAPOutHead ON Contract.Contract_ID = ComeAPOutHead.Contract_Id LEFT JOIN Claim_ComeIn ON ClaimPay.Claim_ID = Claim_ComeIn.Claim_ID LEFT JOIN ComeInHead ON Claim_ComeIn.Tape_No = ComeInHead.Tape_No LEFT JOIN Claim_Suptract ON ClaimPay.Claim_ID = Claim_Suptract.Claim_ID LEFT JOIN Suptract ON Claim_Suptract.Suptract_ID = Suptract.Supplier_Id  WHERE ( ClaimPay.Claim_ID = 'CP-1435' ) GROUP BY GongCheng.GC_ID,Contract.Contract_ID,ComeInHead.Tape_No,Suptract.Suptract_ID ORDER BY ClaimPay.Createtime ASC  [ RunTime:0.012050s ]

[ 2016-08-18T18:16:02+08:00 ] ::1 /oaReport/index.php?s=/Home/Index/cNum
INFO: [ app_init ] --START--
INFO: Run Behavior\BuildLiteBehavior [ RunTime:0.000020s ]
INFO: [ app_init ] --END-- [ RunTime:0.000430s ]
INFO: [ app_begin ] --START--
INFO: Run Behavior\ReadHtmlCacheBehavior [ RunTime:0.000889s ]
INFO: [ app_begin ] --END-- [ RunTime:0.001028s ]
NOTIC: [8192] mysql_connect(): The mysql extension is deprecated and will be removed in the future: use mysqli or PDO instead C:\wamp\www\oaReport\ThinkPHP\Library\Think\Db\Driver\Mysql.class.php 第 52 行.
SQL: SHOW COLUMNS FROM `ClaimPay` [ RunTime:0.001831s ]
SQL: SELECT ClaimPay.Claim_ID,Contract.Contract_ID,GongCheng.GC_ID,Claim_ComeIn.Tape_No,Suptract.Suptract_ID,ClaimPay.Claim_Shoukuan,ClaimPay.Claim_ShuoMing,ClaimPay.Claim_Amount,GongCheng.GC_Name,GongCheng.GC_Memo,GongCheng.GC_JuesuanAll,ComeAPOutHead.Tape_No,ComeOutHead.Tape_No,Material.Material_Name,ComeOutBody.Qty,ComeOutBody.Price,GongCheng.Creator,GongCheng.GC_StartDate,GongCheng.GC_EndDate,ClaimPay.Createtime FROM `ClaimPay` LEFT JOIN Claim_Gongcheng ON ClaimPay.Claim_ID = Claim_Gongcheng.Claim_ID LEFT JOIN GongCheng ON Claim_Gongcheng.GC_ID = GongCheng.GC_ID LEFT JOIN ComeOutHead ON GongCheng.GC_ID = ComeOutHead.GC_Id LEFT JOIN ComeOutBody ON ComeOutHead.Tape_No =ComeOutBody.Tape_No LEFT JOIN Material ON ComeOutBody.Material_Id =Material.Material_Id LEFT JOIN Claim_Contract ON ClaimPay.Claim_ID = Claim_Contract.Claim_ID LEFT JOIN Contract ON Claim_Contract.Contract_ID = Contract.Contract_ID LEFT JOIN ComeAPOutHead ON Contract.Contract_ID = ComeAPOutHead.Contract_Id LEFT JOIN Claim_ComeIn ON ClaimPay.Claim_ID = Claim_ComeIn.Claim_ID LEFT JOIN ComeInHead ON Claim_ComeIn.Tape_No = ComeInHead.Tape_No LEFT JOIN Claim_Suptract ON ClaimPay.Claim_ID = Claim_Suptract.Claim_ID LEFT JOIN Suptract ON Claim_Suptract.Suptract_ID = Suptract.Supplier_Id  WHERE ( ClaimPay.Claim_ID = 'CP-1434' ) GROUP BY GongCheng.GC_ID,Contract.Contract_ID,ComeInHead.Tape_No,Suptract.Suptract_ID ORDER BY ClaimPay.Createtime ASC  [ RunTime:0.012489s ]

[ 2016-08-18T18:17:27+08:00 ] ::1 /oaReport/index.php?s=/Home/Index/cNum
INFO: [ app_init ] --START--
INFO: Run Behavior\BuildLiteBehavior [ RunTime:0.000022s ]
INFO: [ app_init ] --END-- [ RunTime:0.000458s ]
INFO: [ app_begin ] --START--
INFO: Run Behavior\ReadHtmlCacheBehavior [ RunTime:0.001064s ]
INFO: [ app_begin ] --END-- [ RunTime:0.001179s ]
NOTIC: [8192] mysql_connect(): The mysql extension is deprecated and will be removed in the future: use mysqli or PDO instead C:\wamp\www\oaReport\ThinkPHP\Library\Think\Db\Driver\Mysql.class.php 第 52 行.
SQL: SHOW COLUMNS FROM `ClaimPay` [ RunTime:0.004946s ]
SQL: SELECT ClaimPay.Claim_ID,Contract.Contract_ID,GongCheng.GC_ID,Claim_ComeIn.Tape_No,Suptract.Suptract_ID,ClaimPay.Claim_Shoukuan,ClaimPay.Claim_ShuoMing,ClaimPay.Claim_Amount,GongCheng.GC_Name,GongCheng.GC_Memo,GongCheng.GC_JuesuanAll,ComeAPOutHead.Tape_No,ComeOutHead.Tape_No,Material.Material_Name,ComeOutBody.Qty,ComeOutBody.Price,GongCheng.Creator,GongCheng.GC_StartDate,GongCheng.GC_EndDate,ClaimPay.Createtime FROM `ClaimPay` LEFT JOIN Claim_Gongcheng ON ClaimPay.Claim_ID = Claim_Gongcheng.Claim_ID LEFT JOIN GongCheng ON Claim_Gongcheng.GC_ID = GongCheng.GC_ID LEFT JOIN ComeOutHead ON GongCheng.GC_ID = ComeOutHead.GC_Id LEFT JOIN ComeOutBody ON ComeOutHead.Tape_No =ComeOutBody.Tape_No LEFT JOIN Material ON ComeOutBody.Material_Id =Material.Material_Id LEFT JOIN Claim_Contract ON ClaimPay.Claim_ID = Claim_Contract.Claim_ID LEFT JOIN Contract ON Claim_Contract.Contract_ID = Contract.Contract_ID LEFT JOIN ComeAPOutHead ON Contract.Contract_ID = ComeAPOutHead.Contract_Id LEFT JOIN Claim_ComeIn ON ClaimPay.Claim_ID = Claim_ComeIn.Claim_ID LEFT JOIN ComeInHead ON Claim_ComeIn.Tape_No = ComeInHead.Tape_No LEFT JOIN Claim_Suptract ON ClaimPay.Claim_ID = Claim_Suptract.Claim_ID LEFT JOIN Suptract ON Claim_Suptract.Suptract_ID = Suptract.Supplier_Id  WHERE ( ClaimPay.Claim_ID = 'CP-2060' ) GROUP BY GongCheng.GC_ID,Contract.Contract_ID,ComeInHead.Tape_No,Suptract.Suptract_ID ORDER BY ClaimPay.Createtime ASC  [ RunTime:0.012167s ]

[ 2016-08-18T18:18:55+08:00 ] ::1 /oaReport/index.php?s=/Home/Index/cNum
INFO: [ app_init ] --START--
INFO: Run Behavior\BuildLiteBehavior [ RunTime:0.000020s ]
INFO: [ app_init ] --END-- [ RunTime:0.000425s ]
INFO: [ app_begin ] --START--
INFO: Run Behavior\ReadHtmlCacheBehavior [ RunTime:0.000881s ]
INFO: [ app_begin ] --END-- [ RunTime:0.000976s ]
NOTIC: [8192] mysql_connect(): The mysql extension is deprecated and will be removed in the future: use mysqli or PDO instead C:\wamp\www\oaReport\ThinkPHP\Library\Think\Db\Driver\Mysql.class.php 第 52 行.
SQL: SHOW COLUMNS FROM `ClaimPay` [ RunTime:0.001743s ]
SQL: SELECT ClaimPay.Claim_ID,Contract.Contract_ID,GongCheng.GC_ID,Claim_ComeIn.Tape_No,Suptract.Suptract_ID,ClaimPay.Claim_Shoukuan,ClaimPay.Claim_ShuoMing,ClaimPay.Claim_Amount,GongCheng.GC_Name,GongCheng.GC_Memo,GongCheng.GC_JuesuanAll,ComeAPOutHead.Tape_No,ComeOutHead.Tape_No,Material.Material_Name,ComeOutBody.Qty,ComeOutBody.Price,GongCheng.Creator,GongCheng.GC_StartDate,GongCheng.GC_EndDate,ClaimPay.Createtime FROM `ClaimPay` LEFT JOIN Claim_Gongcheng ON ClaimPay.Claim_ID = Claim_Gongcheng.Claim_ID LEFT JOIN GongCheng ON Claim_Gongcheng.GC_ID = GongCheng.GC_ID LEFT JOIN ComeOutHead ON GongCheng.GC_ID = ComeOutHead.GC_Id LEFT JOIN ComeOutBody ON ComeOutHead.Tape_No =ComeOutBody.Tape_No LEFT JOIN Material ON ComeOutBody.Material_Id =Material.Material_Id LEFT JOIN Claim_Contract ON ClaimPay.Claim_ID = Claim_Contract.Claim_ID LEFT JOIN Contract ON Claim_Contract.Contract_ID = Contract.Contract_ID LEFT JOIN ComeAPOutHead ON Contract.Contract_ID = ComeAPOutHead.Contract_Id LEFT JOIN Claim_ComeIn ON ClaimPay.Claim_ID = Claim_ComeIn.Claim_ID LEFT JOIN ComeInHead ON Claim_ComeIn.Tape_No = ComeInHead.Tape_No LEFT JOIN Claim_Suptract ON ClaimPay.Claim_ID = Claim_Suptract.Claim_ID LEFT JOIN Suptract ON Claim_Suptract.Suptract_ID = Suptract.Supplier_Id  WHERE ( ClaimPay.Claim_ID = 'CP-1611' ) GROUP BY GongCheng.GC_ID,Contract.Contract_ID,ComeInHead.Tape_No,Suptract.Suptract_ID ORDER BY ClaimPay.Createtime ASC  [ RunTime:0.959099s ]

