[ 2016-08-26T17:22:04+08:00 ] ::1 /oaReport/
INFO: [ app_init ] --START--
INFO: Run Behavior\BuildLiteBehavior [ RunTime:0.000055s ]
INFO: [ app_init ] --END-- [ RunTime:0.003268s ]
INFO: [ app_begin ] --START--
INFO: Run Behavior\ReadHtmlCacheBehavior [ RunTime:0.002152s ]
INFO: [ app_begin ] --END-- [ RunTime:0.002429s ]
INFO: [ view_parse ] --START--
NOTIC: [8] Undefined offset: 1 C:\wamp\www\oaReport\ThinkPHP\Library\Think\Template\TagLib\Cx.class.php 第 495 行.
NOTIC: [8] Undefined offset: 1 C:\wamp\www\oaReport\ThinkPHP\Library\Think\Template\TagLib\Cx.class.php 第 495 行.
INFO: [ template_filter ] --START--
INFO: Run Behavior\ContentReplaceBehavior [ RunTime:0.000160s ]
INFO: [ template_filter ] --END-- [ RunTime:0.000434s ]
INFO: Run Behavior\ParseTemplateBehavior [ RunTime:0.097604s ]
INFO: [ view_parse ] --END-- [ RunTime:0.097881s ]
INFO: [ view_filter ] --START--
INFO: Run Behavior\WriteHtmlCacheBehavior [ RunTime:0.008762s ]
INFO: [ view_filter ] --END-- [ RunTime:0.009026s ]
INFO: [ app_end ] --START--
INFO: Run Behavior\ShowPageTraceBehavior [ RunTime:0.002817s ]
INFO: [ app_end ] --END-- [ RunTime:0.003104s ]

[ 2016-08-26T17:22:15+08:00 ] ::1 /oaReport/index.php?s=/Home/Index/GNum
INFO: [ app_init ] --START--
INFO: Run Behavior\BuildLiteBehavior [ RunTime:0.000020s ]
INFO: [ app_init ] --END-- [ RunTime:0.000342s ]
INFO: [ app_begin ] --START--
INFO: Run Behavior\ReadHtmlCacheBehavior [ RunTime:0.000519s ]
INFO: [ app_begin ] --END-- [ RunTime:0.000619s ]
NOTIC: [8192] mysql_connect(): The mysql extension is deprecated and will be removed in the future: use mysqli or PDO instead C:\wamp\www\oaReport\ThinkPHP\Library\Think\Db\Driver\Mysql.class.php 第 52 行.
SQL: SHOW COLUMNS FROM `GongCheng` [ RunTime:0.002827s ]
SQL: SELECT GongCheng.GC_ID,GongCheng.GC_Type,Contract.Contract_ID,Customer.Customer_JianName,Customer.Customer_Id,Customer.Customer_Name,Contract.Contract_StartDate,Contract.Contract_EndDate,Contract.Contract_FeeStartDate,Contract.Contract_FeeEndDate,GongCheng.GC_Name,GongCheng.GC_Memo,GSupplier.GSupplier_Name,GongCheng.GC_JuesuanAll,GongCheng.GC_JuesuanGC,ComeOutHead.Tape_No,GongCheng.LastUpdator FROM `GongCheng` LEFT JOIN Contract ON GongCheng.Contract_ID = Contract.Contract_ID LEFT JOIN Customer ON Contract.Customer_Id = Customer.Customer_Id LEFT JOIN GSupplier ON GongCheng.GSupplier_id = GSupplier.GSupplier_ID LEFT JOIN ComeOutHead ON Contract.Contract_ID =ComeOutHead.Contract_Id  WHERE ( GongCheng.GC_ID = 'GC-1133' ) GROUP BY GongCheng.GC_ID,Contract.Contract_ID,ComeOutHead.Tape_No ORDER BY GongCheng.GC_ID ASC  [ RunTime:0.003915s ]

[ 2016-08-26T17:23:19+08:00 ] ::1 /oaReport/index.php?s=/Home/Index/conNum
INFO: [ app_init ] --START--
INFO: Run Behavior\BuildLiteBehavior [ RunTime:0.000023s ]
INFO: [ app_init ] --END-- [ RunTime:0.000394s ]
INFO: [ app_begin ] --START--
INFO: Run Behavior\ReadHtmlCacheBehavior [ RunTime:0.000494s ]
INFO: [ app_begin ] --END-- [ RunTime:0.000606s ]
NOTIC: [8192] mysql_connect(): The mysql extension is deprecated and will be removed in the future: use mysqli or PDO instead C:\wamp\www\oaReport\ThinkPHP\Library\Think\Db\Driver\Mysql.class.php 第 52 行.
SQL: SHOW COLUMNS FROM `ClaimPay` [ RunTime:0.004732s ]
SQL: SELECT Contract.Contract_ID,GongCheng.GC_ID,ClaimPay.Claim_ID,Suptract.Suptract_ID,ClaimPay.Claim_Shoukuan,ClaimPay.Claim_ShuoMing,ClaimPay.Claim_Amount,GongCheng.GC_Name,GongCheng.GC_Memo,GongCheng.GC_JuesuanGC,Material.Material_Name,ComeOutBody.Qty,ComeOutBody.Price,GongCheng.Creator,GongCheng.GC_StartDate,GongCheng.GC_EndDate,ClaimPay.Createtime,ComeOutHead.Tape_No FROM `ClaimPay` LEFT JOIN Claim_Gongcheng ON ClaimPay.Claim_ID = Claim_Gongcheng.Claim_ID LEFT JOIN GongCheng ON Claim_Gongcheng.GC_ID = GongCheng.GC_ID LEFT JOIN ComeOutHead ON GongCheng.GC_ID = ComeOutHead.GC_Id LEFT JOIN ComeOutBody ON ComeOutHead.Tape_No =ComeOutBody.Tape_No LEFT JOIN Material ON ComeOutBody.Material_Id =Material.Material_Id LEFT JOIN Claim_Contract ON ClaimPay.Claim_ID = Claim_Contract.Claim_ID LEFT JOIN Contract ON Claim_Contract.Contract_ID = Contract.Contract_ID LEFT JOIN ComeAPOutHead ON Contract.Contract_ID = ComeAPOutHead.Contract_Id LEFT JOIN Claim_ComeIn ON ClaimPay.Claim_ID = Claim_ComeIn.Claim_ID LEFT JOIN ComeInHead ON Claim_ComeIn.Tape_No = ComeInHead.Tape_No LEFT JOIN ComeInBody ON ComeInHead.Tape_No = ComeInBody.Tape_No LEFT JOIN Claim_Suptract ON ClaimPay.Claim_ID = Claim_Suptract.Claim_ID LEFT JOIN Suptract ON Claim_Suptract.Suptract_ID = Suptract.Supplier_Id  WHERE ( Contract.Contract_ID = 'WIF-0397-1507' ) GROUP BY GongCheng.GC_ID,Contract.Contract_ID,ComeInHead.Tape_No,Suptract.Suptract_ID ORDER BY Contract.Contract_ID  [ RunTime:0.017937s ]

[ 2016-08-26T17:23:26+08:00 ] ::1 /oaReport/index.php?s=/Home/Index/conNum
INFO: [ app_init ] --START--
INFO: Run Behavior\BuildLiteBehavior [ RunTime:0.000023s ]
INFO: [ app_init ] --END-- [ RunTime:0.000376s ]
INFO: [ app_begin ] --START--
INFO: Run Behavior\ReadHtmlCacheBehavior [ RunTime:0.000500s ]
INFO: [ app_begin ] --END-- [ RunTime:0.000644s ]
NOTIC: [8192] mysql_connect(): The mysql extension is deprecated and will be removed in the future: use mysqli or PDO instead C:\wamp\www\oaReport\ThinkPHP\Library\Think\Db\Driver\Mysql.class.php 第 52 行.
SQL: SHOW COLUMNS FROM `ClaimPay` [ RunTime:0.001820s ]
SQL: SELECT Contract.Contract_ID,GongCheng.GC_ID,ClaimPay.Claim_ID,Suptract.Suptract_ID,ClaimPay.Claim_Shoukuan,ClaimPay.Claim_ShuoMing,ClaimPay.Claim_Amount,GongCheng.GC_Name,GongCheng.GC_Memo,GongCheng.GC_JuesuanGC,Material.Material_Name,ComeOutBody.Qty,ComeOutBody.Price,GongCheng.Creator,GongCheng.GC_StartDate,GongCheng.GC_EndDate,ClaimPay.Createtime,ComeOutHead.Tape_No FROM `ClaimPay` LEFT JOIN Claim_Gongcheng ON ClaimPay.Claim_ID = Claim_Gongcheng.Claim_ID LEFT JOIN GongCheng ON Claim_Gongcheng.GC_ID = GongCheng.GC_ID LEFT JOIN ComeOutHead ON GongCheng.GC_ID = ComeOutHead.GC_Id LEFT JOIN ComeOutBody ON ComeOutHead.Tape_No =ComeOutBody.Tape_No LEFT JOIN Material ON ComeOutBody.Material_Id =Material.Material_Id LEFT JOIN Claim_Contract ON ClaimPay.Claim_ID = Claim_Contract.Claim_ID LEFT JOIN Contract ON Claim_Contract.Contract_ID = Contract.Contract_ID LEFT JOIN ComeAPOutHead ON Contract.Contract_ID = ComeAPOutHead.Contract_Id LEFT JOIN Claim_ComeIn ON ClaimPay.Claim_ID = Claim_ComeIn.Claim_ID LEFT JOIN ComeInHead ON Claim_ComeIn.Tape_No = ComeInHead.Tape_No LEFT JOIN ComeInBody ON ComeInHead.Tape_No = ComeInBody.Tape_No LEFT JOIN Claim_Suptract ON ClaimPay.Claim_ID = Claim_Suptract.Claim_ID LEFT JOIN Suptract ON Claim_Suptract.Suptract_ID = Suptract.Supplier_Id  WHERE ( Contract.Contract_ID = 'WIF-0397-1507' ) GROUP BY GongCheng.GC_ID,Contract.Contract_ID,ComeInHead.Tape_No,Suptract.Suptract_ID ORDER BY Contract.Contract_ID  [ RunTime:0.012832s ]

[ 2016-08-26T17:23:55+08:00 ] ::1 /oaReport/
INFO: [ app_init ] --START--
INFO: Run Behavior\BuildLiteBehavior [ RunTime:0.000021s ]
INFO: [ app_init ] --END-- [ RunTime:0.000414s ]
INFO: [ app_begin ] --START--
INFO: Run Behavior\ReadHtmlCacheBehavior [ RunTime:0.000660s ]
INFO: [ app_begin ] --END-- [ RunTime:0.000760s ]
INFO: [ view_parse ] --START--
NOTIC: [8] Undefined offset: 1 C:\wamp\www\oaReport\ThinkPHP\Library\Think\Template\TagLib\Cx.class.php 第 495 行.
NOTIC: [8] Undefined offset: 1 C:\wamp\www\oaReport\ThinkPHP\Library\Think\Template\TagLib\Cx.class.php 第 495 行.
INFO: [ template_filter ] --START--
INFO: Run Behavior\ContentReplaceBehavior [ RunTime:0.000060s ]
INFO: [ template_filter ] --END-- [ RunTime:0.000176s ]
INFO: Run Behavior\ParseTemplateBehavior [ RunTime:0.006019s ]
INFO: [ view_parse ] --END-- [ RunTime:0.006136s ]
INFO: [ view_filter ] --START--
INFO: Run Behavior\WriteHtmlCacheBehavior [ RunTime:0.000444s ]
INFO: [ view_filter ] --END-- [ RunTime:0.000537s ]
INFO: [ app_end ] --START--
INFO: Run Behavior\ShowPageTraceBehavior [ RunTime:0.000585s ]
INFO: [ app_end ] --END-- [ RunTime:0.000677s ]

[ 2016-08-26T17:23:56+08:00 ] ::1 /oaReport/index.php?s=/Home/Index/conNum
INFO: [ app_init ] --START--
INFO: Run Behavior\BuildLiteBehavior [ RunTime:0.000022s ]
INFO: [ app_init ] --END-- [ RunTime:0.000386s ]
INFO: [ app_begin ] --START--
INFO: Run Behavior\ReadHtmlCacheBehavior [ RunTime:0.000489s ]
INFO: [ app_begin ] --END-- [ RunTime:0.000596s ]
NOTIC: [8192] mysql_connect(): The mysql extension is deprecated and will be removed in the future: use mysqli or PDO instead C:\wamp\www\oaReport\ThinkPHP\Library\Think\Db\Driver\Mysql.class.php 第 52 行.
SQL: SHOW COLUMNS FROM `ClaimPay` [ RunTime:0.004024s ]
SQL: SELECT Contract.Contract_ID,GongCheng.GC_ID,ClaimPay.Claim_ID,Suptract.Suptract_ID,ClaimPay.Claim_Shoukuan,ClaimPay.Claim_ShuoMing,ClaimPay.Claim_Amount,GongCheng.GC_Name,GongCheng.GC_Memo,GongCheng.GC_JuesuanGC,Material.Material_Name,ComeOutBody.Qty,ComeOutBody.Price,GongCheng.Creator,GongCheng.GC_StartDate,GongCheng.GC_EndDate,ClaimPay.Createtime,ComeOutHead.Tape_No FROM `ClaimPay` LEFT JOIN Claim_Gongcheng ON ClaimPay.Claim_ID = Claim_Gongcheng.Claim_ID LEFT JOIN GongCheng ON Claim_Gongcheng.GC_ID = GongCheng.GC_ID LEFT JOIN ComeOutHead ON GongCheng.GC_ID = ComeOutHead.GC_Id LEFT JOIN ComeOutBody ON ComeOutHead.Tape_No =ComeOutBody.Tape_No LEFT JOIN Material ON ComeOutBody.Material_Id =Material.Material_Id LEFT JOIN Claim_Contract ON ClaimPay.Claim_ID = Claim_Contract.Claim_ID LEFT JOIN Contract ON Claim_Contract.Contract_ID = Contract.Contract_ID LEFT JOIN ComeAPOutHead ON Contract.Contract_ID = ComeAPOutHead.Contract_Id LEFT JOIN Claim_ComeIn ON ClaimPay.Claim_ID = Claim_ComeIn.Claim_ID LEFT JOIN ComeInHead ON Claim_ComeIn.Tape_No = ComeInHead.Tape_No LEFT JOIN ComeInBody ON ComeInHead.Tape_No = ComeInBody.Tape_No LEFT JOIN Claim_Suptract ON ClaimPay.Claim_ID = Claim_Suptract.Claim_ID LEFT JOIN Suptract ON Claim_Suptract.Suptract_ID = Suptract.Supplier_Id  WHERE ( Contract.Contract_ID = 'WIF-0397-1507' ) GROUP BY GongCheng.GC_ID,Contract.Contract_ID,ComeInHead.Tape_No,Suptract.Suptract_ID ORDER BY Contract.Contract_ID  [ RunTime:0.015541s ]

[ 2016-08-26T17:26:53+08:00 ] ::1 /oaReport/index.php?s=/Home/Index/cNum
INFO: [ app_init ] --START--
INFO: Run Behavior\BuildLiteBehavior [ RunTime:0.000023s ]
INFO: [ app_init ] --END-- [ RunTime:0.000459s ]
INFO: [ app_begin ] --START--
INFO: Run Behavior\ReadHtmlCacheBehavior [ RunTime:0.000840s ]
INFO: [ app_begin ] --END-- [ RunTime:0.000951s ]
NOTIC: [8192] mysql_connect(): The mysql extension is deprecated and will be removed in the future: use mysqli or PDO instead C:\wamp\www\oaReport\ThinkPHP\Library\Think\Db\Driver\Mysql.class.php 第 52 行.
SQL: SHOW COLUMNS FROM `ClaimPay` [ RunTime:0.002264s ]
SQL: SELECT ClaimPay.Claim_ID,Contract.Contract_ID,GongCheng.GC_ID,Suptract.Suptract_ID,ClaimPay.Claim_Shoukuan,ClaimPay.Claim_ShuoMing,ClaimPay.Claim_Amount,GongCheng.GC_Name,GongCheng.GC_Memo,GongCheng.GC_JuesuanGC,Material.Material_Name,ComeOutBody.Qty,ComeOutBody.Price,GongCheng.Creator,GongCheng.GC_StartDate,GongCheng.GC_EndDate,ClaimPay.Createtime,ComeOutHead.Tape_No FROM `ClaimPay` LEFT JOIN Claim_Gongcheng ON ClaimPay.Claim_ID = Claim_Gongcheng.Claim_ID LEFT JOIN GongCheng ON Claim_Gongcheng.GC_ID = GongCheng.GC_ID LEFT JOIN ComeOutHead ON GongCheng.GC_ID = ComeOutHead.GC_Id LEFT JOIN ComeOutBody ON ComeOutHead.Tape_No =ComeOutBody.Tape_No LEFT JOIN Material ON ComeOutBody.Material_Id =Material.Material_Id LEFT JOIN Claim_Contract ON ClaimPay.Claim_ID = Claim_Contract.Claim_ID LEFT JOIN Contract ON Claim_Contract.Contract_ID = Contract.Contract_ID LEFT JOIN ComeAPOutHead ON Contract.Contract_ID = ComeAPOutHead.Contract_Id LEFT JOIN Claim_ComeIn ON ClaimPay.Claim_ID = Claim_ComeIn.Claim_ID LEFT JOIN ComeInHead ON Claim_ComeIn.Tape_No = ComeInHead.Tape_No LEFT JOIN ComeInBody ON ComeInHead.Tape_No = ComeInBody.Tape_No LEFT JOIN Claim_Suptract ON ClaimPay.Claim_ID = Claim_Suptract.Claim_ID LEFT JOIN Suptract ON Claim_Suptract.Suptract_ID = Suptract.Supplier_Id  WHERE ( ClaimPay.Claim_ID = 'CP-1330' ) GROUP BY GongCheng.GC_ID,Contract.Contract_ID,ComeInHead.Tape_No,Suptract.Suptract_ID ORDER BY ClaimPay.Createtime ASC  [ RunTime:0.019118s ]

[ 2016-08-26T17:34:07+08:00 ] ::1 /oaReport/index.php?s=/Home/Index/GNum
INFO: [ app_init ] --START--
INFO: Run Behavior\BuildLiteBehavior [ RunTime:0.000021s ]
INFO: [ app_init ] --END-- [ RunTime:0.000438s ]
INFO: [ app_begin ] --START--
INFO: Run Behavior\ReadHtmlCacheBehavior [ RunTime:0.000776s ]
INFO: [ app_begin ] --END-- [ RunTime:0.000887s ]
NOTIC: [8192] mysql_connect(): The mysql extension is deprecated and will be removed in the future: use mysqli or PDO instead C:\wamp\www\oaReport\ThinkPHP\Library\Think\Db\Driver\Mysql.class.php 第 52 行.
SQL: SHOW COLUMNS FROM `GongCheng` [ RunTime:0.003197s ]
SQL: SELECT GongCheng.GC_ID,GongCheng.GC_Type,Contract.Contract_ID,Customer.Customer_JianName,Customer.Customer_Id,Customer.Customer_Name,Contract.Contract_StartDate,Contract.Contract_EndDate,Contract.Contract_FeeStartDate,Contract.Contract_FeeEndDate,GongCheng.GC_Name,GongCheng.GC_Memo,GSupplier.GSupplier_Name,GongCheng.GC_JuesuanAll,GongCheng.GC_JuesuanGC,ComeOutHead.Tape_No,GongCheng.LastUpdator FROM `GongCheng` LEFT JOIN Contract ON GongCheng.Contract_ID = Contract.Contract_ID LEFT JOIN Customer ON Contract.Customer_Id = Customer.Customer_Id LEFT JOIN GSupplier ON GongCheng.GSupplier_id = GSupplier.GSupplier_ID LEFT JOIN ComeOutHead ON Contract.Contract_ID =ComeOutHead.Contract_Id  WHERE ( GongCheng.GC_ID = 'GC-0966' ) GROUP BY GongCheng.GC_ID,Contract.Contract_ID,ComeOutHead.Tape_No ORDER BY GongCheng.GC_ID ASC  [ RunTime:0.004179s ]

[ 2016-08-26T17:47:58+08:00 ] ::1 /oaReport/
INFO: [ app_init ] --START--
INFO: Run Behavior\BuildLiteBehavior [ RunTime:0.000024s ]
INFO: [ app_init ] --END-- [ RunTime:0.000485s ]
INFO: [ app_begin ] --START--
INFO: Run Behavior\ReadHtmlCacheBehavior [ RunTime:0.000732s ]
INFO: [ app_begin ] --END-- [ RunTime:0.000844s ]
INFO: [ view_parse ] --START--
NOTIC: [8] Undefined offset: 1 C:\wamp\www\oaReport\ThinkPHP\Library\Think\Template\TagLib\Cx.class.php 第 495 行.
NOTIC: [8] Undefined offset: 1 C:\wamp\www\oaReport\ThinkPHP\Library\Think\Template\TagLib\Cx.class.php 第 495 行.
INFO: [ template_filter ] --START--
INFO: Run Behavior\ContentReplaceBehavior [ RunTime:0.000065s ]
INFO: [ template_filter ] --END-- [ RunTime:0.000173s ]
INFO: Run Behavior\ParseTemplateBehavior [ RunTime:0.006608s ]
INFO: [ view_parse ] --END-- [ RunTime:0.006717s ]
INFO: [ view_filter ] --START--
INFO: Run Behavior\WriteHtmlCacheBehavior [ RunTime:0.000507s ]
INFO: [ view_filter ] --END-- [ RunTime:0.000610s ]
INFO: [ app_end ] --START--
INFO: Run Behavior\ShowPageTraceBehavior [ RunTime:0.000662s ]
INFO: [ app_end ] --END-- [ RunTime:0.000764s ]

[ 2016-08-26T17:48:13+08:00 ] ::1 /oaReport/index.php?s=/Home/Index/cNum
INFO: [ app_init ] --START--
INFO: Run Behavior\BuildLiteBehavior [ RunTime:0.000020s ]
INFO: [ app_init ] --END-- [ RunTime:0.000334s ]
INFO: [ app_begin ] --START--
INFO: Run Behavior\ReadHtmlCacheBehavior [ RunTime:0.000435s ]
INFO: [ app_begin ] --END-- [ RunTime:0.000542s ]
NOTIC: [8192] mysql_connect(): The mysql extension is deprecated and will be removed in the future: use mysqli or PDO instead C:\wamp\www\oaReport\ThinkPHP\Library\Think\Db\Driver\Mysql.class.php 第 52 行.
SQL: SHOW COLUMNS FROM `ClaimPay` [ RunTime:0.003352s ]
SQL: SELECT ClaimPay.Claim_ID,Contract.Contract_ID,GongCheng.GC_ID,Suptract.Suptract_ID,ClaimPay.Claim_Shoukuan,ClaimPay.Claim_ShuoMing,ClaimPay.Claim_Amount,GongCheng.GC_Name,GongCheng.GC_Memo,GongCheng.GC_JuesuanGC,Material.Material_Name,ComeOutBody.Qty,ComeOutBody.Price,GongCheng.Creator,GongCheng.GC_StartDate,GongCheng.GC_EndDate,ClaimPay.Createtime,ComeOutHead.Tape_No FROM `ClaimPay` LEFT JOIN Claim_Gongcheng ON ClaimPay.Claim_ID = Claim_Gongcheng.Claim_ID LEFT JOIN GongCheng ON Claim_Gongcheng.GC_ID = GongCheng.GC_ID LEFT JOIN ComeOutHead ON GongCheng.GC_ID = ComeOutHead.GC_Id LEFT JOIN ComeOutBody ON ComeOutHead.Tape_No =ComeOutBody.Tape_No LEFT JOIN Material ON ComeOutBody.Material_Id =Material.Material_Id LEFT JOIN Claim_Contract ON ClaimPay.Claim_ID = Claim_Contract.Claim_ID RIGHT JOIN Contract ON Claim_Contract.Contract_ID = Contract.Contract_ID RIGHT JOIN ComeAPOutHead ON Contract.Contract_ID = ComeAPOutHead.Contract_Id LEFT JOIN Claim_ComeIn ON ClaimPay.Claim_ID = Claim_ComeIn.Claim_ID LEFT JOIN ComeInHead ON Claim_ComeIn.Tape_No = ComeInHead.Tape_No LEFT JOIN ComeInBody ON ComeInHead.Tape_No = ComeInBody.Tape_No LEFT JOIN Claim_Suptract ON ClaimPay.Claim_ID = Claim_Suptract.Claim_ID LEFT JOIN Suptract ON Claim_Suptract.Suptract_ID = Suptract.Supplier_Id  WHERE ( ClaimPay.Claim_ID = 'CP-1569' ) GROUP BY GongCheng.GC_ID,Contract.Contract_ID,ComeInHead.Tape_No,Suptract.Suptract_ID ORDER BY ClaimPay.Createtime ASC  [ RunTime:0.005537s ]

[ 2016-08-26T17:48:22+08:00 ] ::1 /oaReport/index.php?s=/Home/Index/cNum
INFO: [ app_init ] --START--
INFO: Run Behavior\BuildLiteBehavior [ RunTime:0.000023s ]
INFO: [ app_init ] --END-- [ RunTime:0.000382s ]
INFO: [ app_begin ] --START--
INFO: Run Behavior\ReadHtmlCacheBehavior [ RunTime:0.000557s ]
INFO: [ app_begin ] --END-- [ RunTime:0.000688s ]
NOTIC: [8192] mysql_connect(): The mysql extension is deprecated and will be removed in the future: use mysqli or PDO instead C:\wamp\www\oaReport\ThinkPHP\Library\Think\Db\Driver\Mysql.class.php 第 52 行.
SQL: SHOW COLUMNS FROM `ClaimPay` [ RunTime:0.001801s ]
SQL: SELECT ClaimPay.Claim_ID,Contract.Contract_ID,GongCheng.GC_ID,Suptract.Suptract_ID,ClaimPay.Claim_Shoukuan,ClaimPay.Claim_ShuoMing,ClaimPay.Claim_Amount,GongCheng.GC_Name,GongCheng.GC_Memo,GongCheng.GC_JuesuanGC,Material.Material_Name,ComeOutBody.Qty,ComeOutBody.Price,GongCheng.Creator,GongCheng.GC_StartDate,GongCheng.GC_EndDate,ClaimPay.Createtime,ComeOutHead.Tape_No FROM `ClaimPay` LEFT JOIN Claim_Gongcheng ON ClaimPay.Claim_ID = Claim_Gongcheng.Claim_ID LEFT JOIN GongCheng ON Claim_Gongcheng.GC_ID = GongCheng.GC_ID LEFT JOIN ComeOutHead ON GongCheng.GC_ID = ComeOutHead.GC_Id LEFT JOIN ComeOutBody ON ComeOutHead.Tape_No =ComeOutBody.Tape_No LEFT JOIN Material ON ComeOutBody.Material_Id =Material.Material_Id LEFT JOIN Claim_Contract ON ClaimPay.Claim_ID = Claim_Contract.Claim_ID RIGHT JOIN Contract ON Claim_Contract.Contract_ID = Contract.Contract_ID RIGHT JOIN ComeAPOutHead ON Contract.Contract_ID = ComeAPOutHead.Contract_Id LEFT JOIN Claim_ComeIn ON ClaimPay.Claim_ID = Claim_ComeIn.Claim_ID LEFT JOIN ComeInHead ON Claim_ComeIn.Tape_No = ComeInHead.Tape_No LEFT JOIN ComeInBody ON ComeInHead.Tape_No = ComeInBody.Tape_No LEFT JOIN Claim_Suptract ON ClaimPay.Claim_ID = Claim_Suptract.Claim_ID LEFT JOIN Suptract ON Claim_Suptract.Suptract_ID = Suptract.Supplier_Id  WHERE ( ClaimPay.Claim_ID = 'CP-1569' ) GROUP BY GongCheng.GC_ID,Contract.Contract_ID,ComeInHead.Tape_No,Suptract.Suptract_ID ORDER BY ClaimPay.Createtime ASC  [ RunTime:0.004905s ]

[ 2016-08-26T17:51:18+08:00 ] ::1 /oaReport/index.php?s=/Home/Index/cNum
INFO: [ app_init ] --START--
INFO: Run Behavior\BuildLiteBehavior [ RunTime:0.000023s ]
INFO: [ app_init ] --END-- [ RunTime:0.000487s ]
INFO: [ app_begin ] --START--
INFO: Run Behavior\ReadHtmlCacheBehavior [ RunTime:0.000690s ]
INFO: [ app_begin ] --END-- [ RunTime:0.000802s ]
NOTIC: [8192] mysql_connect(): The mysql extension is deprecated and will be removed in the future: use mysqli or PDO instead C:\wamp\www\oaReport\ThinkPHP\Library\Think\Db\Driver\Mysql.class.php 第 52 行.
SQL: SHOW COLUMNS FROM `ClaimPay` [ RunTime:0.001870s ]
SQL: SELECT ClaimPay.Claim_ID,Contract.Contract_ID,GongCheng.GC_ID,Suptract.Suptract_ID,ClaimPay.Claim_Shoukuan,ClaimPay.Claim_ShuoMing,ClaimPay.Claim_Amount,GongCheng.GC_Name,GongCheng.GC_Memo,GongCheng.GC_JuesuanGC,Material.Material_Name,ComeOutBody.Qty,ComeOutBody.Price,GongCheng.Creator,GongCheng.GC_StartDate,GongCheng.GC_EndDate,ClaimPay.Createtime,ComeOutHead.Tape_No FROM `ClaimPay` LEFT JOIN Claim_Gongcheng ON ClaimPay.Claim_ID = Claim_Gongcheng.Claim_ID LEFT JOIN GongCheng ON Claim_Gongcheng.GC_ID = GongCheng.GC_ID LEFT JOIN ComeOutHead ON GongCheng.GC_ID = ComeOutHead.GC_Id LEFT JOIN Contract ON ComeOutHead.Contract_Id = Contract.Contract_ID LEFT JOIN ComeOutBody ON ComeOutHead.Tape_No =ComeOutBody.Tape_No LEFT JOIN Material ON ComeOutBody.Material_Id =Material.Material_Id LEFT JOIN Claim_Contract ON ClaimPay.Claim_ID = Claim_Contract.Claim_ID LEFT JOIN Contract ON Claim_Contract.Contract_ID = Contract.Contract_ID LEFT JOIN ComeAPOutHead ON Contract.Contract_ID = ComeAPOutHead.Contract_Id LEFT JOIN Claim_ComeIn ON ClaimPay.Claim_ID = Claim_ComeIn.Claim_ID LEFT JOIN ComeInHead ON Claim_ComeIn.Tape_No = ComeInHead.Tape_No LEFT JOIN ComeInBody ON ComeInHead.Tape_No = ComeInBody.Tape_No LEFT JOIN Claim_Suptract ON ClaimPay.Claim_ID = Claim_Suptract.Claim_ID LEFT JOIN Suptract ON Claim_Suptract.Suptract_ID = Suptract.Supplier_Id  WHERE ( ClaimPay.Claim_ID = 'CP-1569' ) GROUP BY GongCheng.GC_ID,Contract.Contract_ID,ComeInHead.Tape_No,Suptract.Suptract_ID ORDER BY ClaimPay.Createtime ASC  [ RunTime:0.002503s ]
ERR: 1066:Not unique table/alias: 'Contract'
 [ SQL语句 ] : SELECT ClaimPay.Claim_ID,Contract.Contract_ID,GongCheng.GC_ID,Suptract.Suptract_ID,ClaimPay.Claim_Shoukuan,ClaimPay.Claim_ShuoMing,ClaimPay.Claim_Amount,GongCheng.GC_Name,GongCheng.GC_Memo,GongCheng.GC_JuesuanGC,Material.Material_Name,ComeOutBody.Qty,ComeOutBody.Price,GongCheng.Creator,GongCheng.GC_StartDate,GongCheng.GC_EndDate,ClaimPay.Createtime,ComeOutHead.Tape_No FROM `ClaimPay` LEFT JOIN Claim_Gongcheng ON ClaimPay.Claim_ID = Claim_Gongcheng.Claim_ID LEFT JOIN GongCheng ON Claim_Gongcheng.GC_ID = GongCheng.GC_ID LEFT JOIN ComeOutHead ON GongCheng.GC_ID = ComeOutHead.GC_Id LEFT JOIN Contract ON ComeOutHead.Contract_Id = Contract.Contract_ID LEFT JOIN ComeOutBody ON ComeOutHead.Tape_No =ComeOutBody.Tape_No LEFT JOIN Material ON ComeOutBody.Material_Id =Material.Material_Id LEFT JOIN Claim_Contract ON ClaimPay.Claim_ID = Claim_Contract.Claim_ID LEFT JOIN Contract ON Claim_Contract.Contract_ID = Contract.Contract_ID LEFT JOIN ComeAPOutHead ON Contract.Contract_ID = ComeAPOutHead.Contract_Id LEFT JOIN Claim_ComeIn ON ClaimPay.Claim_ID = Claim_ComeIn.Claim_ID LEFT JOIN ComeInHead ON Claim_ComeIn.Tape_No = ComeInHead.Tape_No LEFT JOIN ComeInBody ON ComeInHead.Tape_No = ComeInBody.Tape_No LEFT JOIN Claim_Suptract ON ClaimPay.Claim_ID = Claim_Suptract.Claim_ID LEFT JOIN Suptract ON Claim_Suptract.Suptract_ID = Suptract.Supplier_Id  WHERE ( ClaimPay.Claim_ID = 'CP-1569' ) GROUP BY GongCheng.GC_ID,Contract.Contract_ID,ComeInHead.Tape_No,Suptract.Suptract_ID ORDER BY ClaimPay.Createtime ASC 

[ 2016-08-26T17:51:20+08:00 ] ::1 /oaReport/
INFO: [ app_init ] --START--
INFO: Run Behavior\BuildLiteBehavior [ RunTime:0.000022s ]
INFO: [ app_init ] --END-- [ RunTime:0.000378s ]
INFO: [ app_begin ] --START--
INFO: Run Behavior\ReadHtmlCacheBehavior [ RunTime:0.000523s ]
INFO: [ app_begin ] --END-- [ RunTime:0.000634s ]
INFO: [ view_parse ] --START--
NOTIC: [8] Undefined offset: 1 C:\wamp\www\oaReport\ThinkPHP\Library\Think\Template\TagLib\Cx.class.php 第 495 行.
NOTIC: [8] Undefined offset: 1 C:\wamp\www\oaReport\ThinkPHP\Library\Think\Template\TagLib\Cx.class.php 第 495 行.
INFO: [ template_filter ] --START--
INFO: Run Behavior\ContentReplaceBehavior [ RunTime:0.000130s ]
INFO: [ template_filter ] --END-- [ RunTime:0.000280s ]
INFO: Run Behavior\ParseTemplateBehavior [ RunTime:0.015182s ]
INFO: [ view_parse ] --END-- [ RunTime:0.015303s ]
INFO: [ view_filter ] --START--
INFO: Run Behavior\WriteHtmlCacheBehavior [ RunTime:0.000650s ]
INFO: [ view_filter ] --END-- [ RunTime:0.000752s ]
INFO: [ app_end ] --START--
INFO: Run Behavior\ShowPageTraceBehavior [ RunTime:0.000801s ]
INFO: [ app_end ] --END-- [ RunTime:0.000905s ]

[ 2016-08-26T17:51:21+08:00 ] ::1 /oaReport/index.php?s=/Home/Index/cNum
INFO: [ app_init ] --START--
INFO: Run Behavior\BuildLiteBehavior [ RunTime:0.000024s ]
INFO: [ app_init ] --END-- [ RunTime:0.000388s ]
INFO: [ app_begin ] --START--
INFO: Run Behavior\ReadHtmlCacheBehavior [ RunTime:0.000523s ]
INFO: [ app_begin ] --END-- [ RunTime:0.000643s ]
NOTIC: [8192] mysql_connect(): The mysql extension is deprecated and will be removed in the future: use mysqli or PDO instead C:\wamp\www\oaReport\ThinkPHP\Library\Think\Db\Driver\Mysql.class.php 第 52 行.
SQL: SHOW COLUMNS FROM `ClaimPay` [ RunTime:0.001733s ]
SQL: SELECT ClaimPay.Claim_ID,Contract.Contract_ID,GongCheng.GC_ID,Suptract.Suptract_ID,ClaimPay.Claim_Shoukuan,ClaimPay.Claim_ShuoMing,ClaimPay.Claim_Amount,GongCheng.GC_Name,GongCheng.GC_Memo,GongCheng.GC_JuesuanGC,Material.Material_Name,ComeOutBody.Qty,ComeOutBody.Price,GongCheng.Creator,GongCheng.GC_StartDate,GongCheng.GC_EndDate,ClaimPay.Createtime,ComeOutHead.Tape_No FROM `ClaimPay` LEFT JOIN Claim_Gongcheng ON ClaimPay.Claim_ID = Claim_Gongcheng.Claim_ID LEFT JOIN GongCheng ON Claim_Gongcheng.GC_ID = GongCheng.GC_ID LEFT JOIN ComeOutHead ON GongCheng.GC_ID = ComeOutHead.GC_Id LEFT JOIN Contract ON ComeOutHead.Contract_Id = Contract.Contract_ID LEFT JOIN ComeOutBody ON ComeOutHead.Tape_No =ComeOutBody.Tape_No LEFT JOIN Material ON ComeOutBody.Material_Id =Material.Material_Id LEFT JOIN Claim_Contract ON ClaimPay.Claim_ID = Claim_Contract.Claim_ID LEFT JOIN Contract ON Claim_Contract.Contract_ID = Contract.Contract_ID LEFT JOIN ComeAPOutHead ON Contract.Contract_ID = ComeAPOutHead.Contract_Id LEFT JOIN Claim_ComeIn ON ClaimPay.Claim_ID = Claim_ComeIn.Claim_ID LEFT JOIN ComeInHead ON Claim_ComeIn.Tape_No = ComeInHead.Tape_No LEFT JOIN ComeInBody ON ComeInHead.Tape_No = ComeInBody.Tape_No LEFT JOIN Claim_Suptract ON ClaimPay.Claim_ID = Claim_Suptract.Claim_ID LEFT JOIN Suptract ON Claim_Suptract.Suptract_ID = Suptract.Supplier_Id  WHERE ( ClaimPay.Claim_ID = 'CP-1569' ) GROUP BY GongCheng.GC_ID,Contract.Contract_ID,ComeInHead.Tape_No,Suptract.Suptract_ID ORDER BY ClaimPay.Createtime ASC  [ RunTime:0.002410s ]
ERR: 1066:Not unique table/alias: 'Contract'
 [ SQL语句 ] : SELECT ClaimPay.Claim_ID,Contract.Contract_ID,GongCheng.GC_ID,Suptract.Suptract_ID,ClaimPay.Claim_Shoukuan,ClaimPay.Claim_ShuoMing,ClaimPay.Claim_Amount,GongCheng.GC_Name,GongCheng.GC_Memo,GongCheng.GC_JuesuanGC,Material.Material_Name,ComeOutBody.Qty,ComeOutBody.Price,GongCheng.Creator,GongCheng.GC_StartDate,GongCheng.GC_EndDate,ClaimPay.Createtime,ComeOutHead.Tape_No FROM `ClaimPay` LEFT JOIN Claim_Gongcheng ON ClaimPay.Claim_ID = Claim_Gongcheng.Claim_ID LEFT JOIN GongCheng ON Claim_Gongcheng.GC_ID = GongCheng.GC_ID LEFT JOIN ComeOutHead ON GongCheng.GC_ID = ComeOutHead.GC_Id LEFT JOIN Contract ON ComeOutHead.Contract_Id = Contract.Contract_ID LEFT JOIN ComeOutBody ON ComeOutHead.Tape_No =ComeOutBody.Tape_No LEFT JOIN Material ON ComeOutBody.Material_Id =Material.Material_Id LEFT JOIN Claim_Contract ON ClaimPay.Claim_ID = Claim_Contract.Claim_ID LEFT JOIN Contract ON Claim_Contract.Contract_ID = Contract.Contract_ID LEFT JOIN ComeAPOutHead ON Contract.Contract_ID = ComeAPOutHead.Contract_Id LEFT JOIN Claim_ComeIn ON ClaimPay.Claim_ID = Claim_ComeIn.Claim_ID LEFT JOIN ComeInHead ON Claim_ComeIn.Tape_No = ComeInHead.Tape_No LEFT JOIN ComeInBody ON ComeInHead.Tape_No = ComeInBody.Tape_No LEFT JOIN Claim_Suptract ON ClaimPay.Claim_ID = Claim_Suptract.Claim_ID LEFT JOIN Suptract ON Claim_Suptract.Suptract_ID = Suptract.Supplier_Id  WHERE ( ClaimPay.Claim_ID = 'CP-1569' ) GROUP BY GongCheng.GC_ID,Contract.Contract_ID,ComeInHead.Tape_No,Suptract.Suptract_ID ORDER BY ClaimPay.Createtime ASC 

[ 2016-08-26T17:51:28+08:00 ] ::1 /oaReport/
INFO: [ app_init ] --START--
INFO: Run Behavior\BuildLiteBehavior [ RunTime:0.000030s ]
INFO: [ app_init ] --END-- [ RunTime:0.000402s ]
INFO: [ app_begin ] --START--
INFO: Run Behavior\ReadHtmlCacheBehavior [ RunTime:0.000636s ]
INFO: [ app_begin ] --END-- [ RunTime:0.000751s ]
INFO: [ view_parse ] --START--
NOTIC: [8] Undefined offset: 1 C:\wamp\www\oaReport\ThinkPHP\Library\Think\Template\TagLib\Cx.class.php 第 495 行.
NOTIC: [8] Undefined offset: 1 C:\wamp\www\oaReport\ThinkPHP\Library\Think\Template\TagLib\Cx.class.php 第 495 行.
INFO: [ template_filter ] --START--
INFO: Run Behavior\ContentReplaceBehavior [ RunTime:0.000064s ]
INFO: [ template_filter ] --END-- [ RunTime:0.000169s ]
INFO: Run Behavior\ParseTemplateBehavior [ RunTime:0.007137s ]
INFO: [ view_parse ] --END-- [ RunTime:0.007248s ]
INFO: [ view_filter ] --START--
INFO: Run Behavior\WriteHtmlCacheBehavior [ RunTime:0.000635s ]
INFO: [ view_filter ] --END-- [ RunTime:0.000739s ]
INFO: [ app_end ] --START--
INFO: Run Behavior\ShowPageTraceBehavior [ RunTime:0.000779s ]
INFO: [ app_end ] --END-- [ RunTime:0.000883s ]

[ 2016-08-26T17:51:29+08:00 ] ::1 /oaReport/
INFO: [ app_init ] --START--
INFO: Run Behavior\BuildLiteBehavior [ RunTime:0.000023s ]
INFO: [ app_init ] --END-- [ RunTime:0.000384s ]
INFO: [ app_begin ] --START--
INFO: Run Behavior\ReadHtmlCacheBehavior [ RunTime:0.000520s ]
INFO: [ app_begin ] --END-- [ RunTime:0.000632s ]
INFO: [ view_parse ] --START--
NOTIC: [8] Undefined offset: 1 C:\wamp\www\oaReport\ThinkPHP\Library\Think\Template\TagLib\Cx.class.php 第 495 行.
NOTIC: [8] Undefined offset: 1 C:\wamp\www\oaReport\ThinkPHP\Library\Think\Template\TagLib\Cx.class.php 第 495 行.
INFO: [ template_filter ] --START--
INFO: Run Behavior\ContentReplaceBehavior [ RunTime:0.000063s ]
INFO: [ template_filter ] --END-- [ RunTime:0.000164s ]
INFO: Run Behavior\ParseTemplateBehavior [ RunTime:0.007316s ]
INFO: [ view_parse ] --END-- [ RunTime:0.007435s ]
INFO: [ view_filter ] --START--
INFO: Run Behavior\WriteHtmlCacheBehavior [ RunTime:0.000840s ]
INFO: [ view_filter ] --END-- [ RunTime:0.000947s ]
INFO: [ app_end ] --START--
INFO: Run Behavior\ShowPageTraceBehavior [ RunTime:0.000793s ]
INFO: [ app_end ] --END-- [ RunTime:0.000895s ]

[ 2016-08-26T17:51:31+08:00 ] ::1 /oaReport/index.php?s=/Home/Index/cNum
INFO: [ app_init ] --START--
INFO: Run Behavior\BuildLiteBehavior [ RunTime:0.000025s ]
INFO: [ app_init ] --END-- [ RunTime:0.000396s ]
INFO: [ app_begin ] --START--
INFO: Run Behavior\ReadHtmlCacheBehavior [ RunTime:0.000530s ]
INFO: [ app_begin ] --END-- [ RunTime:0.000646s ]
NOTIC: [8192] mysql_connect(): The mysql extension is deprecated and will be removed in the future: use mysqli or PDO instead C:\wamp\www\oaReport\ThinkPHP\Library\Think\Db\Driver\Mysql.class.php 第 52 行.
SQL: SHOW COLUMNS FROM `ClaimPay` [ RunTime:0.002298s ]
SQL: SELECT ClaimPay.Claim_ID,Contract.Contract_ID,GongCheng.GC_ID,Suptract.Suptract_ID,ClaimPay.Claim_Shoukuan,ClaimPay.Claim_ShuoMing,ClaimPay.Claim_Amount,GongCheng.GC_Name,GongCheng.GC_Memo,GongCheng.GC_JuesuanGC,Material.Material_Name,ComeOutBody.Qty,ComeOutBody.Price,GongCheng.Creator,GongCheng.GC_StartDate,GongCheng.GC_EndDate,ClaimPay.Createtime,ComeOutHead.Tape_No FROM `ClaimPay` LEFT JOIN Claim_Gongcheng ON ClaimPay.Claim_ID = Claim_Gongcheng.Claim_ID LEFT JOIN GongCheng ON Claim_Gongcheng.GC_ID = GongCheng.GC_ID LEFT JOIN ComeOutHead ON GongCheng.GC_ID = ComeOutHead.GC_Id LEFT JOIN Contract ON ComeOutHead.Contract_Id = Contract.Contract_ID LEFT JOIN ComeOutBody ON ComeOutHead.Tape_No =ComeOutBody.Tape_No LEFT JOIN Material ON ComeOutBody.Material_Id =Material.Material_Id LEFT JOIN Claim_Contract ON ClaimPay.Claim_ID = Claim_Contract.Claim_ID LEFT JOIN Contract ON Claim_Contract.Contract_ID = Contract.Contract_ID LEFT JOIN ComeAPOutHead ON Contract.Contract_ID = ComeAPOutHead.Contract_Id LEFT JOIN Claim_ComeIn ON ClaimPay.Claim_ID = Claim_ComeIn.Claim_ID LEFT JOIN ComeInHead ON Claim_ComeIn.Tape_No = ComeInHead.Tape_No LEFT JOIN ComeInBody ON ComeInHead.Tape_No = ComeInBody.Tape_No LEFT JOIN Claim_Suptract ON ClaimPay.Claim_ID = Claim_Suptract.Claim_ID LEFT JOIN Suptract ON Claim_Suptract.Suptract_ID = Suptract.Supplier_Id  WHERE ( ClaimPay.Claim_ID = 'CP-1569' ) GROUP BY GongCheng.GC_ID,Contract.Contract_ID,ComeInHead.Tape_No,Suptract.Suptract_ID ORDER BY ClaimPay.Createtime ASC  [ RunTime:0.001946s ]
ERR: 1066:Not unique table/alias: 'Contract'
 [ SQL语句 ] : SELECT ClaimPay.Claim_ID,Contract.Contract_ID,GongCheng.GC_ID,Suptract.Suptract_ID,ClaimPay.Claim_Shoukuan,ClaimPay.Claim_ShuoMing,ClaimPay.Claim_Amount,GongCheng.GC_Name,GongCheng.GC_Memo,GongCheng.GC_JuesuanGC,Material.Material_Name,ComeOutBody.Qty,ComeOutBody.Price,GongCheng.Creator,GongCheng.GC_StartDate,GongCheng.GC_EndDate,ClaimPay.Createtime,ComeOutHead.Tape_No FROM `ClaimPay` LEFT JOIN Claim_Gongcheng ON ClaimPay.Claim_ID = Claim_Gongcheng.Claim_ID LEFT JOIN GongCheng ON Claim_Gongcheng.GC_ID = GongCheng.GC_ID LEFT JOIN ComeOutHead ON GongCheng.GC_ID = ComeOutHead.GC_Id LEFT JOIN Contract ON ComeOutHead.Contract_Id = Contract.Contract_ID LEFT JOIN ComeOutBody ON ComeOutHead.Tape_No =ComeOutBody.Tape_No LEFT JOIN Material ON ComeOutBody.Material_Id =Material.Material_Id LEFT JOIN Claim_Contract ON ClaimPay.Claim_ID = Claim_Contract.Claim_ID LEFT JOIN Contract ON Claim_Contract.Contract_ID = Contract.Contract_ID LEFT JOIN ComeAPOutHead ON Contract.Contract_ID = ComeAPOutHead.Contract_Id LEFT JOIN Claim_ComeIn ON ClaimPay.Claim_ID = Claim_ComeIn.Claim_ID LEFT JOIN ComeInHead ON Claim_ComeIn.Tape_No = ComeInHead.Tape_No LEFT JOIN ComeInBody ON ComeInHead.Tape_No = ComeInBody.Tape_No LEFT JOIN Claim_Suptract ON ClaimPay.Claim_ID = Claim_Suptract.Claim_ID LEFT JOIN Suptract ON Claim_Suptract.Suptract_ID = Suptract.Supplier_Id  WHERE ( ClaimPay.Claim_ID = 'CP-1569' ) GROUP BY GongCheng.GC_ID,Contract.Contract_ID,ComeInHead.Tape_No,Suptract.Suptract_ID ORDER BY ClaimPay.Createtime ASC 

[ 2016-08-26T17:51:43+08:00 ] ::1 /oaReport/index.php?s=/Home/Index/cNum
INFO: [ app_init ] --START--
INFO: Run Behavior\BuildLiteBehavior [ RunTime:0.000024s ]
INFO: [ app_init ] --END-- [ RunTime:0.000396s ]
INFO: [ app_begin ] --START--
INFO: Run Behavior\ReadHtmlCacheBehavior [ RunTime:0.000496s ]
INFO: [ app_begin ] --END-- [ RunTime:0.000607s ]
NOTIC: [8192] mysql_connect(): The mysql extension is deprecated and will be removed in the future: use mysqli or PDO instead C:\wamp\www\oaReport\ThinkPHP\Library\Think\Db\Driver\Mysql.class.php 第 52 行.
SQL: SHOW COLUMNS FROM `ClaimPay` [ RunTime:0.001855s ]
SQL: SELECT ClaimPay.Claim_ID,Contract.Contract_ID,GongCheng.GC_ID,Suptract.Suptract_ID,ClaimPay.Claim_Shoukuan,ClaimPay.Claim_ShuoMing,ClaimPay.Claim_Amount,GongCheng.GC_Name,GongCheng.GC_Memo,GongCheng.GC_JuesuanGC,Material.Material_Name,ComeOutBody.Qty,ComeOutBody.Price,GongCheng.Creator,GongCheng.GC_StartDate,GongCheng.GC_EndDate,ClaimPay.Createtime,ComeOutHead.Tape_No FROM `ClaimPay` LEFT JOIN Claim_Gongcheng ON ClaimPay.Claim_ID = Claim_Gongcheng.Claim_ID LEFT JOIN GongCheng ON Claim_Gongcheng.GC_ID = GongCheng.GC_ID LEFT JOIN ComeOutHead ON GongCheng.GC_ID = ComeOutHead.GC_Id LEFT JOIN Contract ON ComeOutHead.Contract_Id = Contract.Contract_ID LEFT JOIN ComeOutBody ON ComeOutHead.Tape_No =ComeOutBody.Tape_No LEFT JOIN Material ON ComeOutBody.Material_Id =Material.Material_Id LEFT JOIN Claim_Contract ON ClaimPay.Claim_ID = Claim_Contract.Claim_ID LEFT JOIN Contract ON Claim_Contract.Contract_ID = Contract.Contract_ID LEFT JOIN ComeAPOutHead ON Contract.Contract_ID = ComeAPOutHead.Contract_Id LEFT JOIN Claim_ComeIn ON ClaimPay.Claim_ID = Claim_ComeIn.Claim_ID LEFT JOIN ComeInHead ON Claim_ComeIn.Tape_No = ComeInHead.Tape_No LEFT JOIN ComeInBody ON ComeInHead.Tape_No = ComeInBody.Tape_No LEFT JOIN Claim_Suptract ON ClaimPay.Claim_ID = Claim_Suptract.Claim_ID LEFT JOIN Suptract ON Claim_Suptract.Suptract_ID = Suptract.Supplier_Id  WHERE ( ClaimPay.Claim_ID = 'CP-1569' ) GROUP BY GongCheng.GC_ID,Contract.Contract_ID,ComeInHead.Tape_No,Suptract.Suptract_ID ORDER BY ClaimPay.Createtime ASC  [ RunTime:0.002611s ]
ERR: 1066:Not unique table/alias: 'Contract'
 [ SQL语句 ] : SELECT ClaimPay.Claim_ID,Contract.Contract_ID,GongCheng.GC_ID,Suptract.Suptract_ID,ClaimPay.Claim_Shoukuan,ClaimPay.Claim_ShuoMing,ClaimPay.Claim_Amount,GongCheng.GC_Name,GongCheng.GC_Memo,GongCheng.GC_JuesuanGC,Material.Material_Name,ComeOutBody.Qty,ComeOutBody.Price,GongCheng.Creator,GongCheng.GC_StartDate,GongCheng.GC_EndDate,ClaimPay.Createtime,ComeOutHead.Tape_No FROM `ClaimPay` LEFT JOIN Claim_Gongcheng ON ClaimPay.Claim_ID = Claim_Gongcheng.Claim_ID LEFT JOIN GongCheng ON Claim_Gongcheng.GC_ID = GongCheng.GC_ID LEFT JOIN ComeOutHead ON GongCheng.GC_ID = ComeOutHead.GC_Id LEFT JOIN Contract ON ComeOutHead.Contract_Id = Contract.Contract_ID LEFT JOIN ComeOutBody ON ComeOutHead.Tape_No =ComeOutBody.Tape_No LEFT JOIN Material ON ComeOutBody.Material_Id =Material.Material_Id LEFT JOIN Claim_Contract ON ClaimPay.Claim_ID = Claim_Contract.Claim_ID LEFT JOIN Contract ON Claim_Contract.Contract_ID = Contract.Contract_ID LEFT JOIN ComeAPOutHead ON Contract.Contract_ID = ComeAPOutHead.Contract_Id LEFT JOIN Claim_ComeIn ON ClaimPay.Claim_ID = Claim_ComeIn.Claim_ID LEFT JOIN ComeInHead ON Claim_ComeIn.Tape_No = ComeInHead.Tape_No LEFT JOIN ComeInBody ON ComeInHead.Tape_No = ComeInBody.Tape_No LEFT JOIN Claim_Suptract ON ClaimPay.Claim_ID = Claim_Suptract.Claim_ID LEFT JOIN Suptract ON Claim_Suptract.Suptract_ID = Suptract.Supplier_Id  WHERE ( ClaimPay.Claim_ID = 'CP-1569' ) GROUP BY GongCheng.GC_ID,Contract.Contract_ID,ComeInHead.Tape_No,Suptract.Suptract_ID ORDER BY ClaimPay.Createtime ASC 

[ 2016-08-26T17:52:55+08:00 ] ::1 /oaReport/index.php?s=/Home/Index/cNum
INFO: [ app_init ] --START--
INFO: Run Behavior\BuildLiteBehavior [ RunTime:0.000023s ]
INFO: [ app_init ] --END-- [ RunTime:0.000444s ]
INFO: [ app_begin ] --START--
INFO: Run Behavior\ReadHtmlCacheBehavior [ RunTime:0.000685s ]
INFO: [ app_begin ] --END-- [ RunTime:0.000795s ]
NOTIC: [8192] mysql_connect(): The mysql extension is deprecated and will be removed in the future: use mysqli or PDO instead C:\wamp\www\oaReport\ThinkPHP\Library\Think\Db\Driver\Mysql.class.php 第 52 行.
SQL: SHOW COLUMNS FROM `ClaimPay` [ RunTime:0.002063s ]
SQL: SELECT ClaimPay.Claim_ID,Contract.Contract_ID,GongCheng.GC_ID,Suptract.Suptract_ID,ClaimPay.Claim_Shoukuan,ClaimPay.Claim_ShuoMing,ClaimPay.Claim_Amount,GongCheng.GC_Name,GongCheng.GC_Memo,GongCheng.GC_JuesuanGC,Material.Material_Name,ComeOutBody.Qty,ComeOutBody.Price,GongCheng.Creator,GongCheng.GC_StartDate,GongCheng.GC_EndDate,ClaimPay.Createtime,ComeOutHead.Tape_No FROM `ClaimPay` LEFT JOIN Claim_Gongcheng ON ClaimPay.Claim_ID = Claim_Gongcheng.Claim_ID LEFT JOIN GongCheng ON Claim_Gongcheng.GC_ID = GongCheng.GC_ID LEFT JOIN ComeOutHead ON GongCheng.GC_ID = ComeOutHead.GC_Id LEFT JOIN Contract ON ComeOutHead.Contract_Id = Contract.Contract_ID LEFT JOIN ComeOutBody ON ComeOutHead.Tape_No =ComeOutBody.Tape_No LEFT JOIN Material ON ComeOutBody.Material_Id =Material.Material_Id LEFT JOIN Claim_Contract ON ClaimPay.Claim_ID = Claim_Contract.Claim_ID LEFT JOIN ComeAPOutHead ON Contract.Contract_ID = ComeAPOutHead.Contract_Id LEFT JOIN Claim_ComeIn ON ClaimPay.Claim_ID = Claim_ComeIn.Claim_ID LEFT JOIN ComeInHead ON Claim_ComeIn.Tape_No = ComeInHead.Tape_No LEFT JOIN ComeInBody ON ComeInHead.Tape_No = ComeInBody.Tape_No LEFT JOIN Claim_Suptract ON ClaimPay.Claim_ID = Claim_Suptract.Claim_ID LEFT JOIN Suptract ON Claim_Suptract.Suptract_ID = Suptract.Supplier_Id  WHERE ( ClaimPay.Claim_ID = 'CP-1569' ) GROUP BY GongCheng.GC_ID,Contract.Contract_ID,ComeInHead.Tape_No,Suptract.Suptract_ID ORDER BY ClaimPay.Createtime ASC  [ RunTime:0.809052s ]

[ 2016-08-26T17:54:16+08:00 ] ::1 /oaReport/
INFO: [ app_init ] --START--
INFO: Run Behavior\BuildLiteBehavior [ RunTime:0.000023s ]
INFO: [ app_init ] --END-- [ RunTime:0.000455s ]
INFO: [ app_begin ] --START--
INFO: Run Behavior\ReadHtmlCacheBehavior [ RunTime:0.000720s ]
INFO: [ app_begin ] --END-- [ RunTime:0.000829s ]
INFO: [ view_parse ] --START--
NOTIC: [8] Undefined offset: 1 C:\wamp\www\oaReport\ThinkPHP\Library\Think\Template\TagLib\Cx.class.php 第 495 行.
NOTIC: [8] Undefined offset: 1 C:\wamp\www\oaReport\ThinkPHP\Library\Think\Template\TagLib\Cx.class.php 第 495 行.
INFO: [ template_filter ] --START--
INFO: Run Behavior\ContentReplaceBehavior [ RunTime:0.000066s ]
INFO: [ template_filter ] --END-- [ RunTime:0.000171s ]
INFO: Run Behavior\ParseTemplateBehavior [ RunTime:0.007882s ]
INFO: [ view_parse ] --END-- [ RunTime:0.007994s ]
INFO: [ view_filter ] --START--
INFO: Run Behavior\WriteHtmlCacheBehavior [ RunTime:0.000627s ]
INFO: [ view_filter ] --END-- [ RunTime:0.000728s ]
INFO: [ app_end ] --START--
INFO: Run Behavior\ShowPageTraceBehavior [ RunTime:0.000774s ]
INFO: [ app_end ] --END-- [ RunTime:0.000876s ]

[ 2016-08-26T17:54:18+08:00 ] ::1 /oaReport/index.php?s=/Home/Index/cNum
INFO: [ app_init ] --START--
INFO: Run Behavior\BuildLiteBehavior [ RunTime:0.000021s ]
INFO: [ app_init ] --END-- [ RunTime:0.000350s ]
INFO: [ app_begin ] --START--
INFO: Run Behavior\ReadHtmlCacheBehavior [ RunTime:0.000443s ]
INFO: [ app_begin ] --END-- [ RunTime:0.000546s ]
NOTIC: [8192] mysql_connect(): The mysql extension is deprecated and will be removed in the future: use mysqli or PDO instead C:\wamp\www\oaReport\ThinkPHP\Library\Think\Db\Driver\Mysql.class.php 第 52 行.
SQL: SHOW COLUMNS FROM `ClaimPay` [ RunTime:0.003390s ]
SQL: SELECT ClaimPay.Claim_ID,Contract.Contract_ID,GongCheng.GC_ID,Suptract.Suptract_ID,ClaimPay.Claim_Shoukuan,ClaimPay.Claim_ShuoMing,ClaimPay.Claim_Amount,GongCheng.GC_Name,GongCheng.GC_Memo,GongCheng.GC_JuesuanGC,Material.Material_Name,ComeOutBody.Qty,ComeOutBody.Price,GongCheng.Creator,GongCheng.GC_StartDate,GongCheng.GC_EndDate,ClaimPay.Createtime,ComeOutHead.Tape_No FROM `ClaimPay` LEFT JOIN Claim_Gongcheng ON ClaimPay.Claim_ID = Claim_Gongcheng.Claim_ID LEFT JOIN GongCheng ON Claim_Gongcheng.GC_ID = GongCheng.GC_ID LEFT JOIN ComeOutHead ON GongCheng.GC_ID = ComeOutHead.GC_Id LEFT JOIN Contract ON ComeOutHead.Contract_Id = Contract.Contract_ID LEFT JOIN ComeOutBody ON ComeOutHead.Tape_No =ComeOutBody.Tape_No LEFT JOIN Material ON ComeOutBody.Material_Id =Material.Material_Id LEFT JOIN Claim_Contract ON ClaimPay.Claim_ID = Claim_Contract.Claim_ID LEFT JOIN ComeAPOutHead ON Contract.Contract_ID = ComeAPOutHead.Contract_Id LEFT JOIN Claim_ComeIn ON ClaimPay.Claim_ID = Claim_ComeIn.Claim_ID LEFT JOIN ComeInHead ON Claim_ComeIn.Tape_No = ComeInHead.Tape_No LEFT JOIN ComeInBody ON ComeInHead.Tape_No = ComeInBody.Tape_No LEFT JOIN Claim_Suptract ON ClaimPay.Claim_ID = Claim_Suptract.Claim_ID LEFT JOIN Suptract ON Claim_Suptract.Suptract_ID = Suptract.Supplier_Id  WHERE ( ClaimPay.Claim_ID = 'CP-1569' ) GROUP BY GongCheng.GC_ID,Contract.Contract_ID,ComeInHead.Tape_No,Suptract.Suptract_ID ORDER BY ClaimPay.Createtime ASC  [ RunTime:0.816736s ]

[ 2016-08-26T17:54:29+08:00 ] ::1 /oaReport/index.php?s=/Home/Index/cNum
INFO: [ app_init ] --START--
INFO: Run Behavior\BuildLiteBehavior [ RunTime:0.000023s ]
INFO: [ app_init ] --END-- [ RunTime:0.000382s ]
INFO: [ app_begin ] --START--
INFO: Run Behavior\ReadHtmlCacheBehavior [ RunTime:0.000505s ]
INFO: [ app_begin ] --END-- [ RunTime:0.000615s ]
NOTIC: [8192] mysql_connect(): The mysql extension is deprecated and will be removed in the future: use mysqli or PDO instead C:\wamp\www\oaReport\ThinkPHP\Library\Think\Db\Driver\Mysql.class.php 第 52 行.
SQL: SHOW COLUMNS FROM `ClaimPay` [ RunTime:0.003133s ]
SQL: SELECT ClaimPay.Claim_ID,Contract.Contract_ID,GongCheng.GC_ID,Suptract.Suptract_ID,ClaimPay.Claim_Shoukuan,ClaimPay.Claim_ShuoMing,ClaimPay.Claim_Amount,GongCheng.GC_Name,GongCheng.GC_Memo,GongCheng.GC_JuesuanGC,Material.Material_Name,ComeOutBody.Qty,ComeOutBody.Price,GongCheng.Creator,GongCheng.GC_StartDate,GongCheng.GC_EndDate,ClaimPay.Createtime,ComeOutHead.Tape_No FROM `ClaimPay` LEFT JOIN Claim_Gongcheng ON ClaimPay.Claim_ID = Claim_Gongcheng.Claim_ID LEFT JOIN GongCheng ON Claim_Gongcheng.GC_ID = GongCheng.GC_ID LEFT JOIN ComeOutHead ON GongCheng.GC_ID = ComeOutHead.GC_Id LEFT JOIN Contract ON ComeOutHead.Contract_Id = Contract.Contract_ID LEFT JOIN ComeOutBody ON ComeOutHead.Tape_No =ComeOutBody.Tape_No LEFT JOIN Material ON ComeOutBody.Material_Id =Material.Material_Id LEFT JOIN Claim_Contract ON ClaimPay.Claim_ID = Claim_Contract.Claim_ID LEFT JOIN ComeAPOutHead ON Contract.Contract_ID = ComeAPOutHead.Contract_Id LEFT JOIN Claim_ComeIn ON ClaimPay.Claim_ID = Claim_ComeIn.Claim_ID LEFT JOIN ComeInHead ON Claim_ComeIn.Tape_No = ComeInHead.Tape_No LEFT JOIN ComeInBody ON ComeInHead.Tape_No = ComeInBody.Tape_No LEFT JOIN Claim_Suptract ON ClaimPay.Claim_ID = Claim_Suptract.Claim_ID LEFT JOIN Suptract ON Claim_Suptract.Suptract_ID = Suptract.Supplier_Id  WHERE ( ClaimPay.Claim_ID = 'CP-3000' ) GROUP BY GongCheng.GC_ID,Contract.Contract_ID,ComeInHead.Tape_No,Suptract.Suptract_ID ORDER BY ClaimPay.Createtime ASC  [ RunTime:0.005189s ]

[ 2016-08-26T17:56:22+08:00 ] ::1 /oaReport/
INFO: [ app_init ] --START--
INFO: Run Behavior\BuildLiteBehavior [ RunTime:0.000022s ]
INFO: [ app_init ] --END-- [ RunTime:0.000455s ]
INFO: [ app_begin ] --START--
INFO: Run Behavior\ReadHtmlCacheBehavior [ RunTime:0.000707s ]
INFO: [ app_begin ] --END-- [ RunTime:0.000818s ]
INFO: [ view_parse ] --START--
NOTIC: [8] Undefined offset: 1 C:\wamp\www\oaReport\ThinkPHP\Library\Think\Template\TagLib\Cx.class.php 第 495 行.
NOTIC: [8] Undefined offset: 1 C:\wamp\www\oaReport\ThinkPHP\Library\Think\Template\TagLib\Cx.class.php 第 495 行.
INFO: [ template_filter ] --START--
INFO: Run Behavior\ContentReplaceBehavior [ RunTime:0.000058s ]
INFO: [ template_filter ] --END-- [ RunTime:0.000150s ]
INFO: Run Behavior\ParseTemplateBehavior [ RunTime:0.007085s ]
INFO: [ view_parse ] --END-- [ RunTime:0.007192s ]
INFO: [ view_filter ] --START--
INFO: Run Behavior\WriteHtmlCacheBehavior [ RunTime:0.000565s ]
INFO: [ view_filter ] --END-- [ RunTime:0.000656s ]
INFO: [ app_end ] --START--
INFO: Run Behavior\ShowPageTraceBehavior [ RunTime:0.000692s ]
INFO: [ app_end ] --END-- [ RunTime:0.000782s ]

[ 2016-08-26T17:56:28+08:00 ] ::1 /oaReport/index.php?s=/Home/Index/cNum
INFO: [ app_init ] --START--
INFO: Run Behavior\BuildLiteBehavior [ RunTime:0.000023s ]
INFO: [ app_init ] --END-- [ RunTime:0.000377s ]
INFO: [ app_begin ] --START--
INFO: Run Behavior\ReadHtmlCacheBehavior [ RunTime:0.000494s ]
INFO: [ app_begin ] --END-- [ RunTime:0.000604s ]
NOTIC: [8192] mysql_connect(): The mysql extension is deprecated and will be removed in the future: use mysqli or PDO instead C:\wamp\www\oaReport\ThinkPHP\Library\Think\Db\Driver\Mysql.class.php 第 52 行.
SQL: SHOW COLUMNS FROM `ClaimPay` [ RunTime:0.002103s ]
SQL: SELECT ClaimPay.Claim_ID,Contract.Contract_ID,GongCheng.GC_ID,Suptract.Suptract_ID,ClaimPay.Claim_Shoukuan,ClaimPay.Claim_ShuoMing,ClaimPay.Claim_Amount,GongCheng.GC_Name,GongCheng.GC_Memo,GongCheng.GC_JuesuanGC,Material.Material_Name,ComeOutBody.Qty,ComeOutBody.Price,GongCheng.Creator,GongCheng.GC_StartDate,GongCheng.GC_EndDate,ClaimPay.Createtime,ComeOutHead.Tape_No FROM `ClaimPay` LEFT JOIN Claim_Gongcheng ON ClaimPay.Claim_ID = Claim_Gongcheng.Claim_ID LEFT JOIN GongCheng ON Claim_Gongcheng.GC_ID = GongCheng.GC_ID LEFT JOIN ComeOutHead ON GongCheng.GC_ID = ComeOutHead.GC_Id LEFT JOIN Contract ON GongCheng.Contract_ID = Contract.Contract_ID LEFT JOIN ComeOutBody ON ComeOutHead.Tape_No =ComeOutBody.Tape_No LEFT JOIN Material ON ComeOutBody.Material_Id =Material.Material_Id LEFT JOIN Claim_Contract ON ClaimPay.Claim_ID = Claim_Contract.Claim_ID LEFT JOIN ComeAPOutHead ON Contract.Contract_ID = ComeAPOutHead.Contract_Id LEFT JOIN Claim_ComeIn ON ClaimPay.Claim_ID = Claim_ComeIn.Claim_ID LEFT JOIN ComeInHead ON Claim_ComeIn.Tape_No = ComeInHead.Tape_No LEFT JOIN ComeInBody ON ComeInHead.Tape_No = ComeInBody.Tape_No LEFT JOIN Claim_Suptract ON ClaimPay.Claim_ID = Claim_Suptract.Claim_ID LEFT JOIN Suptract ON Claim_Suptract.Suptract_ID = Suptract.Supplier_Id  WHERE ( ClaimPay.Claim_ID = 'CP-1569' ) GROUP BY GongCheng.GC_ID,Contract.Contract_ID,ComeInHead.Tape_No,Suptract.Suptract_ID ORDER BY ClaimPay.Createtime ASC  [ RunTime:0.874628s ]

[ 2016-08-26T18:04:17+08:00 ] ::1 /oaReport/index.php?s=/Home/Index/cNum
INFO: [ app_init ] --START--
INFO: Run Behavior\BuildLiteBehavior [ RunTime:0.000023s ]
INFO: [ app_init ] --END-- [ RunTime:0.000458s ]
INFO: [ app_begin ] --START--
INFO: Run Behavior\ReadHtmlCacheBehavior [ RunTime:0.000640s ]
INFO: [ app_begin ] --END-- [ RunTime:0.000745s ]
NOTIC: [8192] mysql_connect(): The mysql extension is deprecated and will be removed in the future: use mysqli or PDO instead C:\wamp\www\oaReport\ThinkPHP\Library\Think\Db\Driver\Mysql.class.php 第 52 行.
SQL: SHOW COLUMNS FROM `ClaimPay` [ RunTime:0.001911s ]
SQL: SELECT ClaimPay.Claim_ID,Contract.Contract_ID,GongCheng.GC_ID,Suptract.Suptract_ID,ClaimPay.Claim_Shoukuan,ClaimPay.Claim_ShuoMing,ClaimPay.Claim_Amount,GongCheng.GC_Name,GongCheng.GC_Memo,GongCheng.GC_JuesuanGC,Material.Material_Name,ComeOutBody.Qty,ComeOutBody.Price,GongCheng.Creator,GongCheng.GC_StartDate,GongCheng.GC_EndDate,ClaimPay.Createtime,ComeOutHead.Tape_No FROM `ClaimPay` LEFT JOIN Claim_Gongcheng ON ClaimPay.Claim_ID = Claim_Gongcheng.Claim_ID LEFT JOIN GongCheng ON Claim_Gongcheng.GC_ID = GongCheng.GC_ID LEFT JOIN Contract ON GongCheng.Contract_ID = Contract.Contract_ID LEFT JOIN ComeOutHead ON Contract.Contract_ID = ComeOutHead.Contract_Id LEFT JOIN ComeOutBody ON ComeOutHead.Tape_No =ComeOutBody.Tape_No LEFT JOIN Material ON ComeOutBody.Material_Id =Material.Material_Id LEFT JOIN Claim_Contract ON ClaimPay.Claim_ID = Claim_Contract.Claim_ID LEFT JOIN ComeAPOutHead ON Contract.Contract_ID = ComeAPOutHead.Contract_Id LEFT JOIN Claim_ComeIn ON ClaimPay.Claim_ID = Claim_ComeIn.Claim_ID LEFT JOIN ComeInHead ON Claim_ComeIn.Tape_No = ComeInHead.Tape_No LEFT JOIN ComeInBody ON ComeInHead.Tape_No = ComeInBody.Tape_No LEFT JOIN Claim_Suptract ON ClaimPay.Claim_ID = Claim_Suptract.Claim_ID LEFT JOIN Suptract ON Claim_Suptract.Suptract_ID = Suptract.Supplier_Id  WHERE ( ClaimPay.Claim_ID = 'CP-1569' ) GROUP BY GongCheng.GC_ID,Contract.Contract_ID,ComeInHead.Tape_No,Suptract.Suptract_ID ORDER BY ClaimPay.Createtime ASC  [ RunTime:3.066637s ]

[ 2016-08-26T18:06:06+08:00 ] ::1 /oaReport/index.php?s=/Home/Index/cNum
INFO: [ app_init ] --START--
INFO: Run Behavior\BuildLiteBehavior [ RunTime:0.000023s ]
INFO: [ app_init ] --END-- [ RunTime:0.000389s ]
INFO: [ app_begin ] --START--
INFO: Run Behavior\ReadHtmlCacheBehavior [ RunTime:0.000539s ]
INFO: [ app_begin ] --END-- [ RunTime:0.000656s ]
NOTIC: [8192] mysql_connect(): The mysql extension is deprecated and will be removed in the future: use mysqli or PDO instead C:\wamp\www\oaReport\ThinkPHP\Library\Think\Db\Driver\Mysql.class.php 第 52 行.
SQL: SHOW COLUMNS FROM `ClaimPay` [ RunTime:0.001851s ]
SQL: SELECT ClaimPay.Claim_ID,Contract.Contract_ID,GongCheng.GC_ID,Suptract.Suptract_ID,ClaimPay.Claim_Shoukuan,ClaimPay.Claim_ShuoMing,ClaimPay.Claim_Amount,GongCheng.GC_Name,GongCheng.GC_Memo,GongCheng.GC_JuesuanGC,ComeOutHead.Tape_No,Material.Material_Name,ComeOutBody.Qty,ComeOutBody.Price,GongCheng.Creator,GongCheng.GC_StartDate,GongCheng.GC_EndDate,ClaimPay.Createtime,`` FROM `ClaimPay` LEFT JOIN Claim_Gongcheng ON ClaimPay.Claim_ID = Claim_Gongcheng.Claim_ID LEFT JOIN GongCheng ON Claim_Gongcheng.GC_ID = GongCheng.GC_ID LEFT JOIN Contract ON GongCheng.Contract_ID = Contract.Contract_ID LEFT JOIN ComeOutHead ON Contract.Contract_ID = ComeOutHead.Contract_Id LEFT JOIN ComeOutBody ON ComeOutHead.Tape_No =ComeOutBody.Tape_No LEFT JOIN Material ON ComeOutBody.Material_Id =Material.Material_Id LEFT JOIN Claim_Contract ON ClaimPay.Claim_ID = Claim_Contract.Claim_ID LEFT JOIN ComeAPOutHead ON Contract.Contract_ID = ComeAPOutHead.Contract_Id LEFT JOIN Claim_ComeIn ON ClaimPay.Claim_ID = Claim_ComeIn.Claim_ID LEFT JOIN ComeInHead ON Claim_ComeIn.Tape_No = ComeInHead.Tape_No LEFT JOIN ComeInBody ON ComeInHead.Tape_No = ComeInBody.Tape_No LEFT JOIN Claim_Suptract ON ClaimPay.Claim_ID = Claim_Suptract.Claim_ID LEFT JOIN Suptract ON Claim_Suptract.Suptract_ID = Suptract.Supplier_Id  WHERE ( ClaimPay.Claim_ID = 'CP-1569' ) GROUP BY GongCheng.GC_ID,Contract.Contract_ID,ComeInHead.Tape_No,Suptract.Suptract_ID ORDER BY ClaimPay.Createtime ASC  [ RunTime:0.002007s ]
ERR: 1054:Unknown column '' in 'field list'
 [ SQL语句 ] : SELECT ClaimPay.Claim_ID,Contract.Contract_ID,GongCheng.GC_ID,Suptract.Suptract_ID,ClaimPay.Claim_Shoukuan,ClaimPay.Claim_ShuoMing,ClaimPay.Claim_Amount,GongCheng.GC_Name,GongCheng.GC_Memo,GongCheng.GC_JuesuanGC,ComeOutHead.Tape_No,Material.Material_Name,ComeOutBody.Qty,ComeOutBody.Price,GongCheng.Creator,GongCheng.GC_StartDate,GongCheng.GC_EndDate,ClaimPay.Createtime,`` FROM `ClaimPay` LEFT JOIN Claim_Gongcheng ON ClaimPay.Claim_ID = Claim_Gongcheng.Claim_ID LEFT JOIN GongCheng ON Claim_Gongcheng.GC_ID = GongCheng.GC_ID LEFT JOIN Contract ON GongCheng.Contract_ID = Contract.Contract_ID LEFT JOIN ComeOutHead ON Contract.Contract_ID = ComeOutHead.Contract_Id LEFT JOIN ComeOutBody ON ComeOutHead.Tape_No =ComeOutBody.Tape_No LEFT JOIN Material ON ComeOutBody.Material_Id =Material.Material_Id LEFT JOIN Claim_Contract ON ClaimPay.Claim_ID = Claim_Contract.Claim_ID LEFT JOIN ComeAPOutHead ON Contract.Contract_ID = ComeAPOutHead.Contract_Id LEFT JOIN Claim_ComeIn ON ClaimPay.Claim_ID = Claim_ComeIn.Claim_ID LEFT JOIN ComeInHead ON Claim_ComeIn.Tape_No = ComeInHead.Tape_No LEFT JOIN ComeInBody ON ComeInHead.Tape_No = ComeInBody.Tape_No LEFT JOIN Claim_Suptract ON ClaimPay.Claim_ID = Claim_Suptract.Claim_ID LEFT JOIN Suptract ON Claim_Suptract.Suptract_ID = Suptract.Supplier_Id  WHERE ( ClaimPay.Claim_ID = 'CP-1569' ) GROUP BY GongCheng.GC_ID,Contract.Contract_ID,ComeInHead.Tape_No,Suptract.Suptract_ID ORDER BY ClaimPay.Createtime ASC 

[ 2016-08-26T18:07:53+08:00 ] ::1 /oaReport/
INFO: [ app_init ] --START--
INFO: Run Behavior\BuildLiteBehavior [ RunTime:0.000024s ]
INFO: [ app_init ] --END-- [ RunTime:0.000484s ]
INFO: [ app_begin ] --START--
INFO: Run Behavior\ReadHtmlCacheBehavior [ RunTime:0.000755s ]
INFO: [ app_begin ] --END-- [ RunTime:0.000876s ]
INFO: [ view_parse ] --START--
NOTIC: [8] Undefined offset: 1 C:\wamp\www\oaReport\ThinkPHP\Library\Think\Template\TagLib\Cx.class.php 第 495 行.
NOTIC: [8] Undefined offset: 1 C:\wamp\www\oaReport\ThinkPHP\Library\Think\Template\TagLib\Cx.class.php 第 495 行.
INFO: [ template_filter ] --START--
INFO: Run Behavior\ContentReplaceBehavior [ RunTime:0.000064s ]
INFO: [ template_filter ] --END-- [ RunTime:0.000167s ]
INFO: Run Behavior\ParseTemplateBehavior [ RunTime:0.007209s ]
INFO: [ view_parse ] --END-- [ RunTime:0.007324s ]
INFO: [ view_filter ] --START--
INFO: Run Behavior\WriteHtmlCacheBehavior [ RunTime:0.000647s ]
INFO: [ view_filter ] --END-- [ RunTime:0.000751s ]
INFO: [ app_end ] --START--
INFO: Run Behavior\ShowPageTraceBehavior [ RunTime:0.000927s ]
INFO: [ app_end ] --END-- [ RunTime:0.001057s ]

[ 2016-08-26T18:07:55+08:00 ] ::1 /oaReport/index.php?s=/Home/Index/cNum
INFO: [ app_init ] --START--
INFO: Run Behavior\BuildLiteBehavior [ RunTime:0.000035s ]
INFO: [ app_init ] --END-- [ RunTime:0.000468s ]
INFO: [ app_begin ] --START--
INFO: Run Behavior\ReadHtmlCacheBehavior [ RunTime:0.000461s ]
INFO: [ app_begin ] --END-- [ RunTime:0.000558s ]
NOTIC: [8192] mysql_connect(): The mysql extension is deprecated and will be removed in the future: use mysqli or PDO instead C:\wamp\www\oaReport\ThinkPHP\Library\Think\Db\Driver\Mysql.class.php 第 52 行.
SQL: SHOW COLUMNS FROM `ClaimPay` [ RunTime:0.001771s ]
SQL: SELECT ClaimPay.Claim_ID,Contract.Contract_ID,GongCheng.GC_ID,Suptract.Suptract_ID,ClaimPay.Claim_Shoukuan,ClaimPay.Claim_ShuoMing,ClaimPay.Claim_Amount,GongCheng.GC_Name,GongCheng.GC_Memo,GongCheng.GC_JuesuanGC,ComeOutHead.Tape_No			
				Material.Material_Name,ComeOutBody.Qty,ComeOutBody.Price,GongCheng.Creator,GongCheng.GC_StartDate,GongCheng.GC_EndDate,ClaimPay.Createtime FROM `ClaimPay` LEFT JOIN Claim_Gongcheng ON ClaimPay.Claim_ID = Claim_Gongcheng.Claim_ID LEFT JOIN GongCheng ON Claim_Gongcheng.GC_ID = GongCheng.GC_ID LEFT JOIN Contract ON GongCheng.Contract_ID = Contract.Contract_ID LEFT JOIN ComeOutHead ON Contract.Contract_ID = ComeOutHead.Contract_Id LEFT JOIN ComeOutBody ON ComeOutHead.Tape_No =ComeOutBody.Tape_No LEFT JOIN Material ON ComeOutBody.Material_Id =Material.Material_Id LEFT JOIN Claim_Contract ON ClaimPay.Claim_ID = Claim_Contract.Claim_ID LEFT JOIN ComeAPOutHead ON Contract.Contract_ID = ComeAPOutHead.Contract_Id LEFT JOIN Claim_ComeIn ON ClaimPay.Claim_ID = Claim_ComeIn.Claim_ID LEFT JOIN ComeInHead ON Claim_ComeIn.Tape_No = ComeInHead.Tape_No LEFT JOIN ComeInBody ON ComeInHead.Tape_No = ComeInBody.Tape_No LEFT JOIN Claim_Suptract ON ClaimPay.Claim_ID = Claim_Suptract.Claim_ID LEFT JOIN Suptract ON Claim_Suptract.Suptract_ID = Suptract.Supplier_Id  WHERE ( ClaimPay.Claim_ID = 'CP-1569' ) GROUP BY GongCheng.GC_ID,Contract.Contract_ID,ComeInHead.Tape_No,Suptract.Suptract_ID ORDER BY ClaimPay.Createtime ASC  [ RunTime:0.006778s ]
ERR: 1064:You have an error in your SQL syntax; check the manual that corresponds to your MySQL server version for the right syntax to use near '.Material_Name,ComeOutBody.Qty,ComeOutBody.Price,GongCheng.Creator,GongCheng.GC_' at line 2
 [ SQL语句 ] : SELECT ClaimPay.Claim_ID,Contract.Contract_ID,GongCheng.GC_ID,Suptract.Suptract_ID,ClaimPay.Claim_Shoukuan,ClaimPay.Claim_ShuoMing,ClaimPay.Claim_Amount,GongCheng.GC_Name,GongCheng.GC_Memo,GongCheng.GC_JuesuanGC,ComeOutHead.Tape_No			
				Material.Material_Name,ComeOutBody.Qty,ComeOutBody.Price,GongCheng.Creator,GongCheng.GC_StartDate,GongCheng.GC_EndDate,ClaimPay.Createtime FROM `ClaimPay` LEFT JOIN Claim_Gongcheng ON ClaimPay.Claim_ID = Claim_Gongcheng.Claim_ID LEFT JOIN GongCheng ON Claim_Gongcheng.GC_ID = GongCheng.GC_ID LEFT JOIN Contract ON GongCheng.Contract_ID = Contract.Contract_ID LEFT JOIN ComeOutHead ON Contract.Contract_ID = ComeOutHead.Contract_Id LEFT JOIN ComeOutBody ON ComeOutHead.Tape_No =ComeOutBody.Tape_No LEFT JOIN Material ON ComeOutBody.Material_Id =Material.Material_Id LEFT JOIN Claim_Contract ON ClaimPay.Claim_ID = Claim_Contract.Claim_ID LEFT JOIN ComeAPOutHead ON Contract.Contract_ID = ComeAPOutHead.Contract_Id LEFT JOIN Claim_ComeIn ON ClaimPay.Claim_ID = Claim_ComeIn.Claim_ID LEFT JOIN ComeInHead ON Claim_ComeIn.Tape_No = ComeInHead.Tape_No LEFT JOIN ComeInBody ON ComeInHead.Tape_No = ComeInBody.Tape_No LEFT JOIN Claim_Suptract ON ClaimPay.Claim_ID = Claim_Suptract.Claim_ID LEFT JOIN Suptract ON Claim_Suptract.Suptract_ID = Suptract.Supplier_Id  WHERE ( ClaimPay.Claim_ID = 'CP-1569' ) GROUP BY GongCheng.GC_ID,Contract.Contract_ID,ComeInHead.Tape_No,Suptract.Suptract_ID ORDER BY ClaimPay.Createtime ASC 

[ 2016-08-26T18:09:06+08:00 ] ::1 /oaReport/index.php?s=/Home/Index/cNum
INFO: [ app_init ] --START--
INFO: Run Behavior\BuildLiteBehavior [ RunTime:0.000034s ]
INFO: [ app_init ] --END-- [ RunTime:0.000453s ]
INFO: [ app_begin ] --START--
INFO: Run Behavior\ReadHtmlCacheBehavior [ RunTime:0.000505s ]
INFO: [ app_begin ] --END-- [ RunTime:0.000614s ]
NOTIC: [8192] mysql_connect(): The mysql extension is deprecated and will be removed in the future: use mysqli or PDO instead C:\wamp\www\oaReport\ThinkPHP\Library\Think\Db\Driver\Mysql.class.php 第 52 行.
SQL: SHOW COLUMNS FROM `ClaimPay` [ RunTime:0.002093s ]
SQL: SELECT ClaimPay.Claim_ID,Contract.Contract_ID,GongCheng.GC_ID,Suptract.Suptract_ID,ClaimPay.Claim_Shoukuan,ClaimPay.Claim_ShuoMing,ClaimPay.Claim_Amount,GongCheng.GC_Name,GongCheng.GC_Memo,GongCheng.GC_JuesuanGC,Material.Material_Name,ComeOutBody.Qty,ComeOutBody.Price,GongCheng.Creator,GongCheng.GC_StartDate,GongCheng.GC_EndDate,ClaimPay.Createtime,ComeOutHead.Tape_No FROM `ClaimPay` LEFT JOIN Claim_Gongcheng ON ClaimPay.Claim_ID = Claim_Gongcheng.Claim_ID LEFT JOIN GongCheng ON Claim_Gongcheng.GC_ID = GongCheng.GC_ID LEFT JOIN Contract ON GongCheng.Contract_ID = Contract.Contract_ID LEFT JOIN ComeOutHead ON Contract. = ComeOutHead.GC_Id LEFT JOIN ComeOutBody ON ComeOutHead.Tape_No =ComeOutBody.Tape_No LEFT JOIN Material ON ComeOutBody.Material_Id =Material.Material_Id LEFT JOIN Claim_Contract ON ClaimPay.Claim_ID = Claim_Contract.Claim_ID LEFT JOIN ComeAPOutHead ON Contract.Contract_ID = ComeAPOutHead.Contract_Id LEFT JOIN Claim_ComeIn ON ClaimPay.Claim_ID = Claim_ComeIn.Claim_ID LEFT JOIN ComeInHead ON Claim_ComeIn.Tape_No = ComeInHead.Tape_No LEFT JOIN ComeInBody ON ComeInHead.Tape_No = ComeInBody.Tape_No LEFT JOIN Claim_Suptract ON ClaimPay.Claim_ID = Claim_Suptract.Claim_ID LEFT JOIN Suptract ON Claim_Suptract.Suptract_ID = Suptract.Supplier_Id  WHERE ( ClaimPay.Claim_ID = 'CP-1569' ) GROUP BY GongCheng.GC_ID,Contract.Contract_ID,ComeInHead.Tape_No,Suptract.Suptract_ID ORDER BY ClaimPay.Createtime ASC  [ RunTime:0.001943s ]
ERR: 1064:You have an error in your SQL syntax; check the manual that corresponds to your MySQL server version for the right syntax to use near '= ComeOutHead.GC_Id LEFT JOIN ComeOutBody ON ComeOutHead.Tape_No =ComeOutBody.Ta' at line 1
 [ SQL语句 ] : SELECT ClaimPay.Claim_ID,Contract.Contract_ID,GongCheng.GC_ID,Suptract.Suptract_ID,ClaimPay.Claim_Shoukuan,ClaimPay.Claim_ShuoMing,ClaimPay.Claim_Amount,GongCheng.GC_Name,GongCheng.GC_Memo,GongCheng.GC_JuesuanGC,Material.Material_Name,ComeOutBody.Qty,ComeOutBody.Price,GongCheng.Creator,GongCheng.GC_StartDate,GongCheng.GC_EndDate,ClaimPay.Createtime,ComeOutHead.Tape_No FROM `ClaimPay` LEFT JOIN Claim_Gongcheng ON ClaimPay.Claim_ID = Claim_Gongcheng.Claim_ID LEFT JOIN GongCheng ON Claim_Gongcheng.GC_ID = GongCheng.GC_ID LEFT JOIN Contract ON GongCheng.Contract_ID = Contract.Contract_ID LEFT JOIN ComeOutHead ON Contract. = ComeOutHead.GC_Id LEFT JOIN ComeOutBody ON ComeOutHead.Tape_No =ComeOutBody.Tape_No LEFT JOIN Material ON ComeOutBody.Material_Id =Material.Material_Id LEFT JOIN Claim_Contract ON ClaimPay.Claim_ID = Claim_Contract.Claim_ID LEFT JOIN ComeAPOutHead ON Contract.Contract_ID = ComeAPOutHead.Contract_Id LEFT JOIN Claim_ComeIn ON ClaimPay.Claim_ID = Claim_ComeIn.Claim_ID LEFT JOIN ComeInHead ON Claim_ComeIn.Tape_No = ComeInHead.Tape_No LEFT JOIN ComeInBody ON ComeInHead.Tape_No = ComeInBody.Tape_No LEFT JOIN Claim_Suptract ON ClaimPay.Claim_ID = Claim_Suptract.Claim_ID LEFT JOIN Suptract ON Claim_Suptract.Suptract_ID = Suptract.Supplier_Id  WHERE ( ClaimPay.Claim_ID = 'CP-1569' ) GROUP BY GongCheng.GC_ID,Contract.Contract_ID,ComeInHead.Tape_No,Suptract.Suptract_ID ORDER BY ClaimPay.Createtime ASC 

[ 2016-08-26T18:09:09+08:00 ] ::1 /oaReport/
INFO: [ app_init ] --START--
INFO: Run Behavior\BuildLiteBehavior [ RunTime:0.000024s ]
INFO: [ app_init ] --END-- [ RunTime:0.000387s ]
INFO: [ app_begin ] --START--
INFO: Run Behavior\ReadHtmlCacheBehavior [ RunTime:0.000513s ]
INFO: [ app_begin ] --END-- [ RunTime:0.000623s ]
INFO: [ view_parse ] --START--
NOTIC: [8] Undefined offset: 1 C:\wamp\www\oaReport\ThinkPHP\Library\Think\Template\TagLib\Cx.class.php 第 495 行.
NOTIC: [8] Undefined offset: 1 C:\wamp\www\oaReport\ThinkPHP\Library\Think\Template\TagLib\Cx.class.php 第 495 行.
INFO: [ template_filter ] --START--
INFO: Run Behavior\ContentReplaceBehavior [ RunTime:0.000068s ]
INFO: [ template_filter ] --END-- [ RunTime:0.000210s ]
INFO: Run Behavior\ParseTemplateBehavior [ RunTime:0.007579s ]
INFO: [ view_parse ] --END-- [ RunTime:0.007694s ]
INFO: [ view_filter ] --START--
INFO: Run Behavior\WriteHtmlCacheBehavior [ RunTime:0.000654s ]
INFO: [ view_filter ] --END-- [ RunTime:0.000757s ]
INFO: [ app_end ] --START--
INFO: Run Behavior\ShowPageTraceBehavior [ RunTime:0.000809s ]
INFO: [ app_end ] --END-- [ RunTime:0.000912s ]

[ 2016-08-26T18:09:10+08:00 ] ::1 /oaReport/index.php?s=/Home/Index/cNum
INFO: [ app_init ] --START--
INFO: Run Behavior\BuildLiteBehavior [ RunTime:0.000024s ]
INFO: [ app_init ] --END-- [ RunTime:0.000384s ]
INFO: [ app_begin ] --START--
INFO: Run Behavior\ReadHtmlCacheBehavior [ RunTime:0.000508s ]
INFO: [ app_begin ] --END-- [ RunTime:0.000619s ]
NOTIC: [8192] mysql_connect(): The mysql extension is deprecated and will be removed in the future: use mysqli or PDO instead C:\wamp\www\oaReport\ThinkPHP\Library\Think\Db\Driver\Mysql.class.php 第 52 行.
SQL: SHOW COLUMNS FROM `ClaimPay` [ RunTime:0.002391s ]
SQL: SELECT ClaimPay.Claim_ID,Contract.Contract_ID,GongCheng.GC_ID,Suptract.Suptract_ID,ClaimPay.Claim_Shoukuan,ClaimPay.Claim_ShuoMing,ClaimPay.Claim_Amount,GongCheng.GC_Name,GongCheng.GC_Memo,GongCheng.GC_JuesuanGC,Material.Material_Name,ComeOutBody.Qty,ComeOutBody.Price,GongCheng.Creator,GongCheng.GC_StartDate,GongCheng.GC_EndDate,ClaimPay.Createtime,ComeOutHead.Tape_No FROM `ClaimPay` LEFT JOIN Claim_Gongcheng ON ClaimPay.Claim_ID = Claim_Gongcheng.Claim_ID LEFT JOIN GongCheng ON Claim_Gongcheng.GC_ID = GongCheng.GC_ID LEFT JOIN Contract ON GongCheng.Contract_ID = Contract.Contract_ID LEFT JOIN ComeOutHead ON Contract. = ComeOutHead.GC_Id LEFT JOIN ComeOutBody ON ComeOutHead.Tape_No =ComeOutBody.Tape_No LEFT JOIN Material ON ComeOutBody.Material_Id =Material.Material_Id LEFT JOIN Claim_Contract ON ClaimPay.Claim_ID = Claim_Contract.Claim_ID LEFT JOIN ComeAPOutHead ON Contract.Contract_ID = ComeAPOutHead.Contract_Id LEFT JOIN Claim_ComeIn ON ClaimPay.Claim_ID = Claim_ComeIn.Claim_ID LEFT JOIN ComeInHead ON Claim_ComeIn.Tape_No = ComeInHead.Tape_No LEFT JOIN ComeInBody ON ComeInHead.Tape_No = ComeInBody.Tape_No LEFT JOIN Claim_Suptract ON ClaimPay.Claim_ID = Claim_Suptract.Claim_ID LEFT JOIN Suptract ON Claim_Suptract.Suptract_ID = Suptract.Supplier_Id  WHERE ( ClaimPay.Claim_ID = 'CP-1569' ) GROUP BY GongCheng.GC_ID,Contract.Contract_ID,ComeInHead.Tape_No,Suptract.Suptract_ID ORDER BY ClaimPay.Createtime ASC  [ RunTime:0.001967s ]
ERR: 1064:You have an error in your SQL syntax; check the manual that corresponds to your MySQL server version for the right syntax to use near '= ComeOutHead.GC_Id LEFT JOIN ComeOutBody ON ComeOutHead.Tape_No =ComeOutBody.Ta' at line 1
 [ SQL语句 ] : SELECT ClaimPay.Claim_ID,Contract.Contract_ID,GongCheng.GC_ID,Suptract.Suptract_ID,ClaimPay.Claim_Shoukuan,ClaimPay.Claim_ShuoMing,ClaimPay.Claim_Amount,GongCheng.GC_Name,GongCheng.GC_Memo,GongCheng.GC_JuesuanGC,Material.Material_Name,ComeOutBody.Qty,ComeOutBody.Price,GongCheng.Creator,GongCheng.GC_StartDate,GongCheng.GC_EndDate,ClaimPay.Createtime,ComeOutHead.Tape_No FROM `ClaimPay` LEFT JOIN Claim_Gongcheng ON ClaimPay.Claim_ID = Claim_Gongcheng.Claim_ID LEFT JOIN GongCheng ON Claim_Gongcheng.GC_ID = GongCheng.GC_ID LEFT JOIN Contract ON GongCheng.Contract_ID = Contract.Contract_ID LEFT JOIN ComeOutHead ON Contract. = ComeOutHead.GC_Id LEFT JOIN ComeOutBody ON ComeOutHead.Tape_No =ComeOutBody.Tape_No LEFT JOIN Material ON ComeOutBody.Material_Id =Material.Material_Id LEFT JOIN Claim_Contract ON ClaimPay.Claim_ID = Claim_Contract.Claim_ID LEFT JOIN ComeAPOutHead ON Contract.Contract_ID = ComeAPOutHead.Contract_Id LEFT JOIN Claim_ComeIn ON ClaimPay.Claim_ID = Claim_ComeIn.Claim_ID LEFT JOIN ComeInHead ON Claim_ComeIn.Tape_No = ComeInHead.Tape_No LEFT JOIN ComeInBody ON ComeInHead.Tape_No = ComeInBody.Tape_No LEFT JOIN Claim_Suptract ON ClaimPay.Claim_ID = Claim_Suptract.Claim_ID LEFT JOIN Suptract ON Claim_Suptract.Suptract_ID = Suptract.Supplier_Id  WHERE ( ClaimPay.Claim_ID = 'CP-1569' ) GROUP BY GongCheng.GC_ID,Contract.Contract_ID,ComeInHead.Tape_No,Suptract.Suptract_ID ORDER BY ClaimPay.Createtime ASC 

[ 2016-08-26T18:10:02+08:00 ] ::1 /oaReport/
INFO: [ app_init ] --START--
INFO: Run Behavior\BuildLiteBehavior [ RunTime:0.000023s ]
INFO: [ app_init ] --END-- [ RunTime:0.000464s ]
INFO: [ app_begin ] --START--
INFO: Run Behavior\ReadHtmlCacheBehavior [ RunTime:0.000673s ]
INFO: [ app_begin ] --END-- [ RunTime:0.000775s ]
INFO: [ view_parse ] --START--
NOTIC: [8] Undefined offset: 1 C:\wamp\www\oaReport\ThinkPHP\Library\Think\Template\TagLib\Cx.class.php 第 495 行.
NOTIC: [8] Undefined offset: 1 C:\wamp\www\oaReport\ThinkPHP\Library\Think\Template\TagLib\Cx.class.php 第 495 行.
INFO: [ template_filter ] --START--
INFO: Run Behavior\ContentReplaceBehavior [ RunTime:0.000056s ]
INFO: [ template_filter ] --END-- [ RunTime:0.000146s ]
INFO: Run Behavior\ParseTemplateBehavior [ RunTime:0.006584s ]
INFO: [ view_parse ] --END-- [ RunTime:0.006683s ]
INFO: [ view_filter ] --START--
INFO: Run Behavior\WriteHtmlCacheBehavior [ RunTime:0.000591s ]
INFO: [ view_filter ] --END-- [ RunTime:0.000682s ]
INFO: [ app_end ] --START--
INFO: Run Behavior\ShowPageTraceBehavior [ RunTime:0.000779s ]
INFO: [ app_end ] --END-- [ RunTime:0.000878s ]

[ 2016-08-26T18:10:08+08:00 ] ::1 /oaReport/index.php?s=/Home/Index/cNum
INFO: [ app_init ] --START--
INFO: Run Behavior\BuildLiteBehavior [ RunTime:0.000022s ]
INFO: [ app_init ] --END-- [ RunTime:0.000380s ]
INFO: [ app_begin ] --START--
INFO: Run Behavior\ReadHtmlCacheBehavior [ RunTime:0.000490s ]
INFO: [ app_begin ] --END-- [ RunTime:0.000599s ]
NOTIC: [8192] mysql_connect(): The mysql extension is deprecated and will be removed in the future: use mysqli or PDO instead C:\wamp\www\oaReport\ThinkPHP\Library\Think\Db\Driver\Mysql.class.php 第 52 行.
SQL: SHOW COLUMNS FROM `ClaimPay` [ RunTime:0.001742s ]
SQL: SELECT ClaimPay.Claim_ID,Contract.Contract_ID,GongCheng.GC_ID,Suptract.Suptract_ID,ClaimPay.Claim_Shoukuan,ClaimPay.Claim_ShuoMing,ClaimPay.Claim_Amount,GongCheng.GC_Name,GongCheng.GC_Memo,GongCheng.GC_JuesuanGC,Material.Material_Name,ComeOutBody.Qty,ComeOutBody.Price,GongCheng.Creator,GongCheng.GC_StartDate,GongCheng.GC_EndDate,ClaimPay.Createtime,ComeOutHead.Tape_No FROM `ClaimPay` LEFT JOIN Claim_Gongcheng ON ClaimPay.Claim_ID = Claim_Gongcheng.Claim_ID LEFT JOIN GongCheng ON Claim_Gongcheng.GC_ID = GongCheng.GC_ID LEFT JOIN Contract ON GongCheng.Contract_ID = Contract.Contract_ID LEFT JOIN ComeOutHead ON Contract.Contract_ID = ComeOutHead.Contract_Id LEFT JOIN ComeOutBody ON ComeOutHead.Tape_No =ComeOutBody.Tape_No LEFT JOIN Material ON ComeOutBody.Material_Id =Material.Material_Id LEFT JOIN Claim_Contract ON ClaimPay.Claim_ID = Claim_Contract.Claim_ID LEFT JOIN ComeAPOutHead ON Contract.Contract_ID = ComeAPOutHead.Contract_Id LEFT JOIN Claim_ComeIn ON ClaimPay.Claim_ID = Claim_ComeIn.Claim_ID LEFT JOIN ComeInHead ON Claim_ComeIn.Tape_No = ComeInHead.Tape_No LEFT JOIN ComeInBody ON ComeInHead.Tape_No = ComeInBody.Tape_No LEFT JOIN Claim_Suptract ON ClaimPay.Claim_ID = Claim_Suptract.Claim_ID LEFT JOIN Suptract ON Claim_Suptract.Suptract_ID = Suptract.Supplier_Id  WHERE ( ClaimPay.Claim_ID = 'CP-1569' ) GROUP BY GongCheng.GC_ID,Contract.Contract_ID,ComeInHead.Tape_No,Suptract.Suptract_ID ORDER BY ClaimPay.Createtime ASC  [ RunTime:3.065627s ]

[ 2016-08-26T18:10:42+08:00 ] ::1 /oaReport/
INFO: [ app_init ] --START--
INFO: Run Behavior\BuildLiteBehavior [ RunTime:0.000022s ]
INFO: [ app_init ] --END-- [ RunTime:0.000378s ]
INFO: [ app_begin ] --START--
INFO: Run Behavior\ReadHtmlCacheBehavior [ RunTime:0.000500s ]
INFO: [ app_begin ] --END-- [ RunTime:0.000608s ]
INFO: [ view_parse ] --START--
NOTIC: [8] Undefined offset: 1 C:\wamp\www\oaReport\ThinkPHP\Library\Think\Template\TagLib\Cx.class.php 第 495 行.
NOTIC: [8] Undefined offset: 1 C:\wamp\www\oaReport\ThinkPHP\Library\Think\Template\TagLib\Cx.class.php 第 495 行.
INFO: [ template_filter ] --START--
INFO: Run Behavior\ContentReplaceBehavior [ RunTime:0.000066s ]
INFO: [ template_filter ] --END-- [ RunTime:0.000173s ]
INFO: Run Behavior\ParseTemplateBehavior [ RunTime:0.007607s ]
INFO: [ view_parse ] --END-- [ RunTime:0.007716s ]
INFO: [ view_filter ] --START--
INFO: Run Behavior\WriteHtmlCacheBehavior [ RunTime:0.000667s ]
INFO: [ view_filter ] --END-- [ RunTime:0.000767s ]
INFO: [ app_end ] --START--
INFO: Run Behavior\ShowPageTraceBehavior [ RunTime:0.000782s ]
INFO: [ app_end ] --END-- [ RunTime:0.000882s ]

[ 2016-08-26T18:10:50+08:00 ] ::1 /oaReport/index.php?s=/Home/Index/cNum
INFO: [ app_init ] --START--
INFO: Run Behavior\BuildLiteBehavior [ RunTime:0.000022s ]
INFO: [ app_init ] --END-- [ RunTime:0.000371s ]
INFO: [ app_begin ] --START--
INFO: Run Behavior\ReadHtmlCacheBehavior [ RunTime:0.000504s ]
INFO: [ app_begin ] --END-- [ RunTime:0.000615s ]
NOTIC: [8192] mysql_connect(): The mysql extension is deprecated and will be removed in the future: use mysqli or PDO instead C:\wamp\www\oaReport\ThinkPHP\Library\Think\Db\Driver\Mysql.class.php 第 52 行.
SQL: SHOW COLUMNS FROM `ClaimPay` [ RunTime:0.005754s ]
SQL: SELECT ClaimPay.Claim_ID,Contract.Contract_ID,GongCheng.GC_ID,Suptract.Suptract_ID,ClaimPay.Claim_Shoukuan,ClaimPay.Claim_ShuoMing,ClaimPay.Claim_Amount,GongCheng.GC_Name,GongCheng.GC_Memo,GongCheng.GC_JuesuanGC,ComeOutHead.Tape_No,Material.Material_Name,ComeOutBody.Qty,ComeOutBody.Price,GongCheng.Creator,GongCheng.GC_StartDate,GongCheng.GC_EndDate,ClaimPay.Createtime FROM `ClaimPay` LEFT JOIN Claim_Gongcheng ON ClaimPay.Claim_ID = Claim_Gongcheng.Claim_ID LEFT JOIN GongCheng ON Claim_Gongcheng.GC_ID = GongCheng.GC_ID LEFT JOIN Contract ON GongCheng.Contract_ID = Contract.Contract_ID LEFT JOIN ComeOutHead ON Contract.Contract_ID = ComeOutHead.Contract_Id LEFT JOIN ComeOutBody ON ComeOutHead.Tape_No =ComeOutBody.Tape_No LEFT JOIN Material ON ComeOutBody.Material_Id =Material.Material_Id LEFT JOIN Claim_Contract ON ClaimPay.Claim_ID = Claim_Contract.Claim_ID LEFT JOIN ComeAPOutHead ON Contract.Contract_ID = ComeAPOutHead.Contract_Id LEFT JOIN Claim_ComeIn ON ClaimPay.Claim_ID = Claim_ComeIn.Claim_ID LEFT JOIN ComeInHead ON Claim_ComeIn.Tape_No = ComeInHead.Tape_No LEFT JOIN ComeInBody ON ComeInHead.Tape_No = ComeInBody.Tape_No LEFT JOIN Claim_Suptract ON ClaimPay.Claim_ID = Claim_Suptract.Claim_ID LEFT JOIN Suptract ON Claim_Suptract.Suptract_ID = Suptract.Supplier_Id  WHERE ( ClaimPay.Claim_ID = 'CP-1569' ) GROUP BY GongCheng.GC_ID,Contract.Contract_ID,ComeInHead.Tape_No,Suptract.Suptract_ID ORDER BY ClaimPay.Createtime ASC  [ RunTime:3.067422s ]

[ 2016-08-26T18:16:14+08:00 ] ::1 /oaReport/index.php?s=/Home/Index/cNum
INFO: [ app_init ] --START--
INFO: Run Behavior\BuildLiteBehavior [ RunTime:0.000023s ]
INFO: [ app_init ] --END-- [ RunTime:0.000494s ]
INFO: [ app_begin ] --START--
INFO: Run Behavior\ReadHtmlCacheBehavior [ RunTime:0.000726s ]
INFO: [ app_begin ] --END-- [ RunTime:0.000841s ]
NOTIC: [8192] mysql_connect(): The mysql extension is deprecated and will be removed in the future: use mysqli or PDO instead C:\wamp\www\oaReport\ThinkPHP\Library\Think\Db\Driver\Mysql.class.php 第 52 行.
SQL: SHOW COLUMNS FROM `ClaimPay` [ RunTime:0.001890s ]
SQL: SELECT ClaimPay.Claim_ID,Contract.Contract_ID,GongCheng.GC_ID,ClaimPay.Claim_Shoukuan,ClaimPay.Claim_ShuoMing,ClaimPay.Claim_Amount,GongCheng.GC_Name,GongCheng.GC_Memo,GongCheng.GC_JuesuanGC,ComeOutHead.Tape_No,Material.Material_Name,ComeOutBody.Qty,ComeOutBody.Price,GongCheng.Creator,GongCheng.GC_StartDate,GongCheng.GC_EndDate,ClaimPay.Createtime FROM `ClaimPay` LEFT JOIN Claim_Gongcheng ON ClaimPay.Claim_ID = Claim_Gongcheng.Claim_ID LEFT JOIN GongCheng ON Claim_Gongcheng.GC_ID = GongCheng.GC_ID LEFT JOIN Contract ON GongCheng.Contract_ID = Contract.Contract_ID LEFT JOIN ComeOutHead ON Contract.Contract_ID = ComeOutHead.Contract_Id LEFT JOIN ComeOutBody ON ComeOutHead.Tape_No =ComeOutBody.Tape_No LEFT JOIN Material ON ComeOutBody.Material_Id =Material.Material_Id LEFT JOIN Claim_Contract ON ClaimPay.Claim_ID = Claim_Contract.Claim_ID LEFT JOIN ComeAPOutHead ON Contract.Contract_ID = ComeAPOutHead.Contract_Id LEFT JOIN Claim_ComeIn ON ClaimPay.Claim_ID = Claim_ComeIn.Claim_ID LEFT JOIN ComeInHead ON Claim_ComeIn.Tape_No = ComeInHead.Tape_No LEFT JOIN ComeInBody ON ComeInHead.Tape_No = ComeInBody.Tape_No LEFT JOIN Claim_Suptract ON ClaimPay.Claim_ID = Claim_Suptract.Claim_ID LEFT JOIN Suptract ON Claim_Suptract.Suptract_ID = Suptract.Supplier_Id  WHERE ( ClaimPay.Claim_ID = 'CP-1569' ) GROUP BY GongCheng.GC_ID,Contract.Contract_ID,ComeInHead.Tape_No,Suptract.Suptract_ID ORDER BY ClaimPay.Createtime ASC  [ RunTime:3.070247s ]

